[2023-06-30 11:07:54] ERROR: uncaughtException: тип Unable to compile TypeScript:
[96msrc/database/models/book.model.ts[0m:[93m45[0m:[93m22[0m - [91merror[0m[90m TS2345: [0mArgument of type '{ id: { autoIncrement: true; type: Sequelize.IntegerDataTypeConstructor; allowNull: false; primaryKey: true; }; title: { type: Sequelize.StringDataType; allowNull: false; }; publicationDate: { ...; }; genre: { ...; }; price: { ...; }; quantity: { ...; }; }' is not assignable to parameter of type 'ModelAttributes<Book, Optional<BookAttributes, never>>'.
  Type '{ id: { autoIncrement: true; type: IntegerDataTypeConstructor; allowNull: false; primaryKey: true; }; title: { type: StringDataType; allowNull: false; }; publicationDate: { ...; }; genre: { ...; }; price: { ...; }; quantity: { ...; }; }' is missing the following properties from type 'ModelAttributes<Book, Optional<BookAttributes, never>>': createdAt, updatedAt

[7m 45[0m     return Book.init({
[7m   [0m [91m                     ~[0m
[7m 46[0m     id: {
[7m   [0m [91m~~~~~~~~~[0m
[7m...[0m 
[7m 72[0m     }
[7m   [0m [91m~~~~~[0m
[7m 73[0m   }, {
[7m   [0m [91m~~~[0m

TSError: тип Unable to compile TypeScript:
[96msrc/database/models/book.model.ts[0m:[93m45[0m:[93m22[0m - [91merror[0m[90m TS2345: [0mArgument of type '{ id: { autoIncrement: true; type: Sequelize.IntegerDataTypeConstructor; allowNull: false; primaryKey: true; }; title: { type: Sequelize.StringDataType; allowNull: false; }; publicationDate: { ...; }; genre: { ...; }; price: { ...; }; quantity: { ...; }; }' is not assignable to parameter of type 'ModelAttributes<Book, Optional<BookAttributes, never>>'.
  Type '{ id: { autoIncrement: true; type: IntegerDataTypeConstructor; allowNull: false; primaryKey: true; }; title: { type: StringDataType; allowNull: false; }; publicationDate: { ...; }; genre: { ...; }; price: { ...; }; quantity: { ...; }; }' is missing the following properties from type 'ModelAttributes<Book, Optional<BookAttributes, never>>': createdAt, updatedAt

[7m 45[0m     return Book.init({
[7m   [0m [91m                     ~[0m
[7m 46[0m     id: {
[7m   [0m [91m~~~~~~~~~[0m
[7m...[0m 
[7m 72[0m     }
[7m   [0m [91m~~~~~[0m
[7m 73[0m   }, {
[7m   [0m [91m~~~[0m

    at createTSError (C:\Users\Intelory\Desktop\LD\node_modules\ts-node\src\index.ts:859:12)
    at reportTSError (C:\Users\Intelory\Desktop\LD\node_modules\ts-node\src\index.ts:863:19)
    at getOutput (C:\Users\Intelory\Desktop\LD\node_modules\ts-node\src\index.ts:1077:36)
    at Object.compile (C:\Users\Intelory\Desktop\LD\node_modules\ts-node\src\index.ts:1433:41)
    at Module.m._compile (C:\Users\Intelory\Desktop\LD\node_modules\ts-node\src\index.ts:1617:30)
    at Module._extensions..js (node:internal/modules/cjs/loader:1308:10)
    at Object.require.extensions.<computed> [as .ts] (C:\Users\Intelory\Desktop\LD\node_modules\ts-node\src\index.ts:1621:12)
    at Module.load (node:internal/modules/cjs/loader:1117:32)
    at Function.Module._load (node:internal/modules/cjs/loader:958:12)
    at Module.require (node:internal/modules/cjs/loader:1141:19)
[2023-06-30 11:08:11] ERROR: uncaughtException: тип Unable to compile TypeScript:
[96msrc/database/models/book.model.ts[0m:[93m45[0m:[93m22[0m - [91merror[0m[90m TS2345: [0mArgument of type '{ id: { autoIncrement: true; type: Sequelize.IntegerDataTypeConstructor; allowNull: false; primaryKey: true; }; title: { type: Sequelize.StringDataType; allowNull: false; }; publicationDate: { ...; }; genre: { ...; }; price: { ...; }; quantity: { ...; }; }' is not assignable to parameter of type 'ModelAttributes<Book, Optional<BookAttributes, never>>'.
  Type '{ id: { autoIncrement: true; type: IntegerDataTypeConstructor; allowNull: false; primaryKey: true; }; title: { type: StringDataType; allowNull: false; }; publicationDate: { ...; }; genre: { ...; }; price: { ...; }; quantity: { ...; }; }' is missing the following properties from type 'ModelAttributes<Book, Optional<BookAttributes, never>>': createdAt, updatedAt

[7m 45[0m     return Book.init({
[7m   [0m [91m                     ~[0m
[7m 46[0m     id: {
[7m   [0m [91m~~~~~~~~~[0m
[7m...[0m 
[7m 72[0m     }
[7m   [0m [91m~~~~~[0m
[7m 73[0m   }, {
[7m   [0m [91m~~~[0m

TSError: тип Unable to compile TypeScript:
[96msrc/database/models/book.model.ts[0m:[93m45[0m:[93m22[0m - [91merror[0m[90m TS2345: [0mArgument of type '{ id: { autoIncrement: true; type: Sequelize.IntegerDataTypeConstructor; allowNull: false; primaryKey: true; }; title: { type: Sequelize.StringDataType; allowNull: false; }; publicationDate: { ...; }; genre: { ...; }; price: { ...; }; quantity: { ...; }; }' is not assignable to parameter of type 'ModelAttributes<Book, Optional<BookAttributes, never>>'.
  Type '{ id: { autoIncrement: true; type: IntegerDataTypeConstructor; allowNull: false; primaryKey: true; }; title: { type: StringDataType; allowNull: false; }; publicationDate: { ...; }; genre: { ...; }; price: { ...; }; quantity: { ...; }; }' is missing the following properties from type 'ModelAttributes<Book, Optional<BookAttributes, never>>': createdAt, updatedAt

[7m 45[0m     return Book.init({
[7m   [0m [91m                     ~[0m
[7m 46[0m     id: {
[7m   [0m [91m~~~~~~~~~[0m
[7m...[0m 
[7m 72[0m     }
[7m   [0m [91m~~~~~[0m
[7m 73[0m   }, {
[7m   [0m [91m~~~[0m

    at createTSError (C:\Users\Intelory\Desktop\LD\node_modules\ts-node\src\index.ts:859:12)
    at reportTSError (C:\Users\Intelory\Desktop\LD\node_modules\ts-node\src\index.ts:863:19)
    at getOutput (C:\Users\Intelory\Desktop\LD\node_modules\ts-node\src\index.ts:1077:36)
    at Object.compile (C:\Users\Intelory\Desktop\LD\node_modules\ts-node\src\index.ts:1433:41)
    at Module.m._compile (C:\Users\Intelory\Desktop\LD\node_modules\ts-node\src\index.ts:1617:30)
    at Module._extensions..js (node:internal/modules/cjs/loader:1308:10)
    at Object.require.extensions.<computed> [as .ts] (C:\Users\Intelory\Desktop\LD\node_modules\ts-node\src\index.ts:1621:12)
    at Module.load (node:internal/modules/cjs/loader:1117:32)
    at Function.Module._load (node:internal/modules/cjs/loader:958:12)
    at Module.require (node:internal/modules/cjs/loader:1141:19)
[2023-06-30 11:08:25] ERROR: uncaughtException: тип Unable to compile TypeScript:
[96msrc/database/models/book.model.ts[0m:[93m45[0m:[93m22[0m - [91merror[0m[90m TS2345: [0mArgument of type '{ id: { autoIncrement: true; type: Sequelize.IntegerDataTypeConstructor; allowNull: false; primaryKey: true; }; title: { type: Sequelize.StringDataType; allowNull: false; }; publicationDate: { ...; }; genre: { ...; }; price: { ...; }; quantity: { ...; }; }' is not assignable to parameter of type 'ModelAttributes<Book, Optional<BookAttributes, never>>'.
  Type '{ id: { autoIncrement: true; type: IntegerDataTypeConstructor; allowNull: false; primaryKey: true; }; title: { type: StringDataType; allowNull: false; }; publicationDate: { ...; }; genre: { ...; }; price: { ...; }; quantity: { ...; }; }' is missing the following properties from type 'ModelAttributes<Book, Optional<BookAttributes, never>>': createdAt, updatedAt

[7m 45[0m     return Book.init({
[7m   [0m [91m                     ~[0m
[7m 46[0m     id: {
[7m   [0m [91m~~~~~~~~~[0m
[7m...[0m 
[7m 72[0m     }
[7m   [0m [91m~~~~~[0m
[7m 73[0m   }, {
[7m   [0m [91m~~~[0m

TSError: тип Unable to compile TypeScript:
[96msrc/database/models/book.model.ts[0m:[93m45[0m:[93m22[0m - [91merror[0m[90m TS2345: [0mArgument of type '{ id: { autoIncrement: true; type: Sequelize.IntegerDataTypeConstructor; allowNull: false; primaryKey: true; }; title: { type: Sequelize.StringDataType; allowNull: false; }; publicationDate: { ...; }; genre: { ...; }; price: { ...; }; quantity: { ...; }; }' is not assignable to parameter of type 'ModelAttributes<Book, Optional<BookAttributes, never>>'.
  Type '{ id: { autoIncrement: true; type: IntegerDataTypeConstructor; allowNull: false; primaryKey: true; }; title: { type: StringDataType; allowNull: false; }; publicationDate: { ...; }; genre: { ...; }; price: { ...; }; quantity: { ...; }; }' is missing the following properties from type 'ModelAttributes<Book, Optional<BookAttributes, never>>': createdAt, updatedAt

[7m 45[0m     return Book.init({
[7m   [0m [91m                     ~[0m
[7m 46[0m     id: {
[7m   [0m [91m~~~~~~~~~[0m
[7m...[0m 
[7m 72[0m     }
[7m   [0m [91m~~~~~[0m
[7m 73[0m   }, {
[7m   [0m [91m~~~[0m

    at createTSError (C:\Users\Intelory\Desktop\LD\node_modules\ts-node\src\index.ts:859:12)
    at reportTSError (C:\Users\Intelory\Desktop\LD\node_modules\ts-node\src\index.ts:863:19)
    at getOutput (C:\Users\Intelory\Desktop\LD\node_modules\ts-node\src\index.ts:1077:36)
    at Object.compile (C:\Users\Intelory\Desktop\LD\node_modules\ts-node\src\index.ts:1433:41)
    at Module.m._compile (C:\Users\Intelory\Desktop\LD\node_modules\ts-node\src\index.ts:1617:30)
    at Module._extensions..js (node:internal/modules/cjs/loader:1308:10)
    at Object.require.extensions.<computed> [as .ts] (C:\Users\Intelory\Desktop\LD\node_modules\ts-node\src\index.ts:1621:12)
    at Module.load (node:internal/modules/cjs/loader:1117:32)
    at Function.Module._load (node:internal/modules/cjs/loader:958:12)
    at Module.require (node:internal/modules/cjs/loader:1141:19)
[2023-06-30 11:08:40] ERROR: uncaughtException: тип Unable to compile TypeScript:
[96msrc/database/models/book.model.ts[0m:[93m45[0m:[93m22[0m - [91merror[0m[90m TS2345: [0mArgument of type '{ id: { autoIncrement: true; type: Sequelize.IntegerDataTypeConstructor; allowNull: false; primaryKey: true; }; title: { type: Sequelize.StringDataType; allowNull: false; }; publicationDate: { ...; }; genre: { ...; }; price: { ...; }; quantity: { ...; }; }' is not assignable to parameter of type 'ModelAttributes<Book, Optional<BookAttributes, never>>'.
  Type '{ id: { autoIncrement: true; type: IntegerDataTypeConstructor; allowNull: false; primaryKey: true; }; title: { type: StringDataType; allowNull: false; }; publicationDate: { ...; }; genre: { ...; }; price: { ...; }; quantity: { ...; }; }' is missing the following properties from type 'ModelAttributes<Book, Optional<BookAttributes, never>>': createdAt, updatedAt

[7m 45[0m     return Book.init({
[7m   [0m [91m                     ~[0m
[7m 46[0m     id: {
[7m   [0m [91m~~~~~~~~~[0m
[7m...[0m 
[7m 72[0m     }
[7m   [0m [91m~~~~~[0m
[7m 73[0m   }, {
[7m   [0m [91m~~~[0m

TSError: тип Unable to compile TypeScript:
[96msrc/database/models/book.model.ts[0m:[93m45[0m:[93m22[0m - [91merror[0m[90m TS2345: [0mArgument of type '{ id: { autoIncrement: true; type: Sequelize.IntegerDataTypeConstructor; allowNull: false; primaryKey: true; }; title: { type: Sequelize.StringDataType; allowNull: false; }; publicationDate: { ...; }; genre: { ...; }; price: { ...; }; quantity: { ...; }; }' is not assignable to parameter of type 'ModelAttributes<Book, Optional<BookAttributes, never>>'.
  Type '{ id: { autoIncrement: true; type: IntegerDataTypeConstructor; allowNull: false; primaryKey: true; }; title: { type: StringDataType; allowNull: false; }; publicationDate: { ...; }; genre: { ...; }; price: { ...; }; quantity: { ...; }; }' is missing the following properties from type 'ModelAttributes<Book, Optional<BookAttributes, never>>': createdAt, updatedAt

[7m 45[0m     return Book.init({
[7m   [0m [91m                     ~[0m
[7m 46[0m     id: {
[7m   [0m [91m~~~~~~~~~[0m
[7m...[0m 
[7m 72[0m     }
[7m   [0m [91m~~~~~[0m
[7m 73[0m   }, {
[7m   [0m [91m~~~[0m

    at createTSError (C:\Users\Intelory\Desktop\LD\node_modules\ts-node\src\index.ts:859:12)
    at reportTSError (C:\Users\Intelory\Desktop\LD\node_modules\ts-node\src\index.ts:863:19)
    at getOutput (C:\Users\Intelory\Desktop\LD\node_modules\ts-node\src\index.ts:1077:36)
    at Object.compile (C:\Users\Intelory\Desktop\LD\node_modules\ts-node\src\index.ts:1433:41)
    at Module.m._compile (C:\Users\Intelory\Desktop\LD\node_modules\ts-node\src\index.ts:1617:30)
    at Module._extensions..js (node:internal/modules/cjs/loader:1308:10)
    at Object.require.extensions.<computed> [as .ts] (C:\Users\Intelory\Desktop\LD\node_modules\ts-node\src\index.ts:1621:12)
    at Module.load (node:internal/modules/cjs/loader:1117:32)
    at Function.Module._load (node:internal/modules/cjs/loader:958:12)
    at Module.require (node:internal/modules/cjs/loader:1141:19)
[2023-06-30 11:09:04] ERROR: uncaughtException: тип Unable to compile TypeScript:
[96msrc/database/models/book.model.ts[0m:[93m45[0m:[93m22[0m - [91merror[0m[90m TS2345: [0mArgument of type '{ id: { autoIncrement: true; type: Sequelize.IntegerDataTypeConstructor; allowNull: false; primaryKey: true; }; title: { type: Sequelize.StringDataType; allowNull: false; }; publicationDate: { ...; }; genre: { ...; }; price: { ...; }; quantity: { ...; }; }' is not assignable to parameter of type 'ModelAttributes<Book, Optional<BookAttributes, never>>'.
  Type '{ id: { autoIncrement: true; type: IntegerDataTypeConstructor; allowNull: false; primaryKey: true; }; title: { type: StringDataType; allowNull: false; }; publicationDate: { ...; }; genre: { ...; }; price: { ...; }; quantity: { ...; }; }' is missing the following properties from type 'ModelAttributes<Book, Optional<BookAttributes, never>>': createdAt, updatedAt

[7m 45[0m     return Book.init({
[7m   [0m [91m                     ~[0m
[7m 46[0m     id: {
[7m   [0m [91m~~~~~~~~~[0m
[7m...[0m 
[7m 72[0m     }
[7m   [0m [91m~~~~~[0m
[7m 73[0m   }, {
[7m   [0m [91m~~~[0m

TSError: тип Unable to compile TypeScript:
[96msrc/database/models/book.model.ts[0m:[93m45[0m:[93m22[0m - [91merror[0m[90m TS2345: [0mArgument of type '{ id: { autoIncrement: true; type: Sequelize.IntegerDataTypeConstructor; allowNull: false; primaryKey: true; }; title: { type: Sequelize.StringDataType; allowNull: false; }; publicationDate: { ...; }; genre: { ...; }; price: { ...; }; quantity: { ...; }; }' is not assignable to parameter of type 'ModelAttributes<Book, Optional<BookAttributes, never>>'.
  Type '{ id: { autoIncrement: true; type: IntegerDataTypeConstructor; allowNull: false; primaryKey: true; }; title: { type: StringDataType; allowNull: false; }; publicationDate: { ...; }; genre: { ...; }; price: { ...; }; quantity: { ...; }; }' is missing the following properties from type 'ModelAttributes<Book, Optional<BookAttributes, never>>': createdAt, updatedAt

[7m 45[0m     return Book.init({
[7m   [0m [91m                     ~[0m
[7m 46[0m     id: {
[7m   [0m [91m~~~~~~~~~[0m
[7m...[0m 
[7m 72[0m     }
[7m   [0m [91m~~~~~[0m
[7m 73[0m   }, {
[7m   [0m [91m~~~[0m

    at createTSError (C:\Users\Intelory\Desktop\LD\node_modules\ts-node\src\index.ts:859:12)
    at reportTSError (C:\Users\Intelory\Desktop\LD\node_modules\ts-node\src\index.ts:863:19)
    at getOutput (C:\Users\Intelory\Desktop\LD\node_modules\ts-node\src\index.ts:1077:36)
    at Object.compile (C:\Users\Intelory\Desktop\LD\node_modules\ts-node\src\index.ts:1433:41)
    at Module.m._compile (C:\Users\Intelory\Desktop\LD\node_modules\ts-node\src\index.ts:1617:30)
    at Module._extensions..js (node:internal/modules/cjs/loader:1308:10)
    at Object.require.extensions.<computed> [as .ts] (C:\Users\Intelory\Desktop\LD\node_modules\ts-node\src\index.ts:1621:12)
    at Module.load (node:internal/modules/cjs/loader:1117:32)
    at Function.Module._load (node:internal/modules/cjs/loader:958:12)
    at Module.require (node:internal/modules/cjs/loader:1141:19)
[2023-06-30 11:09:20] ERROR: uncaughtException: тип Unable to compile TypeScript:
[96msrc/database/models/bookAuthor.model.ts[0m:[93m35[0m:[93m28[0m - [91merror[0m[90m TS2345: [0mArgument of type '{ id: { type: Sequelize.IntegerDataTypeConstructor; allowNull: false; references: { model: string; key: string; }; }; authorId: { type: Sequelize.IntegerDataTypeConstructor; allowNull: false; references: { ...; }; }; }' is not assignable to parameter of type 'ModelAttributes<BookAuthor, Optional<BookAuthorAttributes, never>>'.
  Type '{ id: { type: IntegerDataTypeConstructor; allowNull: false; references: { model: string; key: string; }; }; authorId: { type: IntegerDataTypeConstructor; allowNull: false; references: { ...; }; }; }' is missing the following properties from type 'ModelAttributes<BookAuthor, Optional<BookAuthorAttributes, never>>': createdAt, updatedAt

[7m 35[0m     return BookAuthor.init({
[7m   [0m [91m                           ~[0m
[7m 36[0m     id: {
[7m   [0m [91m~~~~~~~~~[0m
[7m...[0m 
[7m 51[0m     }
[7m   [0m [91m~~~~~[0m
[7m 52[0m   }, {
[7m   [0m [91m~~~[0m

TSError: тип Unable to compile TypeScript:
[96msrc/database/models/bookAuthor.model.ts[0m:[93m35[0m:[93m28[0m - [91merror[0m[90m TS2345: [0mArgument of type '{ id: { type: Sequelize.IntegerDataTypeConstructor; allowNull: false; references: { model: string; key: string; }; }; authorId: { type: Sequelize.IntegerDataTypeConstructor; allowNull: false; references: { ...; }; }; }' is not assignable to parameter of type 'ModelAttributes<BookAuthor, Optional<BookAuthorAttributes, never>>'.
  Type '{ id: { type: IntegerDataTypeConstructor; allowNull: false; references: { model: string; key: string; }; }; authorId: { type: IntegerDataTypeConstructor; allowNull: false; references: { ...; }; }; }' is missing the following properties from type 'ModelAttributes<BookAuthor, Optional<BookAuthorAttributes, never>>': createdAt, updatedAt

[7m 35[0m     return BookAuthor.init({
[7m   [0m [91m                           ~[0m
[7m 36[0m     id: {
[7m   [0m [91m~~~~~~~~~[0m
[7m...[0m 
[7m 51[0m     }
[7m   [0m [91m~~~~~[0m
[7m 52[0m   }, {
[7m   [0m [91m~~~[0m

    at createTSError (C:\Users\Intelory\Desktop\LD\node_modules\ts-node\src\index.ts:859:12)
    at reportTSError (C:\Users\Intelory\Desktop\LD\node_modules\ts-node\src\index.ts:863:19)
    at getOutput (C:\Users\Intelory\Desktop\LD\node_modules\ts-node\src\index.ts:1077:36)
    at Object.compile (C:\Users\Intelory\Desktop\LD\node_modules\ts-node\src\index.ts:1433:41)
    at Module.m._compile (C:\Users\Intelory\Desktop\LD\node_modules\ts-node\src\index.ts:1617:30)
    at Module._extensions..js (node:internal/modules/cjs/loader:1308:10)
    at Object.require.extensions.<computed> [as .ts] (C:\Users\Intelory\Desktop\LD\node_modules\ts-node\src\index.ts:1621:12)
    at Module.load (node:internal/modules/cjs/loader:1117:32)
    at Function.Module._load (node:internal/modules/cjs/loader:958:12)
    at Module.require (node:internal/modules/cjs/loader:1141:19)
[2023-06-30 11:09:26] ERROR: uncaughtException: A column called 'id' was added to the attributes of 'book_authors' but not marked with 'primaryKey: true'
Error: A column called 'id' was added to the attributes of 'book_authors' but not marked with 'primaryKey: true'
    at Function._addDefaultAttributes (C:\Users\Intelory\Desktop\LD\node_modules\sequelize\src\model.js:252:15)
    at Function.init (C:\Users\Intelory\Desktop\LD\node_modules\sequelize\src\model.js:1105:10)
    at Function.initModel (C:\Users\Intelory\Desktop\LD\src\database\models\bookAuthor.model.ts:35:23)
    at C:\Users\Intelory\Desktop\LD\src\database\index.ts:84:39
    at Array.forEach (<anonymous>)
    at Object.<anonymous> (C:\Users\Intelory\Desktop\LD\src\database\index.ts:82:21)
    at Module._compile (node:internal/modules/cjs/loader:1254:14)
    at Module.m._compile (C:\Users\Intelory\Desktop\LD\node_modules\ts-node\src\index.ts:1618:23)
    at Module._extensions..js (node:internal/modules/cjs/loader:1308:10)
    at Object.require.extensions.<computed> [as .ts] (C:\Users\Intelory\Desktop\LD\node_modules\ts-node\src\index.ts:1621:12)
[2023-06-30 11:09:38] ERROR: uncaughtException: A column called 'id' was added to the attributes of 'book_authors' but not marked with 'primaryKey: true'
Error: A column called 'id' was added to the attributes of 'book_authors' but not marked with 'primaryKey: true'
    at Function._addDefaultAttributes (C:\Users\Intelory\Desktop\LD\node_modules\sequelize\src\model.js:252:15)
    at Function.init (C:\Users\Intelory\Desktop\LD\node_modules\sequelize\src\model.js:1105:10)
    at Function.initModel (C:\Users\Intelory\Desktop\LD\src\database\models\bookAuthor.model.ts:35:23)
    at C:\Users\Intelory\Desktop\LD\src\database\index.ts:84:39
    at Array.forEach (<anonymous>)
    at Object.<anonymous> (C:\Users\Intelory\Desktop\LD\src\database\index.ts:82:21)
    at Module._compile (node:internal/modules/cjs/loader:1254:14)
    at Module.m._compile (C:\Users\Intelory\Desktop\LD\node_modules\ts-node\src\index.ts:1618:23)
    at Module._extensions..js (node:internal/modules/cjs/loader:1308:10)
    at Object.require.extensions.<computed> [as .ts] (C:\Users\Intelory\Desktop\LD\node_modules\ts-node\src\index.ts:1621:12)
[2023-06-30 11:10:36] ERROR: uncaughtException: A column called 'id' was added to the attributes of 'book_authors' but not marked with 'primaryKey: true'
Error: A column called 'id' was added to the attributes of 'book_authors' but not marked with 'primaryKey: true'
    at Function._addDefaultAttributes (C:\Users\Intelory\Desktop\LD\node_modules\sequelize\src\model.js:252:15)
    at Function.init (C:\Users\Intelory\Desktop\LD\node_modules\sequelize\src\model.js:1105:10)
    at Function.initModel (C:\Users\Intelory\Desktop\LD\src\database\models\bookAuthor.model.ts:35:23)
    at C:\Users\Intelory\Desktop\LD\src\database\index.ts:84:39
    at Array.forEach (<anonymous>)
    at Object.<anonymous> (C:\Users\Intelory\Desktop\LD\src\database\index.ts:82:21)
    at Module._compile (node:internal/modules/cjs/loader:1254:14)
    at Module.m._compile (C:\Users\Intelory\Desktop\LD\node_modules\ts-node\src\index.ts:1618:23)
    at Module._extensions..js (node:internal/modules/cjs/loader:1308:10)
    at Object.require.extensions.<computed> [as .ts] (C:\Users\Intelory\Desktop\LD\node_modules\ts-node\src\index.ts:1621:12)
[2023-06-30 11:10:56] ERROR: uncaughtException: A column called 'id' was added to the attributes of 'book_authors' but not marked with 'primaryKey: true'
Error: A column called 'id' was added to the attributes of 'book_authors' but not marked with 'primaryKey: true'
    at Function._addDefaultAttributes (C:\Users\Intelory\Desktop\LD\node_modules\sequelize\src\model.js:252:15)
    at Function.init (C:\Users\Intelory\Desktop\LD\node_modules\sequelize\src\model.js:1105:10)
    at Function.initModel (C:\Users\Intelory\Desktop\LD\src\database\models\bookAuthor.model.ts:35:23)
    at C:\Users\Intelory\Desktop\LD\src\database\index.ts:84:39
    at Array.forEach (<anonymous>)
    at Object.<anonymous> (C:\Users\Intelory\Desktop\LD\src\database\index.ts:82:21)
    at Module._compile (node:internal/modules/cjs/loader:1254:14)
    at Module.m._compile (C:\Users\Intelory\Desktop\LD\node_modules\ts-node\src\index.ts:1618:23)
    at Module._extensions..js (node:internal/modules/cjs/loader:1308:10)
    at Object.require.extensions.<computed> [as .ts] (C:\Users\Intelory\Desktop\LD\node_modules\ts-node\src\index.ts:1621:12)
[2023-06-30 11:11:27] ERROR: uncaughtException: A column called 'id' was added to the attributes of 'book_authors' but not marked with 'primaryKey: true'
Error: A column called 'id' was added to the attributes of 'book_authors' but not marked with 'primaryKey: true'
    at Function._addDefaultAttributes (C:\Users\Intelory\Desktop\LD\node_modules\sequelize\src\model.js:252:15)
    at Function.init (C:\Users\Intelory\Desktop\LD\node_modules\sequelize\src\model.js:1105:10)
    at Function.initModel (C:\Users\Intelory\Desktop\LD\src\database\models\bookAuthor.model.ts:41:23)
    at C:\Users\Intelory\Desktop\LD\src\database\index.ts:84:39
    at Array.forEach (<anonymous>)
    at Object.<anonymous> (C:\Users\Intelory\Desktop\LD\src\database\index.ts:82:21)
    at Module._compile (node:internal/modules/cjs/loader:1254:14)
    at Module.m._compile (C:\Users\Intelory\Desktop\LD\node_modules\ts-node\src\index.ts:1618:23)
    at Module._extensions..js (node:internal/modules/cjs/loader:1308:10)
    at Object.require.extensions.<computed> [as .ts] (C:\Users\Intelory\Desktop\LD\node_modules\ts-node\src\index.ts:1621:12)
[2023-06-30 11:11:39] ERROR: uncaughtException: A column called 'id' was added to the attributes of 'book_authors' but not marked with 'primaryKey: true'
Error: A column called 'id' was added to the attributes of 'book_authors' but not marked with 'primaryKey: true'
    at Function._addDefaultAttributes (C:\Users\Intelory\Desktop\LD\node_modules\sequelize\src\model.js:252:15)
    at Function.init (C:\Users\Intelory\Desktop\LD\node_modules\sequelize\src\model.js:1105:10)
    at Function.initModel (C:\Users\Intelory\Desktop\LD\src\database\models\bookAuthor.model.ts:41:23)
    at C:\Users\Intelory\Desktop\LD\src\database\index.ts:84:39
    at Array.forEach (<anonymous>)
    at Object.<anonymous> (C:\Users\Intelory\Desktop\LD\src\database\index.ts:82:21)
    at Module._compile (node:internal/modules/cjs/loader:1254:14)
    at Module.m._compile (C:\Users\Intelory\Desktop\LD\node_modules\ts-node\src\index.ts:1618:23)
    at Module._extensions..js (node:internal/modules/cjs/loader:1308:10)
    at Object.require.extensions.<computed> [as .ts] (C:\Users\Intelory\Desktop\LD\node_modules\ts-node\src\index.ts:1621:12)
[2023-06-30 11:11:50] ERROR: uncaughtException: A column called 'id' was added to the attributes of 'book_authors' but not marked with 'primaryKey: true'
Error: A column called 'id' was added to the attributes of 'book_authors' but not marked with 'primaryKey: true'
    at Function._addDefaultAttributes (C:\Users\Intelory\Desktop\LD\node_modules\sequelize\src\model.js:252:15)
    at Function.init (C:\Users\Intelory\Desktop\LD\node_modules\sequelize\src\model.js:1105:10)
    at Function.initModel (C:\Users\Intelory\Desktop\LD\src\database\models\bookAuthor.model.ts:41:23)
    at C:\Users\Intelory\Desktop\LD\src\database\index.ts:84:39
    at Array.forEach (<anonymous>)
    at Object.<anonymous> (C:\Users\Intelory\Desktop\LD\src\database\index.ts:82:21)
    at Module._compile (node:internal/modules/cjs/loader:1254:14)
    at Module.m._compile (C:\Users\Intelory\Desktop\LD\node_modules\ts-node\src\index.ts:1618:23)
    at Module._extensions..js (node:internal/modules/cjs/loader:1308:10)
    at Object.require.extensions.<computed> [as .ts] (C:\Users\Intelory\Desktop\LD\node_modules\ts-node\src\index.ts:1621:12)
[2023-06-30 11:14:42] ERROR: uncaughtException: A column called 'id' was added to the attributes of 'book_authors' but not marked with 'primaryKey: true'
Error: A column called 'id' was added to the attributes of 'book_authors' but not marked with 'primaryKey: true'
    at Function._addDefaultAttributes (C:\Users\Intelory\Desktop\LD\node_modules\sequelize\src\model.js:252:15)
    at Function.init (C:\Users\Intelory\Desktop\LD\node_modules\sequelize\src\model.js:1105:10)
    at Function.initModel (C:\Users\Intelory\Desktop\LD\src\database\models\bookAuthor.model.ts:41:23)
    at C:\Users\Intelory\Desktop\LD\src\database\index.ts:84:39
    at Array.forEach (<anonymous>)
    at Object.<anonymous> (C:\Users\Intelory\Desktop\LD\src\database\index.ts:82:21)
    at Module._compile (node:internal/modules/cjs/loader:1254:14)
    at Module.m._compile (C:\Users\Intelory\Desktop\LD\node_modules\ts-node\src\index.ts:1618:23)
    at Module._extensions..js (node:internal/modules/cjs/loader:1308:10)
    at Object.require.extensions.<computed> [as .ts] (C:\Users\Intelory\Desktop\LD\node_modules\ts-node\src\index.ts:1621:12)
[2023-06-30 11:15:19] ERROR: uncaughtException: A column called 'id' was added to the attributes of 'book_authors' but not marked with 'primaryKey: true'
Error: A column called 'id' was added to the attributes of 'book_authors' but not marked with 'primaryKey: true'
    at Function._addDefaultAttributes (C:\Users\Intelory\Desktop\LD\node_modules\sequelize\src\model.js:252:15)
    at Function.init (C:\Users\Intelory\Desktop\LD\node_modules\sequelize\src\model.js:1105:10)
    at Function.initModel (C:\Users\Intelory\Desktop\LD\src\database\models\bookAuthor.model.ts:41:23)
    at C:\Users\Intelory\Desktop\LD\src\database\index.ts:84:39
    at Array.forEach (<anonymous>)
    at Object.<anonymous> (C:\Users\Intelory\Desktop\LD\src\database\index.ts:82:21)
    at Module._compile (node:internal/modules/cjs/loader:1254:14)
    at Module.m._compile (C:\Users\Intelory\Desktop\LD\node_modules\ts-node\src\index.ts:1618:23)
    at Module._extensions..js (node:internal/modules/cjs/loader:1308:10)
    at Object.require.extensions.<computed> [as .ts] (C:\Users\Intelory\Desktop\LD\node_modules\ts-node\src\index.ts:1621:12)
[2023-06-30 11:15:45] ERROR: uncaughtException: A column called 'id' was added to the attributes of 'book_authors' but not marked with 'primaryKey: true'
Error: A column called 'id' was added to the attributes of 'book_authors' but not marked with 'primaryKey: true'
    at Function._addDefaultAttributes (C:\Users\Intelory\Desktop\LD\node_modules\sequelize\src\model.js:252:15)
    at Function.init (C:\Users\Intelory\Desktop\LD\node_modules\sequelize\src\model.js:1105:10)
    at Function.initModel (C:\Users\Intelory\Desktop\LD\src\database\models\bookAuthor.model.ts:41:23)
    at C:\Users\Intelory\Desktop\LD\src\database\index.ts:84:39
    at Array.forEach (<anonymous>)
    at Object.<anonymous> (C:\Users\Intelory\Desktop\LD\src\database\index.ts:82:21)
    at Module._compile (node:internal/modules/cjs/loader:1254:14)
    at Module.m._compile (C:\Users\Intelory\Desktop\LD\node_modules\ts-node\src\index.ts:1618:23)
    at Module._extensions..js (node:internal/modules/cjs/loader:1308:10)
    at Object.require.extensions.<computed> [as .ts] (C:\Users\Intelory\Desktop\LD\node_modules\ts-node\src\index.ts:1621:12)
[2023-06-30 12:20:22] ERROR: uncaughtException: A column called 'id' was added to the attributes of 'book_authors' but not marked with 'primaryKey: true'
Error: A column called 'id' was added to the attributes of 'book_authors' but not marked with 'primaryKey: true'
    at Function._addDefaultAttributes (C:\Users\Intelory\Desktop\LD\node_modules\sequelize\src\model.js:252:15)
    at Function.init (C:\Users\Intelory\Desktop\LD\node_modules\sequelize\src\model.js:1105:10)
    at Function.initModel (C:\Users\Intelory\Desktop\LD\src\database\models\bookAuthor.model.ts:42:23)
    at C:\Users\Intelory\Desktop\LD\src\database\index.ts:84:39
    at Array.forEach (<anonymous>)
    at Object.<anonymous> (C:\Users\Intelory\Desktop\LD\src\database\index.ts:82:21)
    at Module._compile (node:internal/modules/cjs/loader:1254:14)
    at Module.m._compile (C:\Users\Intelory\Desktop\LD\node_modules\ts-node\src\index.ts:1618:23)
    at Module._extensions..js (node:internal/modules/cjs/loader:1308:10)
    at Object.require.extensions.<computed> [as .ts] (C:\Users\Intelory\Desktop\LD\node_modules\ts-node\src\index.ts:1621:12)
[2023-06-30 12:20:32] ERROR: uncaughtException: A column called 'id' was added to the attributes of 'book_authors' but not marked with 'primaryKey: true'
Error: A column called 'id' was added to the attributes of 'book_authors' but not marked with 'primaryKey: true'
    at Function._addDefaultAttributes (C:\Users\Intelory\Desktop\LD\node_modules\sequelize\src\model.js:252:15)
    at Function.init (C:\Users\Intelory\Desktop\LD\node_modules\sequelize\src\model.js:1105:10)
    at Function.initModel (C:\Users\Intelory\Desktop\LD\src\database\models\bookAuthor.model.ts:42:23)
    at C:\Users\Intelory\Desktop\LD\src\database\index.ts:84:39
    at Array.forEach (<anonymous>)
    at Object.<anonymous> (C:\Users\Intelory\Desktop\LD\src\database\index.ts:82:21)
    at Module._compile (node:internal/modules/cjs/loader:1254:14)
    at Module.m._compile (C:\Users\Intelory\Desktop\LD\node_modules\ts-node\src\index.ts:1618:23)
    at Module._extensions..js (node:internal/modules/cjs/loader:1308:10)
    at Object.require.extensions.<computed> [as .ts] (C:\Users\Intelory\Desktop\LD\node_modules\ts-node\src\index.ts:1621:12)
[2023-06-30 12:21:06] ERROR: uncaughtException: A column called 'id' was added to the attributes of 'book_authors' but not marked with 'primaryKey: true'
Error: A column called 'id' was added to the attributes of 'book_authors' but not marked with 'primaryKey: true'
    at Function._addDefaultAttributes (C:\Users\Intelory\Desktop\LD\node_modules\sequelize\src\model.js:252:15)
    at Function.init (C:\Users\Intelory\Desktop\LD\node_modules\sequelize\src\model.js:1105:10)
    at Function.initModel (C:\Users\Intelory\Desktop\LD\src\database\models\bookAuthor.model.ts:42:23)
    at C:\Users\Intelory\Desktop\LD\src\database\index.ts:84:39
    at Array.forEach (<anonymous>)
    at Object.<anonymous> (C:\Users\Intelory\Desktop\LD\src\database\index.ts:82:21)
    at Module._compile (node:internal/modules/cjs/loader:1254:14)
    at Module.m._compile (C:\Users\Intelory\Desktop\LD\node_modules\ts-node\src\index.ts:1618:23)
    at Module._extensions..js (node:internal/modules/cjs/loader:1308:10)
    at Object.require.extensions.<computed> [as .ts] (C:\Users\Intelory\Desktop\LD\node_modules\ts-node\src\index.ts:1621:12)
[2023-06-30 12:21:46] ERROR: uncaughtException: A column called 'id' was added to the attributes of 'book_authors' but not marked with 'primaryKey: true'
Error: A column called 'id' was added to the attributes of 'book_authors' but not marked with 'primaryKey: true'
    at Function._addDefaultAttributes (C:\Users\Intelory\Desktop\LD\node_modules\sequelize\src\model.js:252:15)
    at Function.init (C:\Users\Intelory\Desktop\LD\node_modules\sequelize\src\model.js:1105:10)
    at Function.initModel (C:\Users\Intelory\Desktop\LD\src\database\models\bookAuthor.model.ts:42:23)
    at C:\Users\Intelory\Desktop\LD\src\database\index.ts:84:39
    at Array.forEach (<anonymous>)
    at Object.<anonymous> (C:\Users\Intelory\Desktop\LD\src\database\index.ts:82:21)
    at Module._compile (node:internal/modules/cjs/loader:1254:14)
    at Module.m._compile (C:\Users\Intelory\Desktop\LD\node_modules\ts-node\src\index.ts:1618:23)
    at Module._extensions..js (node:internal/modules/cjs/loader:1308:10)
    at Object.require.extensions.<computed> [as .ts] (C:\Users\Intelory\Desktop\LD\node_modules\ts-node\src\index.ts:1621:12)
[2023-06-30 12:22:01] ERROR: uncaughtException: A column called 'id' was added to the attributes of 'book_authors' but not marked with 'primaryKey: true'
Error: A column called 'id' was added to the attributes of 'book_authors' but not marked with 'primaryKey: true'
    at Function._addDefaultAttributes (C:\Users\Intelory\Desktop\LD\node_modules\sequelize\src\model.js:252:15)
    at Function.init (C:\Users\Intelory\Desktop\LD\node_modules\sequelize\src\model.js:1105:10)
    at Function.initModel (C:\Users\Intelory\Desktop\LD\src\database\models\bookAuthor.model.ts:42:23)
    at C:\Users\Intelory\Desktop\LD\src\database\index.ts:84:39
    at Array.forEach (<anonymous>)
    at Object.<anonymous> (C:\Users\Intelory\Desktop\LD\src\database\index.ts:82:21)
    at Module._compile (node:internal/modules/cjs/loader:1254:14)
    at Module.m._compile (C:\Users\Intelory\Desktop\LD\node_modules\ts-node\src\index.ts:1618:23)
    at Module._extensions..js (node:internal/modules/cjs/loader:1308:10)
    at Object.require.extensions.<computed> [as .ts] (C:\Users\Intelory\Desktop\LD\node_modules\ts-node\src\index.ts:1621:12)
[2023-06-30 12:22:09] ERROR: uncaughtException: A column called 'id' was added to the attributes of 'book_authors' but not marked with 'primaryKey: true'
Error: A column called 'id' was added to the attributes of 'book_authors' but not marked with 'primaryKey: true'
    at Function._addDefaultAttributes (C:\Users\Intelory\Desktop\LD\node_modules\sequelize\src\model.js:252:15)
    at Function.init (C:\Users\Intelory\Desktop\LD\node_modules\sequelize\src\model.js:1105:10)
    at Function.initModel (C:\Users\Intelory\Desktop\LD\src\database\models\bookAuthor.model.ts:42:23)
    at C:\Users\Intelory\Desktop\LD\src\database\index.ts:84:39
    at Array.forEach (<anonymous>)
    at Object.<anonymous> (C:\Users\Intelory\Desktop\LD\src\database\index.ts:82:21)
    at Module._compile (node:internal/modules/cjs/loader:1254:14)
    at Module.m._compile (C:\Users\Intelory\Desktop\LD\node_modules\ts-node\src\index.ts:1618:23)
    at Module._extensions..js (node:internal/modules/cjs/loader:1308:10)
    at Object.require.extensions.<computed> [as .ts] (C:\Users\Intelory\Desktop\LD\node_modules\ts-node\src\index.ts:1621:12)
[2023-06-30 12:23:18] ERROR: uncaughtException: A column called 'id' was added to the attributes of 'book_authors' but not marked with 'primaryKey: true'
Error: A column called 'id' was added to the attributes of 'book_authors' but not marked with 'primaryKey: true'
    at Function._addDefaultAttributes (C:\Users\Intelory\Desktop\LD\node_modules\sequelize\src\model.js:252:15)
    at Function.init (C:\Users\Intelory\Desktop\LD\node_modules\sequelize\src\model.js:1105:10)
    at Function.initModel (C:\Users\Intelory\Desktop\LD\src\database\models\bookAuthor.model.ts:42:23)
    at C:\Users\Intelory\Desktop\LD\src\database\index.ts:84:39
    at Array.forEach (<anonymous>)
    at Object.<anonymous> (C:\Users\Intelory\Desktop\LD\src\database\index.ts:82:21)
    at Module._compile (node:internal/modules/cjs/loader:1254:14)
    at Module.m._compile (C:\Users\Intelory\Desktop\LD\node_modules\ts-node\src\index.ts:1618:23)
    at Module._extensions..js (node:internal/modules/cjs/loader:1308:10)
    at Object.require.extensions.<computed> [as .ts] (C:\Users\Intelory\Desktop\LD\node_modules\ts-node\src\index.ts:1621:12)
[2023-06-30 12:23:41] ERROR: uncaughtException: A column called 'id' was added to the attributes of 'book_authors' but not marked with 'primaryKey: true'
Error: A column called 'id' was added to the attributes of 'book_authors' but not marked with 'primaryKey: true'
    at Function._addDefaultAttributes (C:\Users\Intelory\Desktop\LD\node_modules\sequelize\src\model.js:252:15)
    at Function.init (C:\Users\Intelory\Desktop\LD\node_modules\sequelize\src\model.js:1105:10)
    at Function.initModel (C:\Users\Intelory\Desktop\LD\src\database\models\bookAuthor.model.ts:42:23)
    at C:\Users\Intelory\Desktop\LD\src\database\index.ts:84:39
    at Array.forEach (<anonymous>)
    at Object.<anonymous> (C:\Users\Intelory\Desktop\LD\src\database\index.ts:82:21)
    at Module._compile (node:internal/modules/cjs/loader:1254:14)
    at Module.m._compile (C:\Users\Intelory\Desktop\LD\node_modules\ts-node\src\index.ts:1618:23)
    at Module._extensions..js (node:internal/modules/cjs/loader:1308:10)
    at Object.require.extensions.<computed> [as .ts] (C:\Users\Intelory\Desktop\LD\node_modules\ts-node\src\index.ts:1621:12)
[2023-06-30 12:24:00] ERROR: uncaughtException: A column called 'id' was added to the attributes of 'book_authors' but not marked with 'primaryKey: true'
Error: A column called 'id' was added to the attributes of 'book_authors' but not marked with 'primaryKey: true'
    at Function._addDefaultAttributes (C:\Users\Intelory\Desktop\LD\node_modules\sequelize\src\model.js:252:15)
    at Function.init (C:\Users\Intelory\Desktop\LD\node_modules\sequelize\src\model.js:1105:10)
    at Function.initModel (C:\Users\Intelory\Desktop\LD\src\database\models\bookAuthor.model.ts:42:23)
    at C:\Users\Intelory\Desktop\LD\src\database\index.ts:84:39
    at Array.forEach (<anonymous>)
    at Object.<anonymous> (C:\Users\Intelory\Desktop\LD\src\database\index.ts:82:21)
    at Module._compile (node:internal/modules/cjs/loader:1254:14)
    at Module.m._compile (C:\Users\Intelory\Desktop\LD\node_modules\ts-node\src\index.ts:1618:23)
    at Module._extensions..js (node:internal/modules/cjs/loader:1308:10)
    at Object.require.extensions.<computed> [as .ts] (C:\Users\Intelory\Desktop\LD\node_modules\ts-node\src\index.ts:1621:12)
[2023-06-30 12:24:06] ERROR: uncaughtException: A column called 'id' was added to the attributes of 'book_authors' but not marked with 'primaryKey: true'
Error: A column called 'id' was added to the attributes of 'book_authors' but not marked with 'primaryKey: true'
    at Function._addDefaultAttributes (C:\Users\Intelory\Desktop\LD\node_modules\sequelize\src\model.js:252:15)
    at Function.init (C:\Users\Intelory\Desktop\LD\node_modules\sequelize\src\model.js:1105:10)
    at Function.initModel (C:\Users\Intelory\Desktop\LD\src\database\models\bookAuthor.model.ts:42:23)
    at C:\Users\Intelory\Desktop\LD\src\database\index.ts:84:39
    at Array.forEach (<anonymous>)
    at Object.<anonymous> (C:\Users\Intelory\Desktop\LD\src\database\index.ts:82:21)
    at Module._compile (node:internal/modules/cjs/loader:1254:14)
    at Module.m._compile (C:\Users\Intelory\Desktop\LD\node_modules\ts-node\src\index.ts:1618:23)
    at Module._extensions..js (node:internal/modules/cjs/loader:1308:10)
    at Object.require.extensions.<computed> [as .ts] (C:\Users\Intelory\Desktop\LD\node_modules\ts-node\src\index.ts:1621:12)
[2023-06-30 12:24:43] ERROR: uncaughtException: A column called 'id' was added to the attributes of 'book_authors' but not marked with 'primaryKey: true'
Error: A column called 'id' was added to the attributes of 'book_authors' but not marked with 'primaryKey: true'
    at Function._addDefaultAttributes (C:\Users\Intelory\Desktop\LD\node_modules\sequelize\src\model.js:252:15)
    at Function.init (C:\Users\Intelory\Desktop\LD\node_modules\sequelize\src\model.js:1105:10)
    at Function.initModel (C:\Users\Intelory\Desktop\LD\src\database\models\bookAuthor.model.ts:42:23)
    at C:\Users\Intelory\Desktop\LD\src\database\index.ts:84:39
    at Array.forEach (<anonymous>)
    at Object.<anonymous> (C:\Users\Intelory\Desktop\LD\src\database\index.ts:82:21)
    at Module._compile (node:internal/modules/cjs/loader:1254:14)
    at Module.m._compile (C:\Users\Intelory\Desktop\LD\node_modules\ts-node\src\index.ts:1618:23)
    at Module._extensions..js (node:internal/modules/cjs/loader:1308:10)
    at Object.require.extensions.<computed> [as .ts] (C:\Users\Intelory\Desktop\LD\node_modules\ts-node\src\index.ts:1621:12)
[2023-06-30 12:24:49] ERROR: uncaughtException: A column called 'id' was added to the attributes of 'book_authors' but not marked with 'primaryKey: true'
Error: A column called 'id' was added to the attributes of 'book_authors' but not marked with 'primaryKey: true'
    at Function._addDefaultAttributes (C:\Users\Intelory\Desktop\LD\node_modules\sequelize\src\model.js:252:15)
    at Function.init (C:\Users\Intelory\Desktop\LD\node_modules\sequelize\src\model.js:1105:10)
    at Function.initModel (C:\Users\Intelory\Desktop\LD\src\database\models\bookAuthor.model.ts:42:23)
    at C:\Users\Intelory\Desktop\LD\src\database\index.ts:84:39
    at Array.forEach (<anonymous>)
    at Object.<anonymous> (C:\Users\Intelory\Desktop\LD\src\database\index.ts:82:21)
    at Module._compile (node:internal/modules/cjs/loader:1254:14)
    at Module.m._compile (C:\Users\Intelory\Desktop\LD\node_modules\ts-node\src\index.ts:1618:23)
    at Module._extensions..js (node:internal/modules/cjs/loader:1308:10)
    at Object.require.extensions.<computed> [as .ts] (C:\Users\Intelory\Desktop\LD\node_modules\ts-node\src\index.ts:1621:12)
[2023-06-30 12:26:56] ERROR: uncaughtException: A column called 'id' was added to the attributes of 'book_authors' but not marked with 'primaryKey: true'
Error: A column called 'id' was added to the attributes of 'book_authors' but not marked with 'primaryKey: true'
    at Function._addDefaultAttributes (C:\Users\Intelory\Desktop\LD\node_modules\sequelize\src\model.js:252:15)
    at Function.init (C:\Users\Intelory\Desktop\LD\node_modules\sequelize\src\model.js:1105:10)
    at Function.initModel (C:\Users\Intelory\Desktop\LD\src\database\models\bookAuthor.model.ts:42:23)
    at C:\Users\Intelory\Desktop\LD\src\database\index.ts:84:39
    at Array.forEach (<anonymous>)
    at Object.<anonymous> (C:\Users\Intelory\Desktop\LD\src\database\index.ts:82:21)
    at Module._compile (node:internal/modules/cjs/loader:1254:14)
    at Module.m._compile (C:\Users\Intelory\Desktop\LD\node_modules\ts-node\src\index.ts:1618:23)
    at Module._extensions..js (node:internal/modules/cjs/loader:1308:10)
    at Object.require.extensions.<computed> [as .ts] (C:\Users\Intelory\Desktop\LD\node_modules\ts-node\src\index.ts:1621:12)
[2023-06-30 12:27:23] ERROR: uncaughtException: A column called 'id' was added to the attributes of 'book_authors' but not marked with 'primaryKey: true'
Error: A column called 'id' was added to the attributes of 'book_authors' but not marked with 'primaryKey: true'
    at Function._addDefaultAttributes (C:\Users\Intelory\Desktop\LD\node_modules\sequelize\src\model.js:252:15)
    at Function.init (C:\Users\Intelory\Desktop\LD\node_modules\sequelize\src\model.js:1105:10)
    at Function.initModel (C:\Users\Intelory\Desktop\LD\src\database\models\bookAuthor.model.ts:42:23)
    at C:\Users\Intelory\Desktop\LD\src\database\index.ts:84:39
    at Array.forEach (<anonymous>)
    at Object.<anonymous> (C:\Users\Intelory\Desktop\LD\src\database\index.ts:82:21)
    at Module._compile (node:internal/modules/cjs/loader:1254:14)
    at Module.m._compile (C:\Users\Intelory\Desktop\LD\node_modules\ts-node\src\index.ts:1618:23)
    at Module._extensions..js (node:internal/modules/cjs/loader:1308:10)
    at Object.require.extensions.<computed> [as .ts] (C:\Users\Intelory\Desktop\LD\node_modules\ts-node\src\index.ts:1621:12)
[2023-06-30 12:27:39] ERROR: uncaughtException: A column called 'id' was added to the attributes of 'book_authors' but not marked with 'primaryKey: true'
Error: A column called 'id' was added to the attributes of 'book_authors' but not marked with 'primaryKey: true'
    at Function._addDefaultAttributes (C:\Users\Intelory\Desktop\LD\node_modules\sequelize\src\model.js:252:15)
    at Function.init (C:\Users\Intelory\Desktop\LD\node_modules\sequelize\src\model.js:1105:10)
    at Function.initModel (C:\Users\Intelory\Desktop\LD\src\database\models\bookAuthor.model.ts:42:23)
    at C:\Users\Intelory\Desktop\LD\src\database\index.ts:84:39
    at Array.forEach (<anonymous>)
    at Object.<anonymous> (C:\Users\Intelory\Desktop\LD\src\database\index.ts:82:21)
    at Module._compile (node:internal/modules/cjs/loader:1254:14)
    at Module.m._compile (C:\Users\Intelory\Desktop\LD\node_modules\ts-node\src\index.ts:1618:23)
    at Module._extensions..js (node:internal/modules/cjs/loader:1308:10)
    at Object.require.extensions.<computed> [as .ts] (C:\Users\Intelory\Desktop\LD\node_modules\ts-node\src\index.ts:1621:12)
[2023-06-30 12:28:08] ERROR: uncaughtException: A column called 'id' was added to the attributes of 'book_authors' but not marked with 'primaryKey: true'
Error: A column called 'id' was added to the attributes of 'book_authors' but not marked with 'primaryKey: true'
    at Function._addDefaultAttributes (C:\Users\Intelory\Desktop\LD\node_modules\sequelize\src\model.js:252:15)
    at Function.init (C:\Users\Intelory\Desktop\LD\node_modules\sequelize\src\model.js:1105:10)
    at Function.initModel (C:\Users\Intelory\Desktop\LD\src\database\models\bookAuthor.model.ts:42:23)
    at C:\Users\Intelory\Desktop\LD\src\database\index.ts:84:39
    at Array.forEach (<anonymous>)
    at Object.<anonymous> (C:\Users\Intelory\Desktop\LD\src\database\index.ts:82:21)
    at Module._compile (node:internal/modules/cjs/loader:1254:14)
    at Module.m._compile (C:\Users\Intelory\Desktop\LD\node_modules\ts-node\src\index.ts:1618:23)
    at Module._extensions..js (node:internal/modules/cjs/loader:1308:10)
    at Object.require.extensions.<computed> [as .ts] (C:\Users\Intelory\Desktop\LD\node_modules\ts-node\src\index.ts:1621:12)
[2023-06-30 12:28:18] ERROR: uncaughtException: A column called 'id' was added to the attributes of 'book_authors' but not marked with 'primaryKey: true'
Error: A column called 'id' was added to the attributes of 'book_authors' but not marked with 'primaryKey: true'
    at Function._addDefaultAttributes (C:\Users\Intelory\Desktop\LD\node_modules\sequelize\src\model.js:252:15)
    at Function.init (C:\Users\Intelory\Desktop\LD\node_modules\sequelize\src\model.js:1105:10)
    at Function.initModel (C:\Users\Intelory\Desktop\LD\src\database\models\bookAuthor.model.ts:42:23)
    at C:\Users\Intelory\Desktop\LD\src\database\index.ts:84:39
    at Array.forEach (<anonymous>)
    at Object.<anonymous> (C:\Users\Intelory\Desktop\LD\src\database\index.ts:82:21)
    at Module._compile (node:internal/modules/cjs/loader:1254:14)
    at Module.m._compile (C:\Users\Intelory\Desktop\LD\node_modules\ts-node\src\index.ts:1618:23)
    at Module._extensions..js (node:internal/modules/cjs/loader:1308:10)
    at Object.require.extensions.<computed> [as .ts] (C:\Users\Intelory\Desktop\LD\node_modules\ts-node\src\index.ts:1621:12)
[2023-06-30 12:28:28] ERROR: uncaughtException: A column called 'id' was added to the attributes of 'book_authors' but not marked with 'primaryKey: true'
Error: A column called 'id' was added to the attributes of 'book_authors' but not marked with 'primaryKey: true'
    at Function._addDefaultAttributes (C:\Users\Intelory\Desktop\LD\node_modules\sequelize\src\model.js:252:15)
    at Function.init (C:\Users\Intelory\Desktop\LD\node_modules\sequelize\src\model.js:1105:10)
    at Function.initModel (C:\Users\Intelory\Desktop\LD\src\database\models\bookAuthor.model.ts:42:23)
    at C:\Users\Intelory\Desktop\LD\src\database\index.ts:84:39
    at Array.forEach (<anonymous>)
    at Object.<anonymous> (C:\Users\Intelory\Desktop\LD\src\database\index.ts:82:21)
    at Module._compile (node:internal/modules/cjs/loader:1254:14)
    at Module.m._compile (C:\Users\Intelory\Desktop\LD\node_modules\ts-node\src\index.ts:1618:23)
    at Module._extensions..js (node:internal/modules/cjs/loader:1308:10)
    at Object.require.extensions.<computed> [as .ts] (C:\Users\Intelory\Desktop\LD\node_modules\ts-node\src\index.ts:1621:12)
[2023-06-30 12:28:45] ERROR: uncaughtException: A column called 'id' was added to the attributes of 'book_authors' but not marked with 'primaryKey: true'
Error: A column called 'id' was added to the attributes of 'book_authors' but not marked with 'primaryKey: true'
    at Function._addDefaultAttributes (C:\Users\Intelory\Desktop\LD\node_modules\sequelize\src\model.js:252:15)
    at Function.init (C:\Users\Intelory\Desktop\LD\node_modules\sequelize\src\model.js:1105:10)
    at Function.initModel (C:\Users\Intelory\Desktop\LD\src\database\models\bookAuthor.model.ts:42:23)
    at C:\Users\Intelory\Desktop\LD\src\database\index.ts:84:39
    at Array.forEach (<anonymous>)
    at Object.<anonymous> (C:\Users\Intelory\Desktop\LD\src\database\index.ts:82:21)
    at Module._compile (node:internal/modules/cjs/loader:1254:14)
    at Module.m._compile (C:\Users\Intelory\Desktop\LD\node_modules\ts-node\src\index.ts:1618:23)
    at Module._extensions..js (node:internal/modules/cjs/loader:1308:10)
    at Object.require.extensions.<computed> [as .ts] (C:\Users\Intelory\Desktop\LD\node_modules\ts-node\src\index.ts:1621:12)
[2023-06-30 12:29:08] ERROR: uncaughtException: A column called 'id' was added to the attributes of 'book_authors' but not marked with 'primaryKey: true'
Error: A column called 'id' was added to the attributes of 'book_authors' but not marked with 'primaryKey: true'
    at Function._addDefaultAttributes (C:\Users\Intelory\Desktop\LD\node_modules\sequelize\src\model.js:252:15)
    at Function.init (C:\Users\Intelory\Desktop\LD\node_modules\sequelize\src\model.js:1105:10)
    at Function.initModel (C:\Users\Intelory\Desktop\LD\src\database\models\bookAuthor.model.ts:42:23)
    at C:\Users\Intelory\Desktop\LD\src\database\index.ts:84:39
    at Array.forEach (<anonymous>)
    at Object.<anonymous> (C:\Users\Intelory\Desktop\LD\src\database\index.ts:82:21)
    at Module._compile (node:internal/modules/cjs/loader:1254:14)
    at Module.m._compile (C:\Users\Intelory\Desktop\LD\node_modules\ts-node\src\index.ts:1618:23)
    at Module._extensions..js (node:internal/modules/cjs/loader:1308:10)
    at Object.require.extensions.<computed> [as .ts] (C:\Users\Intelory\Desktop\LD\node_modules\ts-node\src\index.ts:1621:12)
[2023-06-30 12:29:32] ERROR: uncaughtException: A column called 'id' was added to the attributes of 'book_authors' but not marked with 'primaryKey: true'
Error: A column called 'id' was added to the attributes of 'book_authors' but not marked with 'primaryKey: true'
    at Function._addDefaultAttributes (C:\Users\Intelory\Desktop\LD\node_modules\sequelize\src\model.js:252:15)
    at Function.init (C:\Users\Intelory\Desktop\LD\node_modules\sequelize\src\model.js:1105:10)
    at Function.initModel (C:\Users\Intelory\Desktop\LD\src\database\models\bookAuthor.model.ts:42:23)
    at C:\Users\Intelory\Desktop\LD\src\database\index.ts:84:39
    at Array.forEach (<anonymous>)
    at Object.<anonymous> (C:\Users\Intelory\Desktop\LD\src\database\index.ts:82:21)
    at Module._compile (node:internal/modules/cjs/loader:1254:14)
    at Module.m._compile (C:\Users\Intelory\Desktop\LD\node_modules\ts-node\src\index.ts:1618:23)
    at Module._extensions..js (node:internal/modules/cjs/loader:1308:10)
    at Object.require.extensions.<computed> [as .ts] (C:\Users\Intelory\Desktop\LD\node_modules\ts-node\src\index.ts:1621:12)
[2023-06-30 12:29:42] ERROR: uncaughtException: A column called 'id' was added to the attributes of 'book_authors' but not marked with 'primaryKey: true'
Error: A column called 'id' was added to the attributes of 'book_authors' but not marked with 'primaryKey: true'
    at Function._addDefaultAttributes (C:\Users\Intelory\Desktop\LD\node_modules\sequelize\src\model.js:252:15)
    at Function.init (C:\Users\Intelory\Desktop\LD\node_modules\sequelize\src\model.js:1105:10)
    at Function.initModel (C:\Users\Intelory\Desktop\LD\src\database\models\bookAuthor.model.ts:42:23)
    at C:\Users\Intelory\Desktop\LD\src\database\index.ts:84:39
    at Array.forEach (<anonymous>)
    at Object.<anonymous> (C:\Users\Intelory\Desktop\LD\src\database\index.ts:82:21)
    at Module._compile (node:internal/modules/cjs/loader:1254:14)
    at Module.m._compile (C:\Users\Intelory\Desktop\LD\node_modules\ts-node\src\index.ts:1618:23)
    at Module._extensions..js (node:internal/modules/cjs/loader:1308:10)
    at Object.require.extensions.<computed> [as .ts] (C:\Users\Intelory\Desktop\LD\node_modules\ts-node\src\index.ts:1621:12)
[2023-06-30 12:30:46] ERROR: uncaughtException: A column called 'id' was added to the attributes of 'book_authors' but not marked with 'primaryKey: true'
Error: A column called 'id' was added to the attributes of 'book_authors' but not marked with 'primaryKey: true'
    at Function._addDefaultAttributes (C:\Users\Intelory\Desktop\LD\node_modules\sequelize\src\model.js:252:15)
    at Function.init (C:\Users\Intelory\Desktop\LD\node_modules\sequelize\src\model.js:1105:10)
    at Function.initModel (C:\Users\Intelory\Desktop\LD\src\database\models\bookAuthor.model.ts:42:23)
    at C:\Users\Intelory\Desktop\LD\src\database\index.ts:84:39
    at Array.forEach (<anonymous>)
    at Object.<anonymous> (C:\Users\Intelory\Desktop\LD\src\database\index.ts:82:21)
    at Module._compile (node:internal/modules/cjs/loader:1254:14)
    at Module.m._compile (C:\Users\Intelory\Desktop\LD\node_modules\ts-node\src\index.ts:1618:23)
    at Module._extensions..js (node:internal/modules/cjs/loader:1308:10)
    at Object.require.extensions.<computed> [as .ts] (C:\Users\Intelory\Desktop\LD\node_modules\ts-node\src\index.ts:1621:12)
[2023-06-30 12:30:52] ERROR: uncaughtException: A column called 'id' was added to the attributes of 'book_authors' but not marked with 'primaryKey: true'
Error: A column called 'id' was added to the attributes of 'book_authors' but not marked with 'primaryKey: true'
    at Function._addDefaultAttributes (C:\Users\Intelory\Desktop\LD\node_modules\sequelize\src\model.js:252:15)
    at Function.init (C:\Users\Intelory\Desktop\LD\node_modules\sequelize\src\model.js:1105:10)
    at Function.initModel (C:\Users\Intelory\Desktop\LD\src\database\models\bookAuthor.model.ts:42:23)
    at C:\Users\Intelory\Desktop\LD\src\database\index.ts:84:39
    at Array.forEach (<anonymous>)
    at Object.<anonymous> (C:\Users\Intelory\Desktop\LD\src\database\index.ts:82:21)
    at Module._compile (node:internal/modules/cjs/loader:1254:14)
    at Module.m._compile (C:\Users\Intelory\Desktop\LD\node_modules\ts-node\src\index.ts:1618:23)
    at Module._extensions..js (node:internal/modules/cjs/loader:1308:10)
    at Object.require.extensions.<computed> [as .ts] (C:\Users\Intelory\Desktop\LD\node_modules\ts-node\src\index.ts:1621:12)
[2023-06-30 12:31:01] ERROR: uncaughtException: A column called 'id' was added to the attributes of 'book_authors' but not marked with 'primaryKey: true'
Error: A column called 'id' was added to the attributes of 'book_authors' but not marked with 'primaryKey: true'
    at Function._addDefaultAttributes (C:\Users\Intelory\Desktop\LD\node_modules\sequelize\src\model.js:252:15)
    at Function.init (C:\Users\Intelory\Desktop\LD\node_modules\sequelize\src\model.js:1105:10)
    at Function.initModel (C:\Users\Intelory\Desktop\LD\src\database\models\bookAuthor.model.ts:42:23)
    at C:\Users\Intelory\Desktop\LD\src\database\index.ts:84:39
    at Array.forEach (<anonymous>)
    at Object.<anonymous> (C:\Users\Intelory\Desktop\LD\src\database\index.ts:82:21)
    at Module._compile (node:internal/modules/cjs/loader:1254:14)
    at Module.m._compile (C:\Users\Intelory\Desktop\LD\node_modules\ts-node\src\index.ts:1618:23)
    at Module._extensions..js (node:internal/modules/cjs/loader:1308:10)
    at Object.require.extensions.<computed> [as .ts] (C:\Users\Intelory\Desktop\LD\node_modules\ts-node\src\index.ts:1621:12)
[2023-06-30 12:32:17] ERROR: uncaughtException: A column called 'id' was added to the attributes of 'book_authors' but not marked with 'primaryKey: true'
Error: A column called 'id' was added to the attributes of 'book_authors' but not marked with 'primaryKey: true'
    at Function._addDefaultAttributes (C:\Users\Intelory\Desktop\LD\node_modules\sequelize\src\model.js:252:15)
    at Function.init (C:\Users\Intelory\Desktop\LD\node_modules\sequelize\src\model.js:1105:10)
    at Function.initModel (C:\Users\Intelory\Desktop\LD\src\database\models\bookAuthor.model.ts:42:23)
    at C:\Users\Intelory\Desktop\LD\src\database\index.ts:84:39
    at Array.forEach (<anonymous>)
    at Object.<anonymous> (C:\Users\Intelory\Desktop\LD\src\database\index.ts:82:21)
    at Module._compile (node:internal/modules/cjs/loader:1254:14)
    at Module.m._compile (C:\Users\Intelory\Desktop\LD\node_modules\ts-node\src\index.ts:1618:23)
    at Module._extensions..js (node:internal/modules/cjs/loader:1308:10)
    at Object.require.extensions.<computed> [as .ts] (C:\Users\Intelory\Desktop\LD\node_modules\ts-node\src\index.ts:1621:12)
[2023-06-30 12:32:46] ERROR: uncaughtException: A column called 'id' was added to the attributes of 'book_authors' but not marked with 'primaryKey: true'
Error: A column called 'id' was added to the attributes of 'book_authors' but not marked with 'primaryKey: true'
    at Function._addDefaultAttributes (C:\Users\Intelory\Desktop\LD\node_modules\sequelize\src\model.js:252:15)
    at Function.init (C:\Users\Intelory\Desktop\LD\node_modules\sequelize\src\model.js:1105:10)
    at Function.initModel (C:\Users\Intelory\Desktop\LD\src\database\models\bookAuthor.model.ts:42:23)
    at C:\Users\Intelory\Desktop\LD\src\database\index.ts:84:39
    at Array.forEach (<anonymous>)
    at Object.<anonymous> (C:\Users\Intelory\Desktop\LD\src\database\index.ts:82:21)
    at Module._compile (node:internal/modules/cjs/loader:1254:14)
    at Module.m._compile (C:\Users\Intelory\Desktop\LD\node_modules\ts-node\src\index.ts:1618:23)
    at Module._extensions..js (node:internal/modules/cjs/loader:1308:10)
    at Object.require.extensions.<computed> [as .ts] (C:\Users\Intelory\Desktop\LD\node_modules\ts-node\src\index.ts:1621:12)
[2023-06-30 12:33:07] ERROR: uncaughtException: A column called 'id' was added to the attributes of 'book_authors' but not marked with 'primaryKey: true'
Error: A column called 'id' was added to the attributes of 'book_authors' but not marked with 'primaryKey: true'
    at Function._addDefaultAttributes (C:\Users\Intelory\Desktop\LD\node_modules\sequelize\src\model.js:252:15)
    at Function.init (C:\Users\Intelory\Desktop\LD\node_modules\sequelize\src\model.js:1105:10)
    at Function.initModel (C:\Users\Intelory\Desktop\LD\src\database\models\bookAuthor.model.ts:42:23)
    at C:\Users\Intelory\Desktop\LD\src\database\index.ts:84:39
    at Array.forEach (<anonymous>)
    at Object.<anonymous> (C:\Users\Intelory\Desktop\LD\src\database\index.ts:82:21)
    at Module._compile (node:internal/modules/cjs/loader:1254:14)
    at Module.m._compile (C:\Users\Intelory\Desktop\LD\node_modules\ts-node\src\index.ts:1618:23)
    at Module._extensions..js (node:internal/modules/cjs/loader:1308:10)
    at Object.require.extensions.<computed> [as .ts] (C:\Users\Intelory\Desktop\LD\node_modules\ts-node\src\index.ts:1621:12)
[2023-06-30 12:33:19] ERROR: uncaughtException: A column called 'id' was added to the attributes of 'book_authors' but not marked with 'primaryKey: true'
Error: A column called 'id' was added to the attributes of 'book_authors' but not marked with 'primaryKey: true'
    at Function._addDefaultAttributes (C:\Users\Intelory\Desktop\LD\node_modules\sequelize\src\model.js:252:15)
    at Function.init (C:\Users\Intelory\Desktop\LD\node_modules\sequelize\src\model.js:1105:10)
    at Function.initModel (C:\Users\Intelory\Desktop\LD\src\database\models\bookAuthor.model.ts:42:23)
    at C:\Users\Intelory\Desktop\LD\src\database\index.ts:84:39
    at Array.forEach (<anonymous>)
    at Object.<anonymous> (C:\Users\Intelory\Desktop\LD\src\database\index.ts:82:21)
    at Module._compile (node:internal/modules/cjs/loader:1254:14)
    at Module.m._compile (C:\Users\Intelory\Desktop\LD\node_modules\ts-node\src\index.ts:1618:23)
    at Module._extensions..js (node:internal/modules/cjs/loader:1308:10)
    at Object.require.extensions.<computed> [as .ts] (C:\Users\Intelory\Desktop\LD\node_modules\ts-node\src\index.ts:1621:12)
[2023-06-30 12:33:45] ERROR: uncaughtException: A column called 'id' was added to the attributes of 'book_authors' but not marked with 'primaryKey: true'
Error: A column called 'id' was added to the attributes of 'book_authors' but not marked with 'primaryKey: true'
    at Function._addDefaultAttributes (C:\Users\Intelory\Desktop\LD\node_modules\sequelize\src\model.js:252:15)
    at Function.init (C:\Users\Intelory\Desktop\LD\node_modules\sequelize\src\model.js:1105:10)
    at Function.initModel (C:\Users\Intelory\Desktop\LD\src\database\models\bookAuthor.model.ts:42:23)
    at C:\Users\Intelory\Desktop\LD\src\database\index.ts:84:39
    at Array.forEach (<anonymous>)
    at Object.<anonymous> (C:\Users\Intelory\Desktop\LD\src\database\index.ts:82:21)
    at Module._compile (node:internal/modules/cjs/loader:1254:14)
    at Module.m._compile (C:\Users\Intelory\Desktop\LD\node_modules\ts-node\src\index.ts:1618:23)
    at Module._extensions..js (node:internal/modules/cjs/loader:1308:10)
    at Object.require.extensions.<computed> [as .ts] (C:\Users\Intelory\Desktop\LD\node_modules\ts-node\src\index.ts:1621:12)
[2023-06-30 12:34:16] ERROR: uncaughtException: A column called 'id' was added to the attributes of 'book_authors' but not marked with 'primaryKey: true'
Error: A column called 'id' was added to the attributes of 'book_authors' but not marked with 'primaryKey: true'
    at Function._addDefaultAttributes (C:\Users\Intelory\Desktop\LD\node_modules\sequelize\src\model.js:252:15)
    at Function.init (C:\Users\Intelory\Desktop\LD\node_modules\sequelize\src\model.js:1105:10)
    at Function.initModel (C:\Users\Intelory\Desktop\LD\src\database\models\bookAuthor.model.ts:42:23)
    at C:\Users\Intelory\Desktop\LD\src\database\index.ts:84:39
    at Array.forEach (<anonymous>)
    at Object.<anonymous> (C:\Users\Intelory\Desktop\LD\src\database\index.ts:82:21)
    at Module._compile (node:internal/modules/cjs/loader:1254:14)
    at Module.m._compile (C:\Users\Intelory\Desktop\LD\node_modules\ts-node\src\index.ts:1618:23)
    at Module._extensions..js (node:internal/modules/cjs/loader:1308:10)
    at Object.require.extensions.<computed> [as .ts] (C:\Users\Intelory\Desktop\LD\node_modules\ts-node\src\index.ts:1621:12)
[2023-06-30 12:35:02] ERROR: uncaughtException: A column called 'id' was added to the attributes of 'book_authors' but not marked with 'primaryKey: true'
Error: A column called 'id' was added to the attributes of 'book_authors' but not marked with 'primaryKey: true'
    at Function._addDefaultAttributes (C:\Users\Intelory\Desktop\LD\node_modules\sequelize\src\model.js:252:15)
    at Function.init (C:\Users\Intelory\Desktop\LD\node_modules\sequelize\src\model.js:1105:10)
    at Function.initModel (C:\Users\Intelory\Desktop\LD\src\database\models\bookAuthor.model.ts:42:23)
    at C:\Users\Intelory\Desktop\LD\src\database\index.ts:84:39
    at Array.forEach (<anonymous>)
    at Object.<anonymous> (C:\Users\Intelory\Desktop\LD\src\database\index.ts:82:21)
    at Module._compile (node:internal/modules/cjs/loader:1254:14)
    at Module.m._compile (C:\Users\Intelory\Desktop\LD\node_modules\ts-node\src\index.ts:1618:23)
    at Module._extensions..js (node:internal/modules/cjs/loader:1308:10)
    at Object.require.extensions.<computed> [as .ts] (C:\Users\Intelory\Desktop\LD\node_modules\ts-node\src\index.ts:1621:12)
[2023-06-30 12:35:12] ERROR: uncaughtException: A column called 'id' was added to the attributes of 'book_authors' but not marked with 'primaryKey: true'
Error: A column called 'id' was added to the attributes of 'book_authors' but not marked with 'primaryKey: true'
    at Function._addDefaultAttributes (C:\Users\Intelory\Desktop\LD\node_modules\sequelize\src\model.js:252:15)
    at Function.init (C:\Users\Intelory\Desktop\LD\node_modules\sequelize\src\model.js:1105:10)
    at Function.initModel (C:\Users\Intelory\Desktop\LD\src\database\models\bookAuthor.model.ts:42:23)
    at C:\Users\Intelory\Desktop\LD\src\database\index.ts:84:39
    at Array.forEach (<anonymous>)
    at Object.<anonymous> (C:\Users\Intelory\Desktop\LD\src\database\index.ts:82:21)
    at Module._compile (node:internal/modules/cjs/loader:1254:14)
    at Module.m._compile (C:\Users\Intelory\Desktop\LD\node_modules\ts-node\src\index.ts:1618:23)
    at Module._extensions..js (node:internal/modules/cjs/loader:1308:10)
    at Object.require.extensions.<computed> [as .ts] (C:\Users\Intelory\Desktop\LD\node_modules\ts-node\src\index.ts:1621:12)
[2023-06-30 12:35:19] ERROR: uncaughtException: A column called 'id' was added to the attributes of 'book_authors' but not marked with 'primaryKey: true'
Error: A column called 'id' was added to the attributes of 'book_authors' but not marked with 'primaryKey: true'
    at Function._addDefaultAttributes (C:\Users\Intelory\Desktop\LD\node_modules\sequelize\src\model.js:252:15)
    at Function.init (C:\Users\Intelory\Desktop\LD\node_modules\sequelize\src\model.js:1105:10)
    at Function.initModel (C:\Users\Intelory\Desktop\LD\src\database\models\bookAuthor.model.ts:42:23)
    at C:\Users\Intelory\Desktop\LD\src\database\index.ts:84:39
    at Array.forEach (<anonymous>)
    at Object.<anonymous> (C:\Users\Intelory\Desktop\LD\src\database\index.ts:82:21)
    at Module._compile (node:internal/modules/cjs/loader:1254:14)
    at Module.m._compile (C:\Users\Intelory\Desktop\LD\node_modules\ts-node\src\index.ts:1618:23)
    at Module._extensions..js (node:internal/modules/cjs/loader:1308:10)
    at Object.require.extensions.<computed> [as .ts] (C:\Users\Intelory\Desktop\LD\node_modules\ts-node\src\index.ts:1621:12)
[2023-06-30 12:35:23] ERROR: uncaughtException: A column called 'id' was added to the attributes of 'book_authors' but not marked with 'primaryKey: true'
Error: A column called 'id' was added to the attributes of 'book_authors' but not marked with 'primaryKey: true'
    at Function._addDefaultAttributes (C:\Users\Intelory\Desktop\LD\node_modules\sequelize\src\model.js:252:15)
    at Function.init (C:\Users\Intelory\Desktop\LD\node_modules\sequelize\src\model.js:1105:10)
    at Function.initModel (C:\Users\Intelory\Desktop\LD\src\database\models\bookAuthor.model.ts:42:23)
    at C:\Users\Intelory\Desktop\LD\src\database\index.ts:84:39
    at Array.forEach (<anonymous>)
    at Object.<anonymous> (C:\Users\Intelory\Desktop\LD\src\database\index.ts:82:21)
    at Module._compile (node:internal/modules/cjs/loader:1254:14)
    at Module.m._compile (C:\Users\Intelory\Desktop\LD\node_modules\ts-node\src\index.ts:1618:23)
    at Module._extensions..js (node:internal/modules/cjs/loader:1308:10)
    at Object.require.extensions.<computed> [as .ts] (C:\Users\Intelory\Desktop\LD\node_modules\ts-node\src\index.ts:1621:12)
[2023-06-30 12:35:28] ERROR: uncaughtException: A column called 'id' was added to the attributes of 'book_authors' but not marked with 'primaryKey: true'
Error: A column called 'id' was added to the attributes of 'book_authors' but not marked with 'primaryKey: true'
    at Function._addDefaultAttributes (C:\Users\Intelory\Desktop\LD\node_modules\sequelize\src\model.js:252:15)
    at Function.init (C:\Users\Intelory\Desktop\LD\node_modules\sequelize\src\model.js:1105:10)
    at Function.initModel (C:\Users\Intelory\Desktop\LD\src\database\models\bookAuthor.model.ts:42:23)
    at C:\Users\Intelory\Desktop\LD\src\database\index.ts:84:39
    at Array.forEach (<anonymous>)
    at Object.<anonymous> (C:\Users\Intelory\Desktop\LD\src\database\index.ts:82:21)
    at Module._compile (node:internal/modules/cjs/loader:1254:14)
    at Module.m._compile (C:\Users\Intelory\Desktop\LD\node_modules\ts-node\src\index.ts:1618:23)
    at Module._extensions..js (node:internal/modules/cjs/loader:1308:10)
    at Object.require.extensions.<computed> [as .ts] (C:\Users\Intelory\Desktop\LD\node_modules\ts-node\src\index.ts:1621:12)
[2023-06-30 12:35:37] ERROR: uncaughtException: A column called 'id' was added to the attributes of 'book_authors' but not marked with 'primaryKey: true'
Error: A column called 'id' was added to the attributes of 'book_authors' but not marked with 'primaryKey: true'
    at Function._addDefaultAttributes (C:\Users\Intelory\Desktop\LD\node_modules\sequelize\src\model.js:252:15)
    at Function.init (C:\Users\Intelory\Desktop\LD\node_modules\sequelize\src\model.js:1105:10)
    at Function.initModel (C:\Users\Intelory\Desktop\LD\src\database\models\bookAuthor.model.ts:42:23)
    at C:\Users\Intelory\Desktop\LD\src\database\index.ts:84:39
    at Array.forEach (<anonymous>)
    at Object.<anonymous> (C:\Users\Intelory\Desktop\LD\src\database\index.ts:82:21)
    at Module._compile (node:internal/modules/cjs/loader:1254:14)
    at Module.m._compile (C:\Users\Intelory\Desktop\LD\node_modules\ts-node\src\index.ts:1618:23)
    at Module._extensions..js (node:internal/modules/cjs/loader:1308:10)
    at Object.require.extensions.<computed> [as .ts] (C:\Users\Intelory\Desktop\LD\node_modules\ts-node\src\index.ts:1621:12)
[2023-06-30 12:37:15] ERROR: uncaughtException: A column called 'id' was added to the attributes of 'book_authors' but not marked with 'primaryKey: true'
Error: A column called 'id' was added to the attributes of 'book_authors' but not marked with 'primaryKey: true'
    at Function._addDefaultAttributes (C:\Users\Intelory\Desktop\LD\node_modules\sequelize\src\model.js:252:15)
    at Function.init (C:\Users\Intelory\Desktop\LD\node_modules\sequelize\src\model.js:1105:10)
    at Function.initModel (C:\Users\Intelory\Desktop\LD\src\database\models\bookAuthor.model.ts:42:23)
    at C:\Users\Intelory\Desktop\LD\src\database\index.ts:84:39
    at Array.forEach (<anonymous>)
    at Object.<anonymous> (C:\Users\Intelory\Desktop\LD\src\database\index.ts:82:21)
    at Module._compile (node:internal/modules/cjs/loader:1254:14)
    at Module.m._compile (C:\Users\Intelory\Desktop\LD\node_modules\ts-node\src\index.ts:1618:23)
    at Module._extensions..js (node:internal/modules/cjs/loader:1308:10)
    at Object.require.extensions.<computed> [as .ts] (C:\Users\Intelory\Desktop\LD\node_modules\ts-node\src\index.ts:1621:12)
[2023-06-30 12:37:25] ERROR: uncaughtException: A column called 'id' was added to the attributes of 'book_authors' but not marked with 'primaryKey: true'
Error: A column called 'id' was added to the attributes of 'book_authors' but not marked with 'primaryKey: true'
    at Function._addDefaultAttributes (C:\Users\Intelory\Desktop\LD\node_modules\sequelize\src\model.js:252:15)
    at Function.init (C:\Users\Intelory\Desktop\LD\node_modules\sequelize\src\model.js:1105:10)
    at Function.initModel (C:\Users\Intelory\Desktop\LD\src\database\models\bookAuthor.model.ts:42:23)
    at C:\Users\Intelory\Desktop\LD\src\database\index.ts:84:39
    at Array.forEach (<anonymous>)
    at Object.<anonymous> (C:\Users\Intelory\Desktop\LD\src\database\index.ts:82:21)
    at Module._compile (node:internal/modules/cjs/loader:1254:14)
    at Module.m._compile (C:\Users\Intelory\Desktop\LD\node_modules\ts-node\src\index.ts:1618:23)
    at Module._extensions..js (node:internal/modules/cjs/loader:1308:10)
    at Object.require.extensions.<computed> [as .ts] (C:\Users\Intelory\Desktop\LD\node_modules\ts-node\src\index.ts:1621:12)
[2023-06-30 12:37:41] ERROR: uncaughtException: A column called 'id' was added to the attributes of 'book_authors' but not marked with 'primaryKey: true'
Error: A column called 'id' was added to the attributes of 'book_authors' but not marked with 'primaryKey: true'
    at Function._addDefaultAttributes (C:\Users\Intelory\Desktop\LD\node_modules\sequelize\src\model.js:252:15)
    at Function.init (C:\Users\Intelory\Desktop\LD\node_modules\sequelize\src\model.js:1105:10)
    at Function.initModel (C:\Users\Intelory\Desktop\LD\src\database\models\bookAuthor.model.ts:42:23)
    at C:\Users\Intelory\Desktop\LD\src\database\index.ts:84:39
    at Array.forEach (<anonymous>)
    at Object.<anonymous> (C:\Users\Intelory\Desktop\LD\src\database\index.ts:82:21)
    at Module._compile (node:internal/modules/cjs/loader:1254:14)
    at Module.m._compile (C:\Users\Intelory\Desktop\LD\node_modules\ts-node\src\index.ts:1618:23)
    at Module._extensions..js (node:internal/modules/cjs/loader:1308:10)
    at Object.require.extensions.<computed> [as .ts] (C:\Users\Intelory\Desktop\LD\node_modules\ts-node\src\index.ts:1621:12)
[2023-06-30 12:37:56] ERROR: uncaughtException: A column called 'id' was added to the attributes of 'book_authors' but not marked with 'primaryKey: true'
Error: A column called 'id' was added to the attributes of 'book_authors' but not marked with 'primaryKey: true'
    at Function._addDefaultAttributes (C:\Users\Intelory\Desktop\LD\node_modules\sequelize\src\model.js:252:15)
    at Function.init (C:\Users\Intelory\Desktop\LD\node_modules\sequelize\src\model.js:1105:10)
    at Function.initModel (C:\Users\Intelory\Desktop\LD\src\database\models\bookAuthor.model.ts:42:23)
    at C:\Users\Intelory\Desktop\LD\src\database\index.ts:84:39
    at Array.forEach (<anonymous>)
    at Object.<anonymous> (C:\Users\Intelory\Desktop\LD\src\database\index.ts:82:21)
    at Module._compile (node:internal/modules/cjs/loader:1254:14)
    at Module.m._compile (C:\Users\Intelory\Desktop\LD\node_modules\ts-node\src\index.ts:1618:23)
    at Module._extensions..js (node:internal/modules/cjs/loader:1308:10)
    at Object.require.extensions.<computed> [as .ts] (C:\Users\Intelory\Desktop\LD\node_modules\ts-node\src\index.ts:1621:12)
[2023-06-30 12:38:24] ERROR: uncaughtException: A column called 'id' was added to the attributes of 'book_authors' but not marked with 'primaryKey: true'
Error: A column called 'id' was added to the attributes of 'book_authors' but not marked with 'primaryKey: true'
    at Function._addDefaultAttributes (C:\Users\Intelory\Desktop\LD\node_modules\sequelize\src\model.js:252:15)
    at Function.init (C:\Users\Intelory\Desktop\LD\node_modules\sequelize\src\model.js:1105:10)
    at Function.initModel (C:\Users\Intelory\Desktop\LD\src\database\models\bookAuthor.model.ts:42:23)
    at C:\Users\Intelory\Desktop\LD\src\database\index.ts:84:39
    at Array.forEach (<anonymous>)
    at Object.<anonymous> (C:\Users\Intelory\Desktop\LD\src\database\index.ts:82:21)
    at Module._compile (node:internal/modules/cjs/loader:1254:14)
    at Module.m._compile (C:\Users\Intelory\Desktop\LD\node_modules\ts-node\src\index.ts:1618:23)
    at Module._extensions..js (node:internal/modules/cjs/loader:1308:10)
    at Object.require.extensions.<computed> [as .ts] (C:\Users\Intelory\Desktop\LD\node_modules\ts-node\src\index.ts:1621:12)
[2023-06-30 12:39:16] ERROR: uncaughtException: A column called 'id' was added to the attributes of 'book_authors' but not marked with 'primaryKey: true'
Error: A column called 'id' was added to the attributes of 'book_authors' but not marked with 'primaryKey: true'
    at Function._addDefaultAttributes (C:\Users\Intelory\Desktop\LD\node_modules\sequelize\src\model.js:252:15)
    at Function.init (C:\Users\Intelory\Desktop\LD\node_modules\sequelize\src\model.js:1105:10)
    at Function.initModel (C:\Users\Intelory\Desktop\LD\src\database\models\bookAuthor.model.ts:42:23)
    at C:\Users\Intelory\Desktop\LD\src\database\index.ts:84:39
    at Array.forEach (<anonymous>)
    at Object.<anonymous> (C:\Users\Intelory\Desktop\LD\src\database\index.ts:82:21)
    at Module._compile (node:internal/modules/cjs/loader:1254:14)
    at Module.m._compile (C:\Users\Intelory\Desktop\LD\node_modules\ts-node\src\index.ts:1618:23)
    at Module._extensions..js (node:internal/modules/cjs/loader:1308:10)
    at Object.require.extensions.<computed> [as .ts] (C:\Users\Intelory\Desktop\LD\node_modules\ts-node\src\index.ts:1621:12)
[2023-06-30 12:39:26] ERROR: uncaughtException: A column called 'id' was added to the attributes of 'book_authors' but not marked with 'primaryKey: true'
Error: A column called 'id' was added to the attributes of 'book_authors' but not marked with 'primaryKey: true'
    at Function._addDefaultAttributes (C:\Users\Intelory\Desktop\LD\node_modules\sequelize\src\model.js:252:15)
    at Function.init (C:\Users\Intelory\Desktop\LD\node_modules\sequelize\src\model.js:1105:10)
    at Function.initModel (C:\Users\Intelory\Desktop\LD\src\database\models\bookAuthor.model.ts:42:23)
    at C:\Users\Intelory\Desktop\LD\src\database\index.ts:84:39
    at Array.forEach (<anonymous>)
    at Object.<anonymous> (C:\Users\Intelory\Desktop\LD\src\database\index.ts:82:21)
    at Module._compile (node:internal/modules/cjs/loader:1254:14)
    at Module.m._compile (C:\Users\Intelory\Desktop\LD\node_modules\ts-node\src\index.ts:1618:23)
    at Module._extensions..js (node:internal/modules/cjs/loader:1308:10)
    at Object.require.extensions.<computed> [as .ts] (C:\Users\Intelory\Desktop\LD\node_modules\ts-node\src\index.ts:1621:12)
[2023-06-30 12:39:48] ERROR: uncaughtException: A column called 'id' was added to the attributes of 'book_authors' but not marked with 'primaryKey: true'
Error: A column called 'id' was added to the attributes of 'book_authors' but not marked with 'primaryKey: true'
    at Function._addDefaultAttributes (C:\Users\Intelory\Desktop\LD\node_modules\sequelize\src\model.js:252:15)
    at Function.init (C:\Users\Intelory\Desktop\LD\node_modules\sequelize\src\model.js:1105:10)
    at Function.initModel (C:\Users\Intelory\Desktop\LD\src\database\models\bookAuthor.model.ts:42:23)
    at C:\Users\Intelory\Desktop\LD\src\database\index.ts:84:39
    at Array.forEach (<anonymous>)
    at Object.<anonymous> (C:\Users\Intelory\Desktop\LD\src\database\index.ts:82:21)
    at Module._compile (node:internal/modules/cjs/loader:1254:14)
    at Module.m._compile (C:\Users\Intelory\Desktop\LD\node_modules\ts-node\src\index.ts:1618:23)
    at Module._extensions..js (node:internal/modules/cjs/loader:1308:10)
    at Object.require.extensions.<computed> [as .ts] (C:\Users\Intelory\Desktop\LD\node_modules\ts-node\src\index.ts:1621:12)
[2023-06-30 12:40:07] ERROR: uncaughtException: A column called 'id' was added to the attributes of 'book_authors' but not marked with 'primaryKey: true'
Error: A column called 'id' was added to the attributes of 'book_authors' but not marked with 'primaryKey: true'
    at Function._addDefaultAttributes (C:\Users\Intelory\Desktop\LD\node_modules\sequelize\src\model.js:252:15)
    at Function.init (C:\Users\Intelory\Desktop\LD\node_modules\sequelize\src\model.js:1105:10)
    at Function.initModel (C:\Users\Intelory\Desktop\LD\src\database\models\bookAuthor.model.ts:42:23)
    at C:\Users\Intelory\Desktop\LD\src\database\index.ts:84:39
    at Array.forEach (<anonymous>)
    at Object.<anonymous> (C:\Users\Intelory\Desktop\LD\src\database\index.ts:82:21)
    at Module._compile (node:internal/modules/cjs/loader:1254:14)
    at Module.m._compile (C:\Users\Intelory\Desktop\LD\node_modules\ts-node\src\index.ts:1618:23)
    at Module._extensions..js (node:internal/modules/cjs/loader:1308:10)
    at Object.require.extensions.<computed> [as .ts] (C:\Users\Intelory\Desktop\LD\node_modules\ts-node\src\index.ts:1621:12)
[2023-06-30 12:40:23] ERROR: uncaughtException: A column called 'id' was added to the attributes of 'book_authors' but not marked with 'primaryKey: true'
Error: A column called 'id' was added to the attributes of 'book_authors' but not marked with 'primaryKey: true'
    at Function._addDefaultAttributes (C:\Users\Intelory\Desktop\LD\node_modules\sequelize\src\model.js:252:15)
    at Function.init (C:\Users\Intelory\Desktop\LD\node_modules\sequelize\src\model.js:1105:10)
    at Function.initModel (C:\Users\Intelory\Desktop\LD\src\database\models\bookAuthor.model.ts:42:23)
    at C:\Users\Intelory\Desktop\LD\src\database\index.ts:84:39
    at Array.forEach (<anonymous>)
    at Object.<anonymous> (C:\Users\Intelory\Desktop\LD\src\database\index.ts:82:21)
    at Module._compile (node:internal/modules/cjs/loader:1254:14)
    at Module.m._compile (C:\Users\Intelory\Desktop\LD\node_modules\ts-node\src\index.ts:1618:23)
    at Module._extensions..js (node:internal/modules/cjs/loader:1308:10)
    at Object.require.extensions.<computed> [as .ts] (C:\Users\Intelory\Desktop\LD\node_modules\ts-node\src\index.ts:1621:12)
[2023-06-30 12:40:41] ERROR: uncaughtException: A column called 'id' was added to the attributes of 'book_authors' but not marked with 'primaryKey: true'
Error: A column called 'id' was added to the attributes of 'book_authors' but not marked with 'primaryKey: true'
    at Function._addDefaultAttributes (C:\Users\Intelory\Desktop\LD\node_modules\sequelize\src\model.js:252:15)
    at Function.init (C:\Users\Intelory\Desktop\LD\node_modules\sequelize\src\model.js:1105:10)
    at Function.initModel (C:\Users\Intelory\Desktop\LD\src\database\models\bookAuthor.model.ts:42:23)
    at C:\Users\Intelory\Desktop\LD\src\database\index.ts:84:39
    at Array.forEach (<anonymous>)
    at Object.<anonymous> (C:\Users\Intelory\Desktop\LD\src\database\index.ts:82:21)
    at Module._compile (node:internal/modules/cjs/loader:1254:14)
    at Module.m._compile (C:\Users\Intelory\Desktop\LD\node_modules\ts-node\src\index.ts:1618:23)
    at Module._extensions..js (node:internal/modules/cjs/loader:1308:10)
    at Object.require.extensions.<computed> [as .ts] (C:\Users\Intelory\Desktop\LD\node_modules\ts-node\src\index.ts:1621:12)
[2023-06-30 12:41:01] ERROR: uncaughtException: A column called 'id' was added to the attributes of 'book_authors' but not marked with 'primaryKey: true'
Error: A column called 'id' was added to the attributes of 'book_authors' but not marked with 'primaryKey: true'
    at Function._addDefaultAttributes (C:\Users\Intelory\Desktop\LD\node_modules\sequelize\src\model.js:252:15)
    at Function.init (C:\Users\Intelory\Desktop\LD\node_modules\sequelize\src\model.js:1105:10)
    at Function.initModel (C:\Users\Intelory\Desktop\LD\src\database\models\bookAuthor.model.ts:42:23)
    at C:\Users\Intelory\Desktop\LD\src\database\index.ts:84:39
    at Array.forEach (<anonymous>)
    at Object.<anonymous> (C:\Users\Intelory\Desktop\LD\src\database\index.ts:82:21)
    at Module._compile (node:internal/modules/cjs/loader:1254:14)
    at Module.m._compile (C:\Users\Intelory\Desktop\LD\node_modules\ts-node\src\index.ts:1618:23)
    at Module._extensions..js (node:internal/modules/cjs/loader:1308:10)
    at Object.require.extensions.<computed> [as .ts] (C:\Users\Intelory\Desktop\LD\node_modules\ts-node\src\index.ts:1621:12)
[2023-06-30 12:41:06] ERROR: uncaughtException: A column called 'id' was added to the attributes of 'book_authors' but not marked with 'primaryKey: true'
Error: A column called 'id' was added to the attributes of 'book_authors' but not marked with 'primaryKey: true'
    at Function._addDefaultAttributes (C:\Users\Intelory\Desktop\LD\node_modules\sequelize\src\model.js:252:15)
    at Function.init (C:\Users\Intelory\Desktop\LD\node_modules\sequelize\src\model.js:1105:10)
    at Function.initModel (C:\Users\Intelory\Desktop\LD\src\database\models\bookAuthor.model.ts:42:23)
    at C:\Users\Intelory\Desktop\LD\src\database\index.ts:84:39
    at Array.forEach (<anonymous>)
    at Object.<anonymous> (C:\Users\Intelory\Desktop\LD\src\database\index.ts:82:21)
    at Module._compile (node:internal/modules/cjs/loader:1254:14)
    at Module.m._compile (C:\Users\Intelory\Desktop\LD\node_modules\ts-node\src\index.ts:1618:23)
    at Module._extensions..js (node:internal/modules/cjs/loader:1308:10)
    at Object.require.extensions.<computed> [as .ts] (C:\Users\Intelory\Desktop\LD\node_modules\ts-node\src\index.ts:1621:12)
[2023-06-30 12:41:16] ERROR: uncaughtException: A column called 'id' was added to the attributes of 'book_authors' but not marked with 'primaryKey: true'
Error: A column called 'id' was added to the attributes of 'book_authors' but not marked with 'primaryKey: true'
    at Function._addDefaultAttributes (C:\Users\Intelory\Desktop\LD\node_modules\sequelize\src\model.js:252:15)
    at Function.init (C:\Users\Intelory\Desktop\LD\node_modules\sequelize\src\model.js:1105:10)
    at Function.initModel (C:\Users\Intelory\Desktop\LD\src\database\models\bookAuthor.model.ts:42:23)
    at C:\Users\Intelory\Desktop\LD\src\database\index.ts:84:39
    at Array.forEach (<anonymous>)
    at Object.<anonymous> (C:\Users\Intelory\Desktop\LD\src\database\index.ts:82:21)
    at Module._compile (node:internal/modules/cjs/loader:1254:14)
    at Module.m._compile (C:\Users\Intelory\Desktop\LD\node_modules\ts-node\src\index.ts:1618:23)
    at Module._extensions..js (node:internal/modules/cjs/loader:1308:10)
    at Object.require.extensions.<computed> [as .ts] (C:\Users\Intelory\Desktop\LD\node_modules\ts-node\src\index.ts:1621:12)
[2023-06-30 12:42:51] ERROR: uncaughtException: A column called 'id' was added to the attributes of 'book_authors' but not marked with 'primaryKey: true'
Error: A column called 'id' was added to the attributes of 'book_authors' but not marked with 'primaryKey: true'
    at Function._addDefaultAttributes (C:\Users\Intelory\Desktop\LD\node_modules\sequelize\src\model.js:252:15)
    at Function.init (C:\Users\Intelory\Desktop\LD\node_modules\sequelize\src\model.js:1105:10)
    at Function.initModel (C:\Users\Intelory\Desktop\LD\src\database\models\bookAuthor.model.ts:42:23)
    at C:\Users\Intelory\Desktop\LD\src\database\index.ts:84:39
    at Array.forEach (<anonymous>)
    at Object.<anonymous> (C:\Users\Intelory\Desktop\LD\src\database\index.ts:82:21)
    at Module._compile (node:internal/modules/cjs/loader:1254:14)
    at Module.m._compile (C:\Users\Intelory\Desktop\LD\node_modules\ts-node\src\index.ts:1618:23)
    at Module._extensions..js (node:internal/modules/cjs/loader:1308:10)
    at Object.require.extensions.<computed> [as .ts] (C:\Users\Intelory\Desktop\LD\node_modules\ts-node\src\index.ts:1621:12)
[2023-06-30 12:43:07] ERROR: uncaughtException: A column called 'id' was added to the attributes of 'book_authors' but not marked with 'primaryKey: true'
Error: A column called 'id' was added to the attributes of 'book_authors' but not marked with 'primaryKey: true'
    at Function._addDefaultAttributes (C:\Users\Intelory\Desktop\LD\node_modules\sequelize\src\model.js:252:15)
    at Function.init (C:\Users\Intelory\Desktop\LD\node_modules\sequelize\src\model.js:1105:10)
    at Function.initModel (C:\Users\Intelory\Desktop\LD\src\database\models\bookAuthor.model.ts:42:23)
    at C:\Users\Intelory\Desktop\LD\src\database\index.ts:84:39
    at Array.forEach (<anonymous>)
    at Object.<anonymous> (C:\Users\Intelory\Desktop\LD\src\database\index.ts:82:21)
    at Module._compile (node:internal/modules/cjs/loader:1254:14)
    at Module.m._compile (C:\Users\Intelory\Desktop\LD\node_modules\ts-node\src\index.ts:1618:23)
    at Module._extensions..js (node:internal/modules/cjs/loader:1308:10)
    at Object.require.extensions.<computed> [as .ts] (C:\Users\Intelory\Desktop\LD\node_modules\ts-node\src\index.ts:1621:12)
[2023-06-30 12:43:30] ERROR: uncaughtException: A column called 'id' was added to the attributes of 'book_authors' but not marked with 'primaryKey: true'
Error: A column called 'id' was added to the attributes of 'book_authors' but not marked with 'primaryKey: true'
    at Function._addDefaultAttributes (C:\Users\Intelory\Desktop\LD\node_modules\sequelize\src\model.js:252:15)
    at Function.init (C:\Users\Intelory\Desktop\LD\node_modules\sequelize\src\model.js:1105:10)
    at Function.initModel (C:\Users\Intelory\Desktop\LD\src\database\models\bookAuthor.model.ts:42:23)
    at C:\Users\Intelory\Desktop\LD\src\database\index.ts:84:39
    at Array.forEach (<anonymous>)
    at Object.<anonymous> (C:\Users\Intelory\Desktop\LD\src\database\index.ts:82:21)
    at Module._compile (node:internal/modules/cjs/loader:1254:14)
    at Module.m._compile (C:\Users\Intelory\Desktop\LD\node_modules\ts-node\src\index.ts:1618:23)
    at Module._extensions..js (node:internal/modules/cjs/loader:1308:10)
    at Object.require.extensions.<computed> [as .ts] (C:\Users\Intelory\Desktop\LD\node_modules\ts-node\src\index.ts:1621:12)
[2023-06-30 12:45:18] ERROR: uncaughtException: A column called 'id' was added to the attributes of 'book_authors' but not marked with 'primaryKey: true'
Error: A column called 'id' was added to the attributes of 'book_authors' but not marked with 'primaryKey: true'
    at Function._addDefaultAttributes (C:\Users\Intelory\Desktop\LD\node_modules\sequelize\src\model.js:252:15)
    at Function.init (C:\Users\Intelory\Desktop\LD\node_modules\sequelize\src\model.js:1105:10)
    at Function.initModel (C:\Users\Intelory\Desktop\LD\src\database\models\bookAuthor.model.ts:42:23)
    at C:\Users\Intelory\Desktop\LD\src\database\index.ts:84:39
    at Array.forEach (<anonymous>)
    at Object.<anonymous> (C:\Users\Intelory\Desktop\LD\src\database\index.ts:82:21)
    at Module._compile (node:internal/modules/cjs/loader:1254:14)
    at Module.m._compile (C:\Users\Intelory\Desktop\LD\node_modules\ts-node\src\index.ts:1618:23)
    at Module._extensions..js (node:internal/modules/cjs/loader:1308:10)
    at Object.require.extensions.<computed> [as .ts] (C:\Users\Intelory\Desktop\LD\node_modules\ts-node\src\index.ts:1621:12)
[2023-06-30 12:45:41] ERROR: uncaughtException: A column called 'id' was added to the attributes of 'book_authors' but not marked with 'primaryKey: true'
Error: A column called 'id' was added to the attributes of 'book_authors' but not marked with 'primaryKey: true'
    at Function._addDefaultAttributes (C:\Users\Intelory\Desktop\LD\node_modules\sequelize\src\model.js:252:15)
    at Function.init (C:\Users\Intelory\Desktop\LD\node_modules\sequelize\src\model.js:1105:10)
    at Function.initModel (C:\Users\Intelory\Desktop\LD\src\database\models\bookAuthor.model.ts:42:23)
    at C:\Users\Intelory\Desktop\LD\src\database\index.ts:84:39
    at Array.forEach (<anonymous>)
    at Object.<anonymous> (C:\Users\Intelory\Desktop\LD\src\database\index.ts:82:21)
    at Module._compile (node:internal/modules/cjs/loader:1254:14)
    at Module.m._compile (C:\Users\Intelory\Desktop\LD\node_modules\ts-node\src\index.ts:1618:23)
    at Module._extensions..js (node:internal/modules/cjs/loader:1308:10)
    at Object.require.extensions.<computed> [as .ts] (C:\Users\Intelory\Desktop\LD\node_modules\ts-node\src\index.ts:1621:12)
[2023-06-30 12:45:53] ERROR: uncaughtException: A column called 'id' was added to the attributes of 'book_authors' but not marked with 'primaryKey: true'
Error: A column called 'id' was added to the attributes of 'book_authors' but not marked with 'primaryKey: true'
    at Function._addDefaultAttributes (C:\Users\Intelory\Desktop\LD\node_modules\sequelize\src\model.js:252:15)
    at Function.init (C:\Users\Intelory\Desktop\LD\node_modules\sequelize\src\model.js:1105:10)
    at Function.initModel (C:\Users\Intelory\Desktop\LD\src\database\models\bookAuthor.model.ts:42:23)
    at C:\Users\Intelory\Desktop\LD\src\database\index.ts:84:39
    at Array.forEach (<anonymous>)
    at Object.<anonymous> (C:\Users\Intelory\Desktop\LD\src\database\index.ts:82:21)
    at Module._compile (node:internal/modules/cjs/loader:1254:14)
    at Module.m._compile (C:\Users\Intelory\Desktop\LD\node_modules\ts-node\src\index.ts:1618:23)
    at Module._extensions..js (node:internal/modules/cjs/loader:1308:10)
    at Object.require.extensions.<computed> [as .ts] (C:\Users\Intelory\Desktop\LD\node_modules\ts-node\src\index.ts:1621:12)
[2023-06-30 12:46:07] ERROR: uncaughtException: A column called 'id' was added to the attributes of 'book_authors' but not marked with 'primaryKey: true'
Error: A column called 'id' was added to the attributes of 'book_authors' but not marked with 'primaryKey: true'
    at Function._addDefaultAttributes (C:\Users\Intelory\Desktop\LD\node_modules\sequelize\src\model.js:252:15)
    at Function.init (C:\Users\Intelory\Desktop\LD\node_modules\sequelize\src\model.js:1105:10)
    at Function.initModel (C:\Users\Intelory\Desktop\LD\src\database\models\bookAuthor.model.ts:42:23)
    at C:\Users\Intelory\Desktop\LD\src\database\index.ts:84:39
    at Array.forEach (<anonymous>)
    at Object.<anonymous> (C:\Users\Intelory\Desktop\LD\src\database\index.ts:82:21)
    at Module._compile (node:internal/modules/cjs/loader:1254:14)
    at Module.m._compile (C:\Users\Intelory\Desktop\LD\node_modules\ts-node\src\index.ts:1618:23)
    at Module._extensions..js (node:internal/modules/cjs/loader:1308:10)
    at Object.require.extensions.<computed> [as .ts] (C:\Users\Intelory\Desktop\LD\node_modules\ts-node\src\index.ts:1621:12)
[2023-06-30 12:46:32] ERROR: uncaughtException: A column called 'id' was added to the attributes of 'book_authors' but not marked with 'primaryKey: true'
Error: A column called 'id' was added to the attributes of 'book_authors' but not marked with 'primaryKey: true'
    at Function._addDefaultAttributes (C:\Users\Intelory\Desktop\LD\node_modules\sequelize\src\model.js:252:15)
    at Function.init (C:\Users\Intelory\Desktop\LD\node_modules\sequelize\src\model.js:1105:10)
    at Function.initModel (C:\Users\Intelory\Desktop\LD\src\database\models\bookAuthor.model.ts:42:23)
    at C:\Users\Intelory\Desktop\LD\src\database\index.ts:84:39
    at Array.forEach (<anonymous>)
    at Object.<anonymous> (C:\Users\Intelory\Desktop\LD\src\database\index.ts:82:21)
    at Module._compile (node:internal/modules/cjs/loader:1254:14)
    at Module.m._compile (C:\Users\Intelory\Desktop\LD\node_modules\ts-node\src\index.ts:1618:23)
    at Module._extensions..js (node:internal/modules/cjs/loader:1308:10)
    at Object.require.extensions.<computed> [as .ts] (C:\Users\Intelory\Desktop\LD\node_modules\ts-node\src\index.ts:1621:12)
[2023-06-30 12:47:23] ERROR: uncaughtException: A column called 'id' was added to the attributes of 'book_authors' but not marked with 'primaryKey: true'
Error: A column called 'id' was added to the attributes of 'book_authors' but not marked with 'primaryKey: true'
    at Function._addDefaultAttributes (C:\Users\Intelory\Desktop\LD\node_modules\sequelize\src\model.js:252:15)
    at Function.init (C:\Users\Intelory\Desktop\LD\node_modules\sequelize\src\model.js:1105:10)
    at Function.initModel (C:\Users\Intelory\Desktop\LD\src\database\models\bookAuthor.model.ts:42:23)
    at C:\Users\Intelory\Desktop\LD\src\database\index.ts:84:39
    at Array.forEach (<anonymous>)
    at Object.<anonymous> (C:\Users\Intelory\Desktop\LD\src\database\index.ts:82:21)
    at Module._compile (node:internal/modules/cjs/loader:1254:14)
    at Module.m._compile (C:\Users\Intelory\Desktop\LD\node_modules\ts-node\src\index.ts:1618:23)
    at Module._extensions..js (node:internal/modules/cjs/loader:1308:10)
    at Object.require.extensions.<computed> [as .ts] (C:\Users\Intelory\Desktop\LD\node_modules\ts-node\src\index.ts:1621:12)
[2023-06-30 12:47:38] ERROR: uncaughtException: A column called 'id' was added to the attributes of 'book_authors' but not marked with 'primaryKey: true'
Error: A column called 'id' was added to the attributes of 'book_authors' but not marked with 'primaryKey: true'
    at Function._addDefaultAttributes (C:\Users\Intelory\Desktop\LD\node_modules\sequelize\src\model.js:252:15)
    at Function.init (C:\Users\Intelory\Desktop\LD\node_modules\sequelize\src\model.js:1105:10)
    at Function.initModel (C:\Users\Intelory\Desktop\LD\src\database\models\bookAuthor.model.ts:42:23)
    at C:\Users\Intelory\Desktop\LD\src\database\index.ts:84:39
    at Array.forEach (<anonymous>)
    at Object.<anonymous> (C:\Users\Intelory\Desktop\LD\src\database\index.ts:82:21)
    at Module._compile (node:internal/modules/cjs/loader:1254:14)
    at Module.m._compile (C:\Users\Intelory\Desktop\LD\node_modules\ts-node\src\index.ts:1618:23)
    at Module._extensions..js (node:internal/modules/cjs/loader:1308:10)
    at Object.require.extensions.<computed> [as .ts] (C:\Users\Intelory\Desktop\LD\node_modules\ts-node\src\index.ts:1621:12)
[2023-06-30 12:47:42] ERROR: uncaughtException: A column called 'id' was added to the attributes of 'book_authors' but not marked with 'primaryKey: true'
Error: A column called 'id' was added to the attributes of 'book_authors' but not marked with 'primaryKey: true'
    at Function._addDefaultAttributes (C:\Users\Intelory\Desktop\LD\node_modules\sequelize\src\model.js:252:15)
    at Function.init (C:\Users\Intelory\Desktop\LD\node_modules\sequelize\src\model.js:1105:10)
    at Function.initModel (C:\Users\Intelory\Desktop\LD\src\database\models\bookAuthor.model.ts:42:23)
    at C:\Users\Intelory\Desktop\LD\src\database\index.ts:84:39
    at Array.forEach (<anonymous>)
    at Object.<anonymous> (C:\Users\Intelory\Desktop\LD\src\database\index.ts:82:21)
    at Module._compile (node:internal/modules/cjs/loader:1254:14)
    at Module.m._compile (C:\Users\Intelory\Desktop\LD\node_modules\ts-node\src\index.ts:1618:23)
    at Module._extensions..js (node:internal/modules/cjs/loader:1308:10)
    at Object.require.extensions.<computed> [as .ts] (C:\Users\Intelory\Desktop\LD\node_modules\ts-node\src\index.ts:1621:12)
[2023-06-30 12:48:11] ERROR: uncaughtException: A column called 'id' was added to the attributes of 'book_authors' but not marked with 'primaryKey: true'
Error: A column called 'id' was added to the attributes of 'book_authors' but not marked with 'primaryKey: true'
    at Function._addDefaultAttributes (C:\Users\Intelory\Desktop\LD\node_modules\sequelize\src\model.js:252:15)
    at Function.init (C:\Users\Intelory\Desktop\LD\node_modules\sequelize\src\model.js:1105:10)
    at Function.initModel (C:\Users\Intelory\Desktop\LD\src\database\models\bookAuthor.model.ts:42:23)
    at C:\Users\Intelory\Desktop\LD\src\database\index.ts:84:39
    at Array.forEach (<anonymous>)
    at Object.<anonymous> (C:\Users\Intelory\Desktop\LD\src\database\index.ts:82:21)
    at Module._compile (node:internal/modules/cjs/loader:1254:14)
    at Module.m._compile (C:\Users\Intelory\Desktop\LD\node_modules\ts-node\src\index.ts:1618:23)
    at Module._extensions..js (node:internal/modules/cjs/loader:1308:10)
    at Object.require.extensions.<computed> [as .ts] (C:\Users\Intelory\Desktop\LD\node_modules\ts-node\src\index.ts:1621:12)
[2023-06-30 12:48:52] ERROR: uncaughtException: A column called 'id' was added to the attributes of 'book_authors' but not marked with 'primaryKey: true'
Error: A column called 'id' was added to the attributes of 'book_authors' but not marked with 'primaryKey: true'
    at Function._addDefaultAttributes (C:\Users\Intelory\Desktop\LD\node_modules\sequelize\src\model.js:252:15)
    at Function.init (C:\Users\Intelory\Desktop\LD\node_modules\sequelize\src\model.js:1105:10)
    at Function.initModel (C:\Users\Intelory\Desktop\LD\src\database\models\bookAuthor.model.ts:42:23)
    at C:\Users\Intelory\Desktop\LD\src\database\index.ts:84:39
    at Array.forEach (<anonymous>)
    at Object.<anonymous> (C:\Users\Intelory\Desktop\LD\src\database\index.ts:82:21)
    at Module._compile (node:internal/modules/cjs/loader:1254:14)
    at Module.m._compile (C:\Users\Intelory\Desktop\LD\node_modules\ts-node\src\index.ts:1618:23)
    at Module._extensions..js (node:internal/modules/cjs/loader:1308:10)
    at Object.require.extensions.<computed> [as .ts] (C:\Users\Intelory\Desktop\LD\node_modules\ts-node\src\index.ts:1621:12)
[2023-06-30 12:49:10] ERROR: uncaughtException: A column called 'id' was added to the attributes of 'book_authors' but not marked with 'primaryKey: true'
Error: A column called 'id' was added to the attributes of 'book_authors' but not marked with 'primaryKey: true'
    at Function._addDefaultAttributes (C:\Users\Intelory\Desktop\LD\node_modules\sequelize\src\model.js:252:15)
    at Function.init (C:\Users\Intelory\Desktop\LD\node_modules\sequelize\src\model.js:1105:10)
    at Function.initModel (C:\Users\Intelory\Desktop\LD\src\database\models\bookAuthor.model.ts:42:23)
    at C:\Users\Intelory\Desktop\LD\src\database\index.ts:84:39
    at Array.forEach (<anonymous>)
    at Object.<anonymous> (C:\Users\Intelory\Desktop\LD\src\database\index.ts:82:21)
    at Module._compile (node:internal/modules/cjs/loader:1254:14)
    at Module.m._compile (C:\Users\Intelory\Desktop\LD\node_modules\ts-node\src\index.ts:1618:23)
    at Module._extensions..js (node:internal/modules/cjs/loader:1308:10)
    at Object.require.extensions.<computed> [as .ts] (C:\Users\Intelory\Desktop\LD\node_modules\ts-node\src\index.ts:1621:12)
[2023-06-30 12:49:29] ERROR: uncaughtException: A column called 'id' was added to the attributes of 'book_authors' but not marked with 'primaryKey: true'
Error: A column called 'id' was added to the attributes of 'book_authors' but not marked with 'primaryKey: true'
    at Function._addDefaultAttributes (C:\Users\Intelory\Desktop\LD\node_modules\sequelize\src\model.js:252:15)
    at Function.init (C:\Users\Intelory\Desktop\LD\node_modules\sequelize\src\model.js:1105:10)
    at Function.initModel (C:\Users\Intelory\Desktop\LD\src\database\models\bookAuthor.model.ts:42:23)
    at C:\Users\Intelory\Desktop\LD\src\database\index.ts:84:39
    at Array.forEach (<anonymous>)
    at Object.<anonymous> (C:\Users\Intelory\Desktop\LD\src\database\index.ts:82:21)
    at Module._compile (node:internal/modules/cjs/loader:1254:14)
    at Module.m._compile (C:\Users\Intelory\Desktop\LD\node_modules\ts-node\src\index.ts:1618:23)
    at Module._extensions..js (node:internal/modules/cjs/loader:1308:10)
    at Object.require.extensions.<computed> [as .ts] (C:\Users\Intelory\Desktop\LD\node_modules\ts-node\src\index.ts:1621:12)
[2023-06-30 12:50:15] ERROR: uncaughtException: A column called 'id' was added to the attributes of 'book_authors' but not marked with 'primaryKey: true'
Error: A column called 'id' was added to the attributes of 'book_authors' but not marked with 'primaryKey: true'
    at Function._addDefaultAttributes (C:\Users\Intelory\Desktop\LD\node_modules\sequelize\src\model.js:252:15)
    at Function.init (C:\Users\Intelory\Desktop\LD\node_modules\sequelize\src\model.js:1105:10)
    at Function.initModel (C:\Users\Intelory\Desktop\LD\src\database\models\bookAuthor.model.ts:42:23)
    at C:\Users\Intelory\Desktop\LD\src\database\index.ts:84:39
    at Array.forEach (<anonymous>)
    at Object.<anonymous> (C:\Users\Intelory\Desktop\LD\src\database\index.ts:82:21)
    at Module._compile (node:internal/modules/cjs/loader:1254:14)
    at Module.m._compile (C:\Users\Intelory\Desktop\LD\node_modules\ts-node\src\index.ts:1618:23)
    at Module._extensions..js (node:internal/modules/cjs/loader:1308:10)
    at Object.require.extensions.<computed> [as .ts] (C:\Users\Intelory\Desktop\LD\node_modules\ts-node\src\index.ts:1621:12)
[2023-06-30 12:51:47] ERROR: uncaughtException: A column called 'id' was added to the attributes of 'book_authors' but not marked with 'primaryKey: true'
Error: A column called 'id' was added to the attributes of 'book_authors' but not marked with 'primaryKey: true'
    at Function._addDefaultAttributes (C:\Users\Intelory\Desktop\LD\node_modules\sequelize\src\model.js:252:15)
    at Function.init (C:\Users\Intelory\Desktop\LD\node_modules\sequelize\src\model.js:1105:10)
    at Function.initModel (C:\Users\Intelory\Desktop\LD\src\database\models\bookAuthor.model.ts:42:23)
    at C:\Users\Intelory\Desktop\LD\src\database\index.ts:84:39
    at Array.forEach (<anonymous>)
    at Object.<anonymous> (C:\Users\Intelory\Desktop\LD\src\database\index.ts:82:21)
    at Module._compile (node:internal/modules/cjs/loader:1254:14)
    at Module.m._compile (C:\Users\Intelory\Desktop\LD\node_modules\ts-node\src\index.ts:1618:23)
    at Module._extensions..js (node:internal/modules/cjs/loader:1308:10)
    at Object.require.extensions.<computed> [as .ts] (C:\Users\Intelory\Desktop\LD\node_modules\ts-node\src\index.ts:1621:12)
[2023-06-30 12:52:01] ERROR: uncaughtException: A column called 'id' was added to the attributes of 'book_authors' but not marked with 'primaryKey: true'
Error: A column called 'id' was added to the attributes of 'book_authors' but not marked with 'primaryKey: true'
    at Function._addDefaultAttributes (C:\Users\Intelory\Desktop\LD\node_modules\sequelize\src\model.js:252:15)
    at Function.init (C:\Users\Intelory\Desktop\LD\node_modules\sequelize\src\model.js:1105:10)
    at Function.initModel (C:\Users\Intelory\Desktop\LD\src\database\models\bookAuthor.model.ts:42:23)
    at C:\Users\Intelory\Desktop\LD\src\database\index.ts:84:39
    at Array.forEach (<anonymous>)
    at Object.<anonymous> (C:\Users\Intelory\Desktop\LD\src\database\index.ts:82:21)
    at Module._compile (node:internal/modules/cjs/loader:1254:14)
    at Module.m._compile (C:\Users\Intelory\Desktop\LD\node_modules\ts-node\src\index.ts:1618:23)
    at Module._extensions..js (node:internal/modules/cjs/loader:1308:10)
    at Object.require.extensions.<computed> [as .ts] (C:\Users\Intelory\Desktop\LD\node_modules\ts-node\src\index.ts:1621:12)
[2023-06-30 12:52:16] ERROR: uncaughtException: A column called 'id' was added to the attributes of 'book_authors' but not marked with 'primaryKey: true'
Error: A column called 'id' was added to the attributes of 'book_authors' but not marked with 'primaryKey: true'
    at Function._addDefaultAttributes (C:\Users\Intelory\Desktop\LD\node_modules\sequelize\src\model.js:252:15)
    at Function.init (C:\Users\Intelory\Desktop\LD\node_modules\sequelize\src\model.js:1105:10)
    at Function.initModel (C:\Users\Intelory\Desktop\LD\src\database\models\bookAuthor.model.ts:42:23)
    at C:\Users\Intelory\Desktop\LD\src\database\index.ts:84:39
    at Array.forEach (<anonymous>)
    at Object.<anonymous> (C:\Users\Intelory\Desktop\LD\src\database\index.ts:82:21)
    at Module._compile (node:internal/modules/cjs/loader:1254:14)
    at Module.m._compile (C:\Users\Intelory\Desktop\LD\node_modules\ts-node\src\index.ts:1618:23)
    at Module._extensions..js (node:internal/modules/cjs/loader:1308:10)
    at Object.require.extensions.<computed> [as .ts] (C:\Users\Intelory\Desktop\LD\node_modules\ts-node\src\index.ts:1621:12)
[2023-06-30 12:52:33] ERROR: uncaughtException: A column called 'id' was added to the attributes of 'book_authors' but not marked with 'primaryKey: true'
Error: A column called 'id' was added to the attributes of 'book_authors' but not marked with 'primaryKey: true'
    at Function._addDefaultAttributes (C:\Users\Intelory\Desktop\LD\node_modules\sequelize\src\model.js:252:15)
    at Function.init (C:\Users\Intelory\Desktop\LD\node_modules\sequelize\src\model.js:1105:10)
    at Function.initModel (C:\Users\Intelory\Desktop\LD\src\database\models\bookAuthor.model.ts:42:23)
    at C:\Users\Intelory\Desktop\LD\src\database\index.ts:84:39
    at Array.forEach (<anonymous>)
    at Object.<anonymous> (C:\Users\Intelory\Desktop\LD\src\database\index.ts:82:21)
    at Module._compile (node:internal/modules/cjs/loader:1254:14)
    at Module.m._compile (C:\Users\Intelory\Desktop\LD\node_modules\ts-node\src\index.ts:1618:23)
    at Module._extensions..js (node:internal/modules/cjs/loader:1308:10)
    at Object.require.extensions.<computed> [as .ts] (C:\Users\Intelory\Desktop\LD\node_modules\ts-node\src\index.ts:1621:12)
[2023-06-30 12:52:45] ERROR: uncaughtException: A column called 'id' was added to the attributes of 'book_authors' but not marked with 'primaryKey: true'
Error: A column called 'id' was added to the attributes of 'book_authors' but not marked with 'primaryKey: true'
    at Function._addDefaultAttributes (C:\Users\Intelory\Desktop\LD\node_modules\sequelize\src\model.js:252:15)
    at Function.init (C:\Users\Intelory\Desktop\LD\node_modules\sequelize\src\model.js:1105:10)
    at Function.initModel (C:\Users\Intelory\Desktop\LD\src\database\models\bookAuthor.model.ts:42:23)
    at C:\Users\Intelory\Desktop\LD\src\database\index.ts:84:39
    at Array.forEach (<anonymous>)
    at Object.<anonymous> (C:\Users\Intelory\Desktop\LD\src\database\index.ts:82:21)
    at Module._compile (node:internal/modules/cjs/loader:1254:14)
    at Module.m._compile (C:\Users\Intelory\Desktop\LD\node_modules\ts-node\src\index.ts:1618:23)
    at Module._extensions..js (node:internal/modules/cjs/loader:1308:10)
    at Object.require.extensions.<computed> [as .ts] (C:\Users\Intelory\Desktop\LD\node_modules\ts-node\src\index.ts:1621:12)
[2023-06-30 12:53:07] ERROR: uncaughtException: A column called 'id' was added to the attributes of 'book_authors' but not marked with 'primaryKey: true'
Error: A column called 'id' was added to the attributes of 'book_authors' but not marked with 'primaryKey: true'
    at Function._addDefaultAttributes (C:\Users\Intelory\Desktop\LD\node_modules\sequelize\src\model.js:252:15)
    at Function.init (C:\Users\Intelory\Desktop\LD\node_modules\sequelize\src\model.js:1105:10)
    at Function.initModel (C:\Users\Intelory\Desktop\LD\src\database\models\bookAuthor.model.ts:42:23)
    at C:\Users\Intelory\Desktop\LD\src\database\index.ts:84:39
    at Array.forEach (<anonymous>)
    at Object.<anonymous> (C:\Users\Intelory\Desktop\LD\src\database\index.ts:82:21)
    at Module._compile (node:internal/modules/cjs/loader:1254:14)
    at Module.m._compile (C:\Users\Intelory\Desktop\LD\node_modules\ts-node\src\index.ts:1618:23)
    at Module._extensions..js (node:internal/modules/cjs/loader:1308:10)
    at Object.require.extensions.<computed> [as .ts] (C:\Users\Intelory\Desktop\LD\node_modules\ts-node\src\index.ts:1621:12)
[2023-06-30 12:53:20] ERROR: uncaughtException: A column called 'id' was added to the attributes of 'book_authors' but not marked with 'primaryKey: true'
Error: A column called 'id' was added to the attributes of 'book_authors' but not marked with 'primaryKey: true'
    at Function._addDefaultAttributes (C:\Users\Intelory\Desktop\LD\node_modules\sequelize\src\model.js:252:15)
    at Function.init (C:\Users\Intelory\Desktop\LD\node_modules\sequelize\src\model.js:1105:10)
    at Function.initModel (C:\Users\Intelory\Desktop\LD\src\database\models\bookAuthor.model.ts:42:23)
    at C:\Users\Intelory\Desktop\LD\src\database\index.ts:84:39
    at Array.forEach (<anonymous>)
    at Object.<anonymous> (C:\Users\Intelory\Desktop\LD\src\database\index.ts:82:21)
    at Module._compile (node:internal/modules/cjs/loader:1254:14)
    at Module.m._compile (C:\Users\Intelory\Desktop\LD\node_modules\ts-node\src\index.ts:1618:23)
    at Module._extensions..js (node:internal/modules/cjs/loader:1308:10)
    at Object.require.extensions.<computed> [as .ts] (C:\Users\Intelory\Desktop\LD\node_modules\ts-node\src\index.ts:1621:12)
[2023-06-30 12:53:55] ERROR: uncaughtException: A column called 'id' was added to the attributes of 'book_authors' but not marked with 'primaryKey: true'
Error: A column called 'id' was added to the attributes of 'book_authors' but not marked with 'primaryKey: true'
    at Function._addDefaultAttributes (C:\Users\Intelory\Desktop\LD\node_modules\sequelize\src\model.js:252:15)
    at Function.init (C:\Users\Intelory\Desktop\LD\node_modules\sequelize\src\model.js:1105:10)
    at Function.initModel (C:\Users\Intelory\Desktop\LD\src\database\models\bookAuthor.model.ts:42:23)
    at C:\Users\Intelory\Desktop\LD\src\database\index.ts:84:39
    at Array.forEach (<anonymous>)
    at Object.<anonymous> (C:\Users\Intelory\Desktop\LD\src\database\index.ts:82:21)
    at Module._compile (node:internal/modules/cjs/loader:1254:14)
    at Module.m._compile (C:\Users\Intelory\Desktop\LD\node_modules\ts-node\src\index.ts:1618:23)
    at Module._extensions..js (node:internal/modules/cjs/loader:1308:10)
    at Object.require.extensions.<computed> [as .ts] (C:\Users\Intelory\Desktop\LD\node_modules\ts-node\src\index.ts:1621:12)
[2023-06-30 12:55:07] ERROR: uncaughtException: A column called 'id' was added to the attributes of 'book_authors' but not marked with 'primaryKey: true'
Error: A column called 'id' was added to the attributes of 'book_authors' but not marked with 'primaryKey: true'
    at Function._addDefaultAttributes (C:\Users\Intelory\Desktop\LD\node_modules\sequelize\src\model.js:252:15)
    at Function.init (C:\Users\Intelory\Desktop\LD\node_modules\sequelize\src\model.js:1105:10)
    at Function.initModel (C:\Users\Intelory\Desktop\LD\src\database\models\bookAuthor.model.ts:42:23)
    at C:\Users\Intelory\Desktop\LD\src\database\index.ts:84:39
    at Array.forEach (<anonymous>)
    at Object.<anonymous> (C:\Users\Intelory\Desktop\LD\src\database\index.ts:82:21)
    at Module._compile (node:internal/modules/cjs/loader:1254:14)
    at Module.m._compile (C:\Users\Intelory\Desktop\LD\node_modules\ts-node\src\index.ts:1618:23)
    at Module._extensions..js (node:internal/modules/cjs/loader:1308:10)
    at Object.require.extensions.<computed> [as .ts] (C:\Users\Intelory\Desktop\LD\node_modules\ts-node\src\index.ts:1621:12)
[2023-06-30 12:55:23] ERROR: uncaughtException: A column called 'id' was added to the attributes of 'book_authors' but not marked with 'primaryKey: true'
Error: A column called 'id' was added to the attributes of 'book_authors' but not marked with 'primaryKey: true'
    at Function._addDefaultAttributes (C:\Users\Intelory\Desktop\LD\node_modules\sequelize\src\model.js:252:15)
    at Function.init (C:\Users\Intelory\Desktop\LD\node_modules\sequelize\src\model.js:1105:10)
    at Function.initModel (C:\Users\Intelory\Desktop\LD\src\database\models\bookAuthor.model.ts:42:23)
    at C:\Users\Intelory\Desktop\LD\src\database\index.ts:84:39
    at Array.forEach (<anonymous>)
    at Object.<anonymous> (C:\Users\Intelory\Desktop\LD\src\database\index.ts:82:21)
    at Module._compile (node:internal/modules/cjs/loader:1254:14)
    at Module.m._compile (C:\Users\Intelory\Desktop\LD\node_modules\ts-node\src\index.ts:1618:23)
    at Module._extensions..js (node:internal/modules/cjs/loader:1308:10)
    at Object.require.extensions.<computed> [as .ts] (C:\Users\Intelory\Desktop\LD\node_modules\ts-node\src\index.ts:1621:12)
[2023-06-30 12:55:27] ERROR: uncaughtException: A column called 'id' was added to the attributes of 'book_authors' but not marked with 'primaryKey: true'
Error: A column called 'id' was added to the attributes of 'book_authors' but not marked with 'primaryKey: true'
    at Function._addDefaultAttributes (C:\Users\Intelory\Desktop\LD\node_modules\sequelize\src\model.js:252:15)
    at Function.init (C:\Users\Intelory\Desktop\LD\node_modules\sequelize\src\model.js:1105:10)
    at Function.initModel (C:\Users\Intelory\Desktop\LD\src\database\models\bookAuthor.model.ts:42:23)
    at C:\Users\Intelory\Desktop\LD\src\database\index.ts:84:39
    at Array.forEach (<anonymous>)
    at Object.<anonymous> (C:\Users\Intelory\Desktop\LD\src\database\index.ts:82:21)
    at Module._compile (node:internal/modules/cjs/loader:1254:14)
    at Module.m._compile (C:\Users\Intelory\Desktop\LD\node_modules\ts-node\src\index.ts:1618:23)
    at Module._extensions..js (node:internal/modules/cjs/loader:1308:10)
    at Object.require.extensions.<computed> [as .ts] (C:\Users\Intelory\Desktop\LD\node_modules\ts-node\src\index.ts:1621:12)
[2023-06-30 12:55:38] ERROR: uncaughtException: A column called 'id' was added to the attributes of 'book_authors' but not marked with 'primaryKey: true'
Error: A column called 'id' was added to the attributes of 'book_authors' but not marked with 'primaryKey: true'
    at Function._addDefaultAttributes (C:\Users\Intelory\Desktop\LD\node_modules\sequelize\src\model.js:252:15)
    at Function.init (C:\Users\Intelory\Desktop\LD\node_modules\sequelize\src\model.js:1105:10)
    at Function.initModel (C:\Users\Intelory\Desktop\LD\src\database\models\bookAuthor.model.ts:42:23)
    at C:\Users\Intelory\Desktop\LD\src\database\index.ts:84:39
    at Array.forEach (<anonymous>)
    at Object.<anonymous> (C:\Users\Intelory\Desktop\LD\src\database\index.ts:82:21)
    at Module._compile (node:internal/modules/cjs/loader:1254:14)
    at Module.m._compile (C:\Users\Intelory\Desktop\LD\node_modules\ts-node\src\index.ts:1618:23)
    at Module._extensions..js (node:internal/modules/cjs/loader:1308:10)
    at Object.require.extensions.<computed> [as .ts] (C:\Users\Intelory\Desktop\LD\node_modules\ts-node\src\index.ts:1621:12)
[2023-06-30 12:55:43] ERROR: uncaughtException: A column called 'id' was added to the attributes of 'book_authors' but not marked with 'primaryKey: true'
Error: A column called 'id' was added to the attributes of 'book_authors' but not marked with 'primaryKey: true'
    at Function._addDefaultAttributes (C:\Users\Intelory\Desktop\LD\node_modules\sequelize\src\model.js:252:15)
    at Function.init (C:\Users\Intelory\Desktop\LD\node_modules\sequelize\src\model.js:1105:10)
    at Function.initModel (C:\Users\Intelory\Desktop\LD\src\database\models\bookAuthor.model.ts:42:23)
    at C:\Users\Intelory\Desktop\LD\src\database\index.ts:84:39
    at Array.forEach (<anonymous>)
    at Object.<anonymous> (C:\Users\Intelory\Desktop\LD\src\database\index.ts:82:21)
    at Module._compile (node:internal/modules/cjs/loader:1254:14)
    at Module.m._compile (C:\Users\Intelory\Desktop\LD\node_modules\ts-node\src\index.ts:1618:23)
    at Module._extensions..js (node:internal/modules/cjs/loader:1308:10)
    at Object.require.extensions.<computed> [as .ts] (C:\Users\Intelory\Desktop\LD\node_modules\ts-node\src\index.ts:1621:12)
[2023-06-30 12:55:56] ERROR: uncaughtException: A column called 'id' was added to the attributes of 'book_authors' but not marked with 'primaryKey: true'
Error: A column called 'id' was added to the attributes of 'book_authors' but not marked with 'primaryKey: true'
    at Function._addDefaultAttributes (C:\Users\Intelory\Desktop\LD\node_modules\sequelize\src\model.js:252:15)
    at Function.init (C:\Users\Intelory\Desktop\LD\node_modules\sequelize\src\model.js:1105:10)
    at Function.initModel (C:\Users\Intelory\Desktop\LD\src\database\models\bookAuthor.model.ts:42:23)
    at C:\Users\Intelory\Desktop\LD\src\database\index.ts:84:39
    at Array.forEach (<anonymous>)
    at Object.<anonymous> (C:\Users\Intelory\Desktop\LD\src\database\index.ts:82:21)
    at Module._compile (node:internal/modules/cjs/loader:1254:14)
    at Module.m._compile (C:\Users\Intelory\Desktop\LD\node_modules\ts-node\src\index.ts:1618:23)
    at Module._extensions..js (node:internal/modules/cjs/loader:1308:10)
    at Object.require.extensions.<computed> [as .ts] (C:\Users\Intelory\Desktop\LD\node_modules\ts-node\src\index.ts:1621:12)
[2023-06-30 12:56:16] ERROR: uncaughtException: A column called 'id' was added to the attributes of 'book_authors' but not marked with 'primaryKey: true'
Error: A column called 'id' was added to the attributes of 'book_authors' but not marked with 'primaryKey: true'
    at Function._addDefaultAttributes (C:\Users\Intelory\Desktop\LD\node_modules\sequelize\src\model.js:252:15)
    at Function.init (C:\Users\Intelory\Desktop\LD\node_modules\sequelize\src\model.js:1105:10)
    at Function.initModel (C:\Users\Intelory\Desktop\LD\src\database\models\bookAuthor.model.ts:42:23)
    at C:\Users\Intelory\Desktop\LD\src\database\index.ts:84:39
    at Array.forEach (<anonymous>)
    at Object.<anonymous> (C:\Users\Intelory\Desktop\LD\src\database\index.ts:82:21)
    at Module._compile (node:internal/modules/cjs/loader:1254:14)
    at Module.m._compile (C:\Users\Intelory\Desktop\LD\node_modules\ts-node\src\index.ts:1618:23)
    at Module._extensions..js (node:internal/modules/cjs/loader:1308:10)
    at Object.require.extensions.<computed> [as .ts] (C:\Users\Intelory\Desktop\LD\node_modules\ts-node\src\index.ts:1621:12)
[2023-06-30 12:58:03] ERROR: uncaughtException: A column called 'id' was added to the attributes of 'book_authors' but not marked with 'primaryKey: true'
Error: A column called 'id' was added to the attributes of 'book_authors' but not marked with 'primaryKey: true'
    at Function._addDefaultAttributes (C:\Users\Intelory\Desktop\LD\node_modules\sequelize\src\model.js:252:15)
    at Function.init (C:\Users\Intelory\Desktop\LD\node_modules\sequelize\src\model.js:1105:10)
    at Function.initModel (C:\Users\Intelory\Desktop\LD\src\database\models\bookAuthor.model.ts:42:23)
    at C:\Users\Intelory\Desktop\LD\src\database\index.ts:84:39
    at Array.forEach (<anonymous>)
    at Object.<anonymous> (C:\Users\Intelory\Desktop\LD\src\database\index.ts:82:21)
    at Module._compile (node:internal/modules/cjs/loader:1254:14)
    at Module.m._compile (C:\Users\Intelory\Desktop\LD\node_modules\ts-node\src\index.ts:1618:23)
    at Module._extensions..js (node:internal/modules/cjs/loader:1308:10)
    at Object.require.extensions.<computed> [as .ts] (C:\Users\Intelory\Desktop\LD\node_modules\ts-node\src\index.ts:1621:12)
[2023-06-30 12:58:14] ERROR: uncaughtException: A column called 'id' was added to the attributes of 'book_authors' but not marked with 'primaryKey: true'
Error: A column called 'id' was added to the attributes of 'book_authors' but not marked with 'primaryKey: true'
    at Function._addDefaultAttributes (C:\Users\Intelory\Desktop\LD\node_modules\sequelize\src\model.js:252:15)
    at Function.init (C:\Users\Intelory\Desktop\LD\node_modules\sequelize\src\model.js:1105:10)
    at Function.initModel (C:\Users\Intelory\Desktop\LD\src\database\models\bookAuthor.model.ts:42:23)
    at C:\Users\Intelory\Desktop\LD\src\database\index.ts:84:39
    at Array.forEach (<anonymous>)
    at Object.<anonymous> (C:\Users\Intelory\Desktop\LD\src\database\index.ts:82:21)
    at Module._compile (node:internal/modules/cjs/loader:1254:14)
    at Module.m._compile (C:\Users\Intelory\Desktop\LD\node_modules\ts-node\src\index.ts:1618:23)
    at Module._extensions..js (node:internal/modules/cjs/loader:1308:10)
    at Object.require.extensions.<computed> [as .ts] (C:\Users\Intelory\Desktop\LD\node_modules\ts-node\src\index.ts:1621:12)
[2023-06-30 12:59:54] ERROR: uncaughtException: A column called 'id' was added to the attributes of 'book_authors' but not marked with 'primaryKey: true'
Error: A column called 'id' was added to the attributes of 'book_authors' but not marked with 'primaryKey: true'
    at Function._addDefaultAttributes (C:\Users\Intelory\Desktop\LD\node_modules\sequelize\src\model.js:252:15)
    at Function.init (C:\Users\Intelory\Desktop\LD\node_modules\sequelize\src\model.js:1105:10)
    at Function.initModel (C:\Users\Intelory\Desktop\LD\src\database\models\bookAuthor.model.ts:42:23)
    at C:\Users\Intelory\Desktop\LD\src\database\index.ts:84:39
    at Array.forEach (<anonymous>)
    at Object.<anonymous> (C:\Users\Intelory\Desktop\LD\src\database\index.ts:82:21)
    at Module._compile (node:internal/modules/cjs/loader:1254:14)
    at Module.m._compile (C:\Users\Intelory\Desktop\LD\node_modules\ts-node\src\index.ts:1618:23)
    at Module._extensions..js (node:internal/modules/cjs/loader:1308:10)
    at Object.require.extensions.<computed> [as .ts] (C:\Users\Intelory\Desktop\LD\node_modules\ts-node\src\index.ts:1621:12)
[2023-06-30 13:00:06] ERROR: uncaughtException: A column called 'id' was added to the attributes of 'book_authors' but not marked with 'primaryKey: true'
Error: A column called 'id' was added to the attributes of 'book_authors' but not marked with 'primaryKey: true'
    at Function._addDefaultAttributes (C:\Users\Intelory\Desktop\LD\node_modules\sequelize\src\model.js:252:15)
    at Function.init (C:\Users\Intelory\Desktop\LD\node_modules\sequelize\src\model.js:1105:10)
    at Function.initModel (C:\Users\Intelory\Desktop\LD\src\database\models\bookAuthor.model.ts:42:23)
    at C:\Users\Intelory\Desktop\LD\src\database\index.ts:84:39
    at Array.forEach (<anonymous>)
    at Object.<anonymous> (C:\Users\Intelory\Desktop\LD\src\database\index.ts:82:21)
    at Module._compile (node:internal/modules/cjs/loader:1254:14)
    at Module.m._compile (C:\Users\Intelory\Desktop\LD\node_modules\ts-node\src\index.ts:1618:23)
    at Module._extensions..js (node:internal/modules/cjs/loader:1308:10)
    at Object.require.extensions.<computed> [as .ts] (C:\Users\Intelory\Desktop\LD\node_modules\ts-node\src\index.ts:1621:12)
[2023-06-30 13:00:37] ERROR: uncaughtException: A column called 'id' was added to the attributes of 'book_authors' but not marked with 'primaryKey: true'
Error: A column called 'id' was added to the attributes of 'book_authors' but not marked with 'primaryKey: true'
    at Function._addDefaultAttributes (C:\Users\Intelory\Desktop\LD\node_modules\sequelize\src\model.js:252:15)
    at Function.init (C:\Users\Intelory\Desktop\LD\node_modules\sequelize\src\model.js:1105:10)
    at Function.initModel (C:\Users\Intelory\Desktop\LD\src\database\models\bookAuthor.model.ts:42:23)
    at C:\Users\Intelory\Desktop\LD\src\database\index.ts:84:39
    at Array.forEach (<anonymous>)
    at Object.<anonymous> (C:\Users\Intelory\Desktop\LD\src\database\index.ts:82:21)
    at Module._compile (node:internal/modules/cjs/loader:1254:14)
    at Module.m._compile (C:\Users\Intelory\Desktop\LD\node_modules\ts-node\src\index.ts:1618:23)
    at Module._extensions..js (node:internal/modules/cjs/loader:1308:10)
    at Object.require.extensions.<computed> [as .ts] (C:\Users\Intelory\Desktop\LD\node_modules\ts-node\src\index.ts:1621:12)
[2023-06-30 13:04:58] ERROR: uncaughtException: A column called 'id' was added to the attributes of 'book_authors' but not marked with 'primaryKey: true'
Error: A column called 'id' was added to the attributes of 'book_authors' but not marked with 'primaryKey: true'
    at Function._addDefaultAttributes (C:\Users\Intelory\Desktop\LD\node_modules\sequelize\src\model.js:252:15)
    at Function.init (C:\Users\Intelory\Desktop\LD\node_modules\sequelize\src\model.js:1105:10)
    at Function.initModel (C:\Users\Intelory\Desktop\LD\src\database\models\bookAuthor.model.ts:42:23)
    at C:\Users\Intelory\Desktop\LD\src\database\index.ts:84:39
    at Array.forEach (<anonymous>)
    at Object.<anonymous> (C:\Users\Intelory\Desktop\LD\src\database\index.ts:82:21)
    at Module._compile (node:internal/modules/cjs/loader:1254:14)
    at Module.m._compile (C:\Users\Intelory\Desktop\LD\node_modules\ts-node\src\index.ts:1618:23)
    at Module._extensions..js (node:internal/modules/cjs/loader:1308:10)
    at Object.require.extensions.<computed> [as .ts] (C:\Users\Intelory\Desktop\LD\node_modules\ts-node\src\index.ts:1621:12)
[2023-06-30 13:07:10] ERROR: uncaughtException: A column called 'id' was added to the attributes of 'book_authors' but not marked with 'primaryKey: true'
Error: A column called 'id' was added to the attributes of 'book_authors' but not marked with 'primaryKey: true'
    at Function._addDefaultAttributes (C:\Users\Intelory\Desktop\LD\node_modules\sequelize\src\model.js:252:15)
    at Function.init (C:\Users\Intelory\Desktop\LD\node_modules\sequelize\src\model.js:1105:10)
    at Function.initModel (C:\Users\Intelory\Desktop\LD\src\database\models\bookAuthor.model.ts:42:23)
    at C:\Users\Intelory\Desktop\LD\src\database\index.ts:84:39
    at Array.forEach (<anonymous>)
    at Object.<anonymous> (C:\Users\Intelory\Desktop\LD\src\database\index.ts:82:21)
    at Module._compile (node:internal/modules/cjs/loader:1254:14)
    at Module.m._compile (C:\Users\Intelory\Desktop\LD\node_modules\ts-node\src\index.ts:1618:23)
    at Module._extensions..js (node:internal/modules/cjs/loader:1308:10)
    at Object.require.extensions.<computed> [as .ts] (C:\Users\Intelory\Desktop\LD\node_modules\ts-node\src\index.ts:1621:12)
[2023-06-30 13:07:12] ERROR: uncaughtException: A column called 'id' was added to the attributes of 'book_authors' but not marked with 'primaryKey: true'
Error: A column called 'id' was added to the attributes of 'book_authors' but not marked with 'primaryKey: true'
    at Function._addDefaultAttributes (C:\Users\Intelory\Desktop\LD\node_modules\sequelize\src\model.js:252:15)
    at Function.init (C:\Users\Intelory\Desktop\LD\node_modules\sequelize\src\model.js:1105:10)
    at Function.initModel (C:\Users\Intelory\Desktop\LD\src\database\models\bookAuthor.model.ts:42:23)
    at C:\Users\Intelory\Desktop\LD\src\database\index.ts:84:39
    at Array.forEach (<anonymous>)
    at Object.<anonymous> (C:\Users\Intelory\Desktop\LD\src\database\index.ts:82:21)
    at Module._compile (node:internal/modules/cjs/loader:1254:14)
    at Module.m._compile (C:\Users\Intelory\Desktop\LD\node_modules\ts-node\src\index.ts:1618:23)
    at Module._extensions..js (node:internal/modules/cjs/loader:1308:10)
    at Object.require.extensions.<computed> [as .ts] (C:\Users\Intelory\Desktop\LD\node_modules\ts-node\src\index.ts:1621:12)
[2023-06-30 13:08:24] ERROR: uncaughtException: A column called 'id' was added to the attributes of 'book_authors' but not marked with 'primaryKey: true'
Error: A column called 'id' was added to the attributes of 'book_authors' but not marked with 'primaryKey: true'
    at Function._addDefaultAttributes (C:\Users\Intelory\Desktop\LD\node_modules\sequelize\src\model.js:252:15)
    at Function.init (C:\Users\Intelory\Desktop\LD\node_modules\sequelize\src\model.js:1105:10)
    at Function.initModel (C:\Users\Intelory\Desktop\LD\src\database\models\bookAuthor.model.ts:42:23)
    at C:\Users\Intelory\Desktop\LD\src\database\index.ts:84:39
    at Array.forEach (<anonymous>)
    at Object.<anonymous> (C:\Users\Intelory\Desktop\LD\src\database\index.ts:82:21)
    at Module._compile (node:internal/modules/cjs/loader:1254:14)
    at Module.m._compile (C:\Users\Intelory\Desktop\LD\node_modules\ts-node\src\index.ts:1618:23)
    at Module._extensions..js (node:internal/modules/cjs/loader:1308:10)
    at Object.require.extensions.<computed> [as .ts] (C:\Users\Intelory\Desktop\LD\node_modules\ts-node\src\index.ts:1621:12)
[2023-06-30 13:08:28] ERROR: uncaughtException: A column called 'id' was added to the attributes of 'book_authors' but not marked with 'primaryKey: true'
Error: A column called 'id' was added to the attributes of 'book_authors' but not marked with 'primaryKey: true'
    at Function._addDefaultAttributes (C:\Users\Intelory\Desktop\LD\node_modules\sequelize\src\model.js:252:15)
    at Function.init (C:\Users\Intelory\Desktop\LD\node_modules\sequelize\src\model.js:1105:10)
    at Function.initModel (C:\Users\Intelory\Desktop\LD\src\database\models\bookAuthor.model.ts:42:23)
    at C:\Users\Intelory\Desktop\LD\src\database\index.ts:84:39
    at Array.forEach (<anonymous>)
    at Object.<anonymous> (C:\Users\Intelory\Desktop\LD\src\database\index.ts:82:21)
    at Module._compile (node:internal/modules/cjs/loader:1254:14)
    at Module.m._compile (C:\Users\Intelory\Desktop\LD\node_modules\ts-node\src\index.ts:1618:23)
    at Module._extensions..js (node:internal/modules/cjs/loader:1308:10)
    at Object.require.extensions.<computed> [as .ts] (C:\Users\Intelory\Desktop\LD\node_modules\ts-node\src\index.ts:1621:12)
[2023-06-30 13:09:17] ERROR: uncaughtException: A column called 'id' was added to the attributes of 'book_authors' but not marked with 'primaryKey: true'
Error: A column called 'id' was added to the attributes of 'book_authors' but not marked with 'primaryKey: true'
    at Function._addDefaultAttributes (C:\Users\Intelory\Desktop\LD\node_modules\sequelize\src\model.js:252:15)
    at Function.init (C:\Users\Intelory\Desktop\LD\node_modules\sequelize\src\model.js:1105:10)
    at Function.initModel (C:\Users\Intelory\Desktop\LD\src\database\models\bookAuthor.model.ts:42:23)
    at C:\Users\Intelory\Desktop\LD\src\database\index.ts:84:39
    at Array.forEach (<anonymous>)
    at Object.<anonymous> (C:\Users\Intelory\Desktop\LD\src\database\index.ts:82:21)
    at Module._compile (node:internal/modules/cjs/loader:1254:14)
    at Module.m._compile (C:\Users\Intelory\Desktop\LD\node_modules\ts-node\src\index.ts:1618:23)
    at Module._extensions..js (node:internal/modules/cjs/loader:1308:10)
    at Object.require.extensions.<computed> [as .ts] (C:\Users\Intelory\Desktop\LD\node_modules\ts-node\src\index.ts:1621:12)
[2023-06-30 13:36:12] ERROR: uncaughtException: A column called 'id' was added to the attributes of 'book_authors' but not marked with 'primaryKey: true'
Error: A column called 'id' was added to the attributes of 'book_authors' but not marked with 'primaryKey: true'
    at Function._addDefaultAttributes (C:\Users\Intelory\Desktop\LD\node_modules\sequelize\src\model.js:252:15)
    at Function.init (C:\Users\Intelory\Desktop\LD\node_modules\sequelize\src\model.js:1105:10)
    at Function.initModel (C:\Users\Intelory\Desktop\LD\src\database\models\bookAuthor.model.ts:42:23)
    at C:\Users\Intelory\Desktop\LD\src\database\index.ts:84:39
    at Array.forEach (<anonymous>)
    at Object.<anonymous> (C:\Users\Intelory\Desktop\LD\src\database\index.ts:82:21)
    at Module._compile (node:internal/modules/cjs/loader:1254:14)
    at Module.m._compile (C:\Users\Intelory\Desktop\LD\node_modules\ts-node\src\index.ts:1618:23)
    at Module._extensions..js (node:internal/modules/cjs/loader:1308:10)
    at Object.require.extensions.<computed> [as .ts] (C:\Users\Intelory\Desktop\LD\node_modules\ts-node\src\index.ts:1621:12)
[2023-06-30 13:36:19] ERROR: uncaughtException: A column called 'id' was added to the attributes of 'book_authors' but not marked with 'primaryKey: true'
Error: A column called 'id' was added to the attributes of 'book_authors' but not marked with 'primaryKey: true'
    at Function._addDefaultAttributes (C:\Users\Intelory\Desktop\LD\node_modules\sequelize\src\model.js:252:15)
    at Function.init (C:\Users\Intelory\Desktop\LD\node_modules\sequelize\src\model.js:1105:10)
    at Function.initModel (C:\Users\Intelory\Desktop\LD\src\database\models\bookAuthor.model.ts:42:23)
    at C:\Users\Intelory\Desktop\LD\src\database\index.ts:84:39
    at Array.forEach (<anonymous>)
    at Object.<anonymous> (C:\Users\Intelory\Desktop\LD\src\database\index.ts:82:21)
    at Module._compile (node:internal/modules/cjs/loader:1254:14)
    at Module.m._compile (C:\Users\Intelory\Desktop\LD\node_modules\ts-node\src\index.ts:1618:23)
    at Module._extensions..js (node:internal/modules/cjs/loader:1308:10)
    at Object.require.extensions.<computed> [as .ts] (C:\Users\Intelory\Desktop\LD\node_modules\ts-node\src\index.ts:1621:12)
[2023-06-30 13:37:00] ERROR: uncaughtException: A column called 'id' was added to the attributes of 'book_authors' but not marked with 'primaryKey: true'
Error: A column called 'id' was added to the attributes of 'book_authors' but not marked with 'primaryKey: true'
    at Function._addDefaultAttributes (C:\Users\Intelory\Desktop\LD\node_modules\sequelize\src\model.js:252:15)
    at Function.init (C:\Users\Intelory\Desktop\LD\node_modules\sequelize\src\model.js:1105:10)
    at Function.initModel (C:\Users\Intelory\Desktop\LD\src\database\models\bookAuthor.model.ts:42:23)
    at C:\Users\Intelory\Desktop\LD\src\database\index.ts:84:39
    at Array.forEach (<anonymous>)
    at Object.<anonymous> (C:\Users\Intelory\Desktop\LD\src\database\index.ts:82:21)
    at Module._compile (node:internal/modules/cjs/loader:1254:14)
    at Module.m._compile (C:\Users\Intelory\Desktop\LD\node_modules\ts-node\src\index.ts:1618:23)
    at Module._extensions..js (node:internal/modules/cjs/loader:1308:10)
    at Object.require.extensions.<computed> [as .ts] (C:\Users\Intelory\Desktop\LD\node_modules\ts-node\src\index.ts:1621:12)
[2023-06-30 13:37:52] ERROR: uncaughtException: A column called 'id' was added to the attributes of 'book_authors' but not marked with 'primaryKey: true'
Error: A column called 'id' was added to the attributes of 'book_authors' but not marked with 'primaryKey: true'
    at Function._addDefaultAttributes (C:\Users\Intelory\Desktop\LD\node_modules\sequelize\src\model.js:252:15)
    at Function.init (C:\Users\Intelory\Desktop\LD\node_modules\sequelize\src\model.js:1105:10)
    at Function.initModel (C:\Users\Intelory\Desktop\LD\src\database\models\bookAuthor.model.ts:42:23)
    at C:\Users\Intelory\Desktop\LD\src\database\index.ts:84:39
    at Array.forEach (<anonymous>)
    at Object.<anonymous> (C:\Users\Intelory\Desktop\LD\src\database\index.ts:82:21)
    at Module._compile (node:internal/modules/cjs/loader:1254:14)
    at Module.m._compile (C:\Users\Intelory\Desktop\LD\node_modules\ts-node\src\index.ts:1618:23)
    at Module._extensions..js (node:internal/modules/cjs/loader:1308:10)
    at Object.require.extensions.<computed> [as .ts] (C:\Users\Intelory\Desktop\LD\node_modules\ts-node\src\index.ts:1621:12)
[2023-06-30 13:38:02] ERROR: uncaughtException: A column called 'id' was added to the attributes of 'book_authors' but not marked with 'primaryKey: true'
Error: A column called 'id' was added to the attributes of 'book_authors' but not marked with 'primaryKey: true'
    at Function._addDefaultAttributes (C:\Users\Intelory\Desktop\LD\node_modules\sequelize\src\model.js:252:15)
    at Function.init (C:\Users\Intelory\Desktop\LD\node_modules\sequelize\src\model.js:1105:10)
    at Function.initModel (C:\Users\Intelory\Desktop\LD\src\database\models\bookAuthor.model.ts:42:23)
    at C:\Users\Intelory\Desktop\LD\src\database\index.ts:84:39
    at Array.forEach (<anonymous>)
    at Object.<anonymous> (C:\Users\Intelory\Desktop\LD\src\database\index.ts:82:21)
    at Module._compile (node:internal/modules/cjs/loader:1254:14)
    at Module.m._compile (C:\Users\Intelory\Desktop\LD\node_modules\ts-node\src\index.ts:1618:23)
    at Module._extensions..js (node:internal/modules/cjs/loader:1308:10)
    at Object.require.extensions.<computed> [as .ts] (C:\Users\Intelory\Desktop\LD\node_modules\ts-node\src\index.ts:1621:12)
[2023-06-30 13:38:30] ERROR: uncaughtException: A column called 'id' was added to the attributes of 'book_authors' but not marked with 'primaryKey: true'
Error: A column called 'id' was added to the attributes of 'book_authors' but not marked with 'primaryKey: true'
    at Function._addDefaultAttributes (C:\Users\Intelory\Desktop\LD\node_modules\sequelize\src\model.js:252:15)
    at Function.init (C:\Users\Intelory\Desktop\LD\node_modules\sequelize\src\model.js:1105:10)
    at Function.initModel (C:\Users\Intelory\Desktop\LD\src\database\models\bookAuthor.model.ts:42:23)
    at C:\Users\Intelory\Desktop\LD\src\database\index.ts:84:39
    at Array.forEach (<anonymous>)
    at Object.<anonymous> (C:\Users\Intelory\Desktop\LD\src\database\index.ts:82:21)
    at Module._compile (node:internal/modules/cjs/loader:1254:14)
    at Module.m._compile (C:\Users\Intelory\Desktop\LD\node_modules\ts-node\src\index.ts:1618:23)
    at Module._extensions..js (node:internal/modules/cjs/loader:1308:10)
    at Object.require.extensions.<computed> [as .ts] (C:\Users\Intelory\Desktop\LD\node_modules\ts-node\src\index.ts:1621:12)
[2023-06-30 13:39:00] ERROR: uncaughtException: A column called 'id' was added to the attributes of 'book_authors' but not marked with 'primaryKey: true'
Error: A column called 'id' was added to the attributes of 'book_authors' but not marked with 'primaryKey: true'
    at Function._addDefaultAttributes (C:\Users\Intelory\Desktop\LD\node_modules\sequelize\src\model.js:252:15)
    at Function.init (C:\Users\Intelory\Desktop\LD\node_modules\sequelize\src\model.js:1105:10)
    at Function.initModel (C:\Users\Intelory\Desktop\LD\src\database\models\bookAuthor.model.ts:42:23)
    at C:\Users\Intelory\Desktop\LD\src\database\index.ts:84:39
    at Array.forEach (<anonymous>)
    at Object.<anonymous> (C:\Users\Intelory\Desktop\LD\src\database\index.ts:82:21)
    at Module._compile (node:internal/modules/cjs/loader:1254:14)
    at Module.m._compile (C:\Users\Intelory\Desktop\LD\node_modules\ts-node\src\index.ts:1618:23)
    at Module._extensions..js (node:internal/modules/cjs/loader:1308:10)
    at Object.require.extensions.<computed> [as .ts] (C:\Users\Intelory\Desktop\LD\node_modules\ts-node\src\index.ts:1621:12)
[2023-06-30 13:39:15] ERROR: uncaughtException: A column called 'id' was added to the attributes of 'book_authors' but not marked with 'primaryKey: true'
Error: A column called 'id' was added to the attributes of 'book_authors' but not marked with 'primaryKey: true'
    at Function._addDefaultAttributes (C:\Users\Intelory\Desktop\LD\node_modules\sequelize\src\model.js:252:15)
    at Function.init (C:\Users\Intelory\Desktop\LD\node_modules\sequelize\src\model.js:1105:10)
    at Function.initModel (C:\Users\Intelory\Desktop\LD\src\database\models\bookAuthor.model.ts:42:23)
    at C:\Users\Intelory\Desktop\LD\src\database\index.ts:84:39
    at Array.forEach (<anonymous>)
    at Object.<anonymous> (C:\Users\Intelory\Desktop\LD\src\database\index.ts:82:21)
    at Module._compile (node:internal/modules/cjs/loader:1254:14)
    at Module.m._compile (C:\Users\Intelory\Desktop\LD\node_modules\ts-node\src\index.ts:1618:23)
    at Module._extensions..js (node:internal/modules/cjs/loader:1308:10)
    at Object.require.extensions.<computed> [as .ts] (C:\Users\Intelory\Desktop\LD\node_modules\ts-node\src\index.ts:1621:12)
[2023-06-30 13:39:23] ERROR: uncaughtException: A column called 'id' was added to the attributes of 'book_authors' but not marked with 'primaryKey: true'
Error: A column called 'id' was added to the attributes of 'book_authors' but not marked with 'primaryKey: true'
    at Function._addDefaultAttributes (C:\Users\Intelory\Desktop\LD\node_modules\sequelize\src\model.js:252:15)
    at Function.init (C:\Users\Intelory\Desktop\LD\node_modules\sequelize\src\model.js:1105:10)
    at Function.initModel (C:\Users\Intelory\Desktop\LD\src\database\models\bookAuthor.model.ts:42:23)
    at C:\Users\Intelory\Desktop\LD\src\database\index.ts:84:39
    at Array.forEach (<anonymous>)
    at Object.<anonymous> (C:\Users\Intelory\Desktop\LD\src\database\index.ts:82:21)
    at Module._compile (node:internal/modules/cjs/loader:1254:14)
    at Module.m._compile (C:\Users\Intelory\Desktop\LD\node_modules\ts-node\src\index.ts:1618:23)
    at Module._extensions..js (node:internal/modules/cjs/loader:1308:10)
    at Object.require.extensions.<computed> [as .ts] (C:\Users\Intelory\Desktop\LD\node_modules\ts-node\src\index.ts:1621:12)
[2023-06-30 13:40:21] ERROR: uncaughtException: A column called 'id' was added to the attributes of 'book_authors' but not marked with 'primaryKey: true'
Error: A column called 'id' was added to the attributes of 'book_authors' but not marked with 'primaryKey: true'
    at Function._addDefaultAttributes (C:\Users\Intelory\Desktop\LD\node_modules\sequelize\src\model.js:252:15)
    at Function.init (C:\Users\Intelory\Desktop\LD\node_modules\sequelize\src\model.js:1105:10)
    at Function.initModel (C:\Users\Intelory\Desktop\LD\src\database\models\bookAuthor.model.ts:42:23)
    at C:\Users\Intelory\Desktop\LD\src\database\index.ts:84:39
    at Array.forEach (<anonymous>)
    at Object.<anonymous> (C:\Users\Intelory\Desktop\LD\src\database\index.ts:82:21)
    at Module._compile (node:internal/modules/cjs/loader:1254:14)
    at Module.m._compile (C:\Users\Intelory\Desktop\LD\node_modules\ts-node\src\index.ts:1618:23)
    at Module._extensions..js (node:internal/modules/cjs/loader:1308:10)
    at Object.require.extensions.<computed> [as .ts] (C:\Users\Intelory\Desktop\LD\node_modules\ts-node\src\index.ts:1621:12)
[2023-06-30 13:40:33] ERROR: uncaughtException: A column called 'id' was added to the attributes of 'book_authors' but not marked with 'primaryKey: true'
Error: A column called 'id' was added to the attributes of 'book_authors' but not marked with 'primaryKey: true'
    at Function._addDefaultAttributes (C:\Users\Intelory\Desktop\LD\node_modules\sequelize\src\model.js:252:15)
    at Function.init (C:\Users\Intelory\Desktop\LD\node_modules\sequelize\src\model.js:1105:10)
    at Function.initModel (C:\Users\Intelory\Desktop\LD\src\database\models\bookAuthor.model.ts:42:23)
    at C:\Users\Intelory\Desktop\LD\src\database\index.ts:84:39
    at Array.forEach (<anonymous>)
    at Object.<anonymous> (C:\Users\Intelory\Desktop\LD\src\database\index.ts:82:21)
    at Module._compile (node:internal/modules/cjs/loader:1254:14)
    at Module.m._compile (C:\Users\Intelory\Desktop\LD\node_modules\ts-node\src\index.ts:1618:23)
    at Module._extensions..js (node:internal/modules/cjs/loader:1308:10)
    at Object.require.extensions.<computed> [as .ts] (C:\Users\Intelory\Desktop\LD\node_modules\ts-node\src\index.ts:1621:12)
[2023-06-30 13:41:16] ERROR: uncaughtException: A column called 'id' was added to the attributes of 'book_authors' but not marked with 'primaryKey: true'
Error: A column called 'id' was added to the attributes of 'book_authors' but not marked with 'primaryKey: true'
    at Function._addDefaultAttributes (C:\Users\Intelory\Desktop\LD\node_modules\sequelize\src\model.js:252:15)
    at Function.init (C:\Users\Intelory\Desktop\LD\node_modules\sequelize\src\model.js:1105:10)
    at Function.initModel (C:\Users\Intelory\Desktop\LD\src\database\models\bookAuthor.model.ts:42:23)
    at C:\Users\Intelory\Desktop\LD\src\database\index.ts:84:39
    at Array.forEach (<anonymous>)
    at Object.<anonymous> (C:\Users\Intelory\Desktop\LD\src\database\index.ts:82:21)
    at Module._compile (node:internal/modules/cjs/loader:1254:14)
    at Module.m._compile (C:\Users\Intelory\Desktop\LD\node_modules\ts-node\src\index.ts:1618:23)
    at Module._extensions..js (node:internal/modules/cjs/loader:1308:10)
    at Object.require.extensions.<computed> [as .ts] (C:\Users\Intelory\Desktop\LD\node_modules\ts-node\src\index.ts:1621:12)
[2023-06-30 13:41:44] ERROR: uncaughtException: A column called 'id' was added to the attributes of 'book_authors' but not marked with 'primaryKey: true'
Error: A column called 'id' was added to the attributes of 'book_authors' but not marked with 'primaryKey: true'
    at Function._addDefaultAttributes (C:\Users\Intelory\Desktop\LD\node_modules\sequelize\src\model.js:252:15)
    at Function.init (C:\Users\Intelory\Desktop\LD\node_modules\sequelize\src\model.js:1105:10)
    at Function.initModel (C:\Users\Intelory\Desktop\LD\src\database\models\bookAuthor.model.ts:42:23)
    at C:\Users\Intelory\Desktop\LD\src\database\index.ts:84:39
    at Array.forEach (<anonymous>)
    at Object.<anonymous> (C:\Users\Intelory\Desktop\LD\src\database\index.ts:82:21)
    at Module._compile (node:internal/modules/cjs/loader:1254:14)
    at Module.m._compile (C:\Users\Intelory\Desktop\LD\node_modules\ts-node\src\index.ts:1618:23)
    at Module._extensions..js (node:internal/modules/cjs/loader:1308:10)
    at Object.require.extensions.<computed> [as .ts] (C:\Users\Intelory\Desktop\LD\node_modules\ts-node\src\index.ts:1621:12)
[2023-06-30 13:41:52] ERROR: uncaughtException: A column called 'id' was added to the attributes of 'book_authors' but not marked with 'primaryKey: true'
Error: A column called 'id' was added to the attributes of 'book_authors' but not marked with 'primaryKey: true'
    at Function._addDefaultAttributes (C:\Users\Intelory\Desktop\LD\node_modules\sequelize\src\model.js:252:15)
    at Function.init (C:\Users\Intelory\Desktop\LD\node_modules\sequelize\src\model.js:1105:10)
    at Function.initModel (C:\Users\Intelory\Desktop\LD\src\database\models\bookAuthor.model.ts:42:23)
    at C:\Users\Intelory\Desktop\LD\src\database\index.ts:84:39
    at Array.forEach (<anonymous>)
    at Object.<anonymous> (C:\Users\Intelory\Desktop\LD\src\database\index.ts:82:21)
    at Module._compile (node:internal/modules/cjs/loader:1254:14)
    at Module.m._compile (C:\Users\Intelory\Desktop\LD\node_modules\ts-node\src\index.ts:1618:23)
    at Module._extensions..js (node:internal/modules/cjs/loader:1308:10)
    at Object.require.extensions.<computed> [as .ts] (C:\Users\Intelory\Desktop\LD\node_modules\ts-node\src\index.ts:1621:12)
[2023-06-30 13:41:57] ERROR: uncaughtException: A column called 'id' was added to the attributes of 'book_authors' but not marked with 'primaryKey: true'
Error: A column called 'id' was added to the attributes of 'book_authors' but not marked with 'primaryKey: true'
    at Function._addDefaultAttributes (C:\Users\Intelory\Desktop\LD\node_modules\sequelize\src\model.js:252:15)
    at Function.init (C:\Users\Intelory\Desktop\LD\node_modules\sequelize\src\model.js:1105:10)
    at Function.initModel (C:\Users\Intelory\Desktop\LD\src\database\models\bookAuthor.model.ts:42:23)
    at C:\Users\Intelory\Desktop\LD\src\database\index.ts:84:39
    at Array.forEach (<anonymous>)
    at Object.<anonymous> (C:\Users\Intelory\Desktop\LD\src\database\index.ts:82:21)
    at Module._compile (node:internal/modules/cjs/loader:1254:14)
    at Module.m._compile (C:\Users\Intelory\Desktop\LD\node_modules\ts-node\src\index.ts:1618:23)
    at Module._extensions..js (node:internal/modules/cjs/loader:1308:10)
    at Object.require.extensions.<computed> [as .ts] (C:\Users\Intelory\Desktop\LD\node_modules\ts-node\src\index.ts:1621:12)
[2023-06-30 13:42:40] ERROR: uncaughtException: тип Unable to compile TypeScript:
[96msrc/database/models/bookAuthor.model.ts[0m:[93m42[0m:[93m28[0m - [91merror[0m[90m TS2345: [0mArgument of type '{ id: { type: Sequelize.IntegerDataTypeConstructor; allowNull: false; references: { model: string; key: string; }; }; authorId: { type: Sequelize.IntegerDataTypeConstructor; allowNull: false; references: { ...; }; }; bookId: { ...; }; }' is not assignable to parameter of type 'ModelAttributes<BookAuthor, Optional<BookAuthorAttributes, never>>'.
  Type '{ id: { type: IntegerDataTypeConstructor; allowNull: false; references: { model: string; key: string; }; }; authorId: { type: IntegerDataTypeConstructor; allowNull: false; references: { ...; }; }; bookId: { ...; }; }' is missing the following properties from type 'ModelAttributes<BookAuthor, Optional<BookAuthorAttributes, never>>': createdAt, updatedAt

[7m 42[0m     return BookAuthor.init({
[7m   [0m [91m                           ~[0m
[7m 43[0m     id: {
[7m   [0m [91m~~~~~~~~~[0m
[7m...[0m 
[7m 66[0m     }
[7m   [0m [91m~~~~~[0m
[7m 67[0m   }, {
[7m   [0m [91m~~~[0m

TSError: тип Unable to compile TypeScript:
[96msrc/database/models/bookAuthor.model.ts[0m:[93m42[0m:[93m28[0m - [91merror[0m[90m TS2345: [0mArgument of type '{ id: { type: Sequelize.IntegerDataTypeConstructor; allowNull: false; references: { model: string; key: string; }; }; authorId: { type: Sequelize.IntegerDataTypeConstructor; allowNull: false; references: { ...; }; }; bookId: { ...; }; }' is not assignable to parameter of type 'ModelAttributes<BookAuthor, Optional<BookAuthorAttributes, never>>'.
  Type '{ id: { type: IntegerDataTypeConstructor; allowNull: false; references: { model: string; key: string; }; }; authorId: { type: IntegerDataTypeConstructor; allowNull: false; references: { ...; }; }; bookId: { ...; }; }' is missing the following properties from type 'ModelAttributes<BookAuthor, Optional<BookAuthorAttributes, never>>': createdAt, updatedAt

[7m 42[0m     return BookAuthor.init({
[7m   [0m [91m                           ~[0m
[7m 43[0m     id: {
[7m   [0m [91m~~~~~~~~~[0m
[7m...[0m 
[7m 66[0m     }
[7m   [0m [91m~~~~~[0m
[7m 67[0m   }, {
[7m   [0m [91m~~~[0m

    at createTSError (C:\Users\Intelory\Desktop\LD\node_modules\ts-node\src\index.ts:859:12)
    at reportTSError (C:\Users\Intelory\Desktop\LD\node_modules\ts-node\src\index.ts:863:19)
    at getOutput (C:\Users\Intelory\Desktop\LD\node_modules\ts-node\src\index.ts:1077:36)
    at Object.compile (C:\Users\Intelory\Desktop\LD\node_modules\ts-node\src\index.ts:1433:41)
    at Module.m._compile (C:\Users\Intelory\Desktop\LD\node_modules\ts-node\src\index.ts:1617:30)
    at Module._extensions..js (node:internal/modules/cjs/loader:1308:10)
    at Object.require.extensions.<computed> [as .ts] (C:\Users\Intelory\Desktop\LD\node_modules\ts-node\src\index.ts:1621:12)
    at Module.load (node:internal/modules/cjs/loader:1117:32)
    at Function.Module._load (node:internal/modules/cjs/loader:958:12)
    at Module.require (node:internal/modules/cjs/loader:1141:19)
[2023-06-30 13:42:50] ERROR: uncaughtException: тип Unable to compile TypeScript:
[96msrc/database/models/bookAuthor.model.ts[0m:[93m18[0m:[93m14[0m - [91merror[0m[90m TS2420: [0mClass 'BookAuthor' incorrectly implements interface 'BookAuthorAttributes'.
  Property 'id' is optional in type 'BookAuthor' but required in type 'BookAuthorAttributes'.

[7m18[0m export class BookAuthor extends Model<BookAuthorAttributes, BookAuthorCreationAttributes> implements BookAuthorAttributes {
[7m  [0m [91m             ~~~~~~~~~~[0m
[96msrc/database/models/bookAuthor.model.ts[0m:[93m42[0m:[93m28[0m - [91merror[0m[90m TS2345: [0mArgument of type '{ id: { type: Sequelize.IntegerDataTypeConstructor; allowNull: false; references: { model: string; key: string; }; }; authorId: { type: Sequelize.IntegerDataTypeConstructor; allowNull: false; references: { ...; }; }; bookId: { ...; }; }' is not assignable to parameter of type 'ModelAttributes<BookAuthor, Optional<BookAuthorAttributes, never>>'.
  Type '{ id: { type: IntegerDataTypeConstructor; allowNull: false; references: { model: string; key: string; }; }; authorId: { type: IntegerDataTypeConstructor; allowNull: false; references: { ...; }; }; bookId: { ...; }; }' is missing the following properties from type 'ModelAttributes<BookAuthor, Optional<BookAuthorAttributes, never>>': createdAt, updatedAt

[7m 42[0m     return BookAuthor.init({
[7m   [0m [91m                           ~[0m
[7m 43[0m     id: {
[7m   [0m [91m~~~~~~~~~[0m
[7m...[0m 
[7m 66[0m     }
[7m   [0m [91m~~~~~[0m
[7m 67[0m   }, {
[7m   [0m [91m~~~[0m

TSError: тип Unable to compile TypeScript:
[96msrc/database/models/bookAuthor.model.ts[0m:[93m18[0m:[93m14[0m - [91merror[0m[90m TS2420: [0mClass 'BookAuthor' incorrectly implements interface 'BookAuthorAttributes'.
  Property 'id' is optional in type 'BookAuthor' but required in type 'BookAuthorAttributes'.

[7m18[0m export class BookAuthor extends Model<BookAuthorAttributes, BookAuthorCreationAttributes> implements BookAuthorAttributes {
[7m  [0m [91m             ~~~~~~~~~~[0m
[96msrc/database/models/bookAuthor.model.ts[0m:[93m42[0m:[93m28[0m - [91merror[0m[90m TS2345: [0mArgument of type '{ id: { type: Sequelize.IntegerDataTypeConstructor; allowNull: false; references: { model: string; key: string; }; }; authorId: { type: Sequelize.IntegerDataTypeConstructor; allowNull: false; references: { ...; }; }; bookId: { ...; }; }' is not assignable to parameter of type 'ModelAttributes<BookAuthor, Optional<BookAuthorAttributes, never>>'.
  Type '{ id: { type: IntegerDataTypeConstructor; allowNull: false; references: { model: string; key: string; }; }; authorId: { type: IntegerDataTypeConstructor; allowNull: false; references: { ...; }; }; bookId: { ...; }; }' is missing the following properties from type 'ModelAttributes<BookAuthor, Optional<BookAuthorAttributes, never>>': createdAt, updatedAt

[7m 42[0m     return BookAuthor.init({
[7m   [0m [91m                           ~[0m
[7m 43[0m     id: {
[7m   [0m [91m~~~~~~~~~[0m
[7m...[0m 
[7m 66[0m     }
[7m   [0m [91m~~~~~[0m
[7m 67[0m   }, {
[7m   [0m [91m~~~[0m

    at createTSError (C:\Users\Intelory\Desktop\LD\node_modules\ts-node\src\index.ts:859:12)
    at reportTSError (C:\Users\Intelory\Desktop\LD\node_modules\ts-node\src\index.ts:863:19)
    at getOutput (C:\Users\Intelory\Desktop\LD\node_modules\ts-node\src\index.ts:1077:36)
    at Object.compile (C:\Users\Intelory\Desktop\LD\node_modules\ts-node\src\index.ts:1433:41)
    at Module.m._compile (C:\Users\Intelory\Desktop\LD\node_modules\ts-node\src\index.ts:1617:30)
    at Module._extensions..js (node:internal/modules/cjs/loader:1308:10)
    at Object.require.extensions.<computed> [as .ts] (C:\Users\Intelory\Desktop\LD\node_modules\ts-node\src\index.ts:1621:12)
    at Module.load (node:internal/modules/cjs/loader:1117:32)
    at Function.Module._load (node:internal/modules/cjs/loader:958:12)
    at Module.require (node:internal/modules/cjs/loader:1141:19)
[2023-06-30 13:42:57] ERROR: uncaughtException: A column called 'id' was added to the attributes of 'book_authors' but not marked with 'primaryKey: true'
Error: A column called 'id' was added to the attributes of 'book_authors' but not marked with 'primaryKey: true'
    at Function._addDefaultAttributes (C:\Users\Intelory\Desktop\LD\node_modules\sequelize\src\model.js:252:15)
    at Function.init (C:\Users\Intelory\Desktop\LD\node_modules\sequelize\src\model.js:1105:10)
    at Function.initModel (C:\Users\Intelory\Desktop\LD\src\database\models\bookAuthor.model.ts:42:23)
    at C:\Users\Intelory\Desktop\LD\src\database\index.ts:84:39
    at Array.forEach (<anonymous>)
    at Object.<anonymous> (C:\Users\Intelory\Desktop\LD\src\database\index.ts:82:21)
    at Module._compile (node:internal/modules/cjs/loader:1254:14)
    at Module.m._compile (C:\Users\Intelory\Desktop\LD\node_modules\ts-node\src\index.ts:1618:23)
    at Module._extensions..js (node:internal/modules/cjs/loader:1308:10)
    at Object.require.extensions.<computed> [as .ts] (C:\Users\Intelory\Desktop\LD\node_modules\ts-node\src\index.ts:1621:12)
[2023-06-30 13:43:32] ERROR: uncaughtException: A column called 'id' was added to the attributes of 'book_authors' but not marked with 'primaryKey: true'
Error: A column called 'id' was added to the attributes of 'book_authors' but not marked with 'primaryKey: true'
    at Function._addDefaultAttributes (C:\Users\Intelory\Desktop\LD\node_modules\sequelize\src\model.js:252:15)
    at Function.init (C:\Users\Intelory\Desktop\LD\node_modules\sequelize\src\model.js:1105:10)
    at Function.initModel (C:\Users\Intelory\Desktop\LD\src\database\models\bookAuthor.model.ts:42:23)
    at C:\Users\Intelory\Desktop\LD\src\database\index.ts:84:39
    at Array.forEach (<anonymous>)
    at Object.<anonymous> (C:\Users\Intelory\Desktop\LD\src\database\index.ts:82:21)
    at Module._compile (node:internal/modules/cjs/loader:1254:14)
    at Module.m._compile (C:\Users\Intelory\Desktop\LD\node_modules\ts-node\src\index.ts:1618:23)
    at Module._extensions..js (node:internal/modules/cjs/loader:1308:10)
    at Object.require.extensions.<computed> [as .ts] (C:\Users\Intelory\Desktop\LD\node_modules\ts-node\src\index.ts:1621:12)
[2023-06-30 13:44:12] ERROR: uncaughtException: A column called 'id' was added to the attributes of 'book_authors' but not marked with 'primaryKey: true'
Error: A column called 'id' was added to the attributes of 'book_authors' but not marked with 'primaryKey: true'
    at Function._addDefaultAttributes (C:\Users\Intelory\Desktop\LD\node_modules\sequelize\src\model.js:252:15)
    at Function.init (C:\Users\Intelory\Desktop\LD\node_modules\sequelize\src\model.js:1105:10)
    at Function.initModel (C:\Users\Intelory\Desktop\LD\src\database\models\bookAuthor.model.ts:49:23)
    at C:\Users\Intelory\Desktop\LD\src\database\index.ts:84:39
    at Array.forEach (<anonymous>)
    at Object.<anonymous> (C:\Users\Intelory\Desktop\LD\src\database\index.ts:82:21)
    at Module._compile (node:internal/modules/cjs/loader:1254:14)
    at Module.m._compile (C:\Users\Intelory\Desktop\LD\node_modules\ts-node\src\index.ts:1618:23)
    at Module._extensions..js (node:internal/modules/cjs/loader:1308:10)
    at Object.require.extensions.<computed> [as .ts] (C:\Users\Intelory\Desktop\LD\node_modules\ts-node\src\index.ts:1621:12)
[2023-06-30 13:45:02] ERROR: uncaughtException: A column called 'id' was added to the attributes of 'book_authors' but not marked with 'primaryKey: true'
Error: A column called 'id' was added to the attributes of 'book_authors' but not marked with 'primaryKey: true'
    at Function._addDefaultAttributes (C:\Users\Intelory\Desktop\LD\node_modules\sequelize\src\model.js:252:15)
    at Function.init (C:\Users\Intelory\Desktop\LD\node_modules\sequelize\src\model.js:1105:10)
    at Function.initModel (C:\Users\Intelory\Desktop\LD\src\database\models\bookAuthor.model.ts:49:23)
    at C:\Users\Intelory\Desktop\LD\src\database\index.ts:84:39
    at Array.forEach (<anonymous>)
    at Object.<anonymous> (C:\Users\Intelory\Desktop\LD\src\database\index.ts:82:21)
    at Module._compile (node:internal/modules/cjs/loader:1254:14)
    at Module.m._compile (C:\Users\Intelory\Desktop\LD\node_modules\ts-node\src\index.ts:1618:23)
    at Module._extensions..js (node:internal/modules/cjs/loader:1308:10)
    at Object.require.extensions.<computed> [as .ts] (C:\Users\Intelory\Desktop\LD\node_modules\ts-node\src\index.ts:1621:12)
[2023-06-30 13:45:12] ERROR: uncaughtException: A column called 'id' was added to the attributes of 'book_authors' but not marked with 'primaryKey: true'
Error: A column called 'id' was added to the attributes of 'book_authors' but not marked with 'primaryKey: true'
    at Function._addDefaultAttributes (C:\Users\Intelory\Desktop\LD\node_modules\sequelize\src\model.js:252:15)
    at Function.init (C:\Users\Intelory\Desktop\LD\node_modules\sequelize\src\model.js:1105:10)
    at Function.initModel (C:\Users\Intelory\Desktop\LD\src\database\models\bookAuthor.model.ts:49:23)
    at C:\Users\Intelory\Desktop\LD\src\database\index.ts:84:39
    at Array.forEach (<anonymous>)
    at Object.<anonymous> (C:\Users\Intelory\Desktop\LD\src\database\index.ts:82:21)
    at Module._compile (node:internal/modules/cjs/loader:1254:14)
    at Module.m._compile (C:\Users\Intelory\Desktop\LD\node_modules\ts-node\src\index.ts:1618:23)
    at Module._extensions..js (node:internal/modules/cjs/loader:1308:10)
    at Object.require.extensions.<computed> [as .ts] (C:\Users\Intelory\Desktop\LD\node_modules\ts-node\src\index.ts:1621:12)
[2023-06-30 13:45:32] ERROR: uncaughtException: A column called 'id' was added to the attributes of 'book_authors' but not marked with 'primaryKey: true'
Error: A column called 'id' was added to the attributes of 'book_authors' but not marked with 'primaryKey: true'
    at Function._addDefaultAttributes (C:\Users\Intelory\Desktop\LD\node_modules\sequelize\src\model.js:252:15)
    at Function.init (C:\Users\Intelory\Desktop\LD\node_modules\sequelize\src\model.js:1105:10)
    at Function.initModel (C:\Users\Intelory\Desktop\LD\src\database\models\bookAuthor.model.ts:44:23)
    at C:\Users\Intelory\Desktop\LD\src\database\index.ts:84:39
    at Array.forEach (<anonymous>)
    at Object.<anonymous> (C:\Users\Intelory\Desktop\LD\src\database\index.ts:82:21)
    at Module._compile (node:internal/modules/cjs/loader:1254:14)
    at Module.m._compile (C:\Users\Intelory\Desktop\LD\node_modules\ts-node\src\index.ts:1618:23)
    at Module._extensions..js (node:internal/modules/cjs/loader:1308:10)
    at Object.require.extensions.<computed> [as .ts] (C:\Users\Intelory\Desktop\LD\node_modules\ts-node\src\index.ts:1621:12)
[2023-06-30 13:49:57] ERROR: uncaughtException: тип Unable to compile TypeScript:
[96msrc/services/book.service.ts[0m:[93m32[0m:[93m56[0m - [91merror[0m[90m TS2355: [0mA function whose declared type is neither 'void' nor 'any' must return a value.

[7m32[0m   public createBook = async (data:IBookCreationData) : Promise<Book> => {
[7m  [0m [91m                                                       ~~~~~~~~~~~~~[0m
[96msrc/services/book.service.ts[0m:[93m37[0m:[93m13[0m - [91merror[0m[90m TS2559: [0mType '{ authorId: number; bookId: number; }[]' has no properties in common with type 'BookAuthorCreationAttributes'.

[7m37[0m       const bookAuthors:BookAuthorCreationAttributes = authors.map(author => author.id).map((authorId, index) => ({authorId, bookId:createdBook.id}))
[7m  [0m [91m            ~~~~~~~~~~~[0m

TSError: тип Unable to compile TypeScript:
[96msrc/services/book.service.ts[0m:[93m32[0m:[93m56[0m - [91merror[0m[90m TS2355: [0mA function whose declared type is neither 'void' nor 'any' must return a value.

[7m32[0m   public createBook = async (data:IBookCreationData) : Promise<Book> => {
[7m  [0m [91m                                                       ~~~~~~~~~~~~~[0m
[96msrc/services/book.service.ts[0m:[93m37[0m:[93m13[0m - [91merror[0m[90m TS2559: [0mType '{ authorId: number; bookId: number; }[]' has no properties in common with type 'BookAuthorCreationAttributes'.

[7m37[0m       const bookAuthors:BookAuthorCreationAttributes = authors.map(author => author.id).map((authorId, index) => ({authorId, bookId:createdBook.id}))
[7m  [0m [91m            ~~~~~~~~~~~[0m

    at createTSError (C:\Users\Intelory\Desktop\LD\node_modules\ts-node\src\index.ts:859:12)
    at reportTSError (C:\Users\Intelory\Desktop\LD\node_modules\ts-node\src\index.ts:863:19)
    at getOutput (C:\Users\Intelory\Desktop\LD\node_modules\ts-node\src\index.ts:1077:36)
    at Object.compile (C:\Users\Intelory\Desktop\LD\node_modules\ts-node\src\index.ts:1433:41)
    at Module.m._compile (C:\Users\Intelory\Desktop\LD\node_modules\ts-node\src\index.ts:1617:30)
    at Module._extensions..js (node:internal/modules/cjs/loader:1308:10)
    at Object.require.extensions.<computed> [as .ts] (C:\Users\Intelory\Desktop\LD\node_modules\ts-node\src\index.ts:1621:12)
    at Module.load (node:internal/modules/cjs/loader:1117:32)
    at Function.Module._load (node:internal/modules/cjs/loader:958:12)
    at Module.require (node:internal/modules/cjs/loader:1141:19)
[2023-06-30 13:50:18] ERROR: uncaughtException: тип Unable to compile TypeScript:
[96msrc/services/book.service.ts[0m:[93m32[0m:[93m56[0m - [91merror[0m[90m TS2355: [0mA function whose declared type is neither 'void' nor 'any' must return a value.

[7m32[0m   public createBook = async (data:IBookCreationData) : Promise<Book> => {
[7m  [0m [91m                                                       ~~~~~~~~~~~~~[0m
[96msrc/services/book.service.ts[0m:[93m37[0m:[93m13[0m - [91merror[0m[90m TS2559: [0mType '{ authorId: string; bookId: string; }[]' has no properties in common with type 'BookAuthorCreationAttributes'.

[7m37[0m       const bookAuthors:BookAuthorCreationAttributes = authors.map(author => author.id).map((authorId, index) : {authorId:string, bookId:string} => ({authorId, bookId:createdBook.id}))
[7m  [0m [91m            ~~~~~~~~~~~[0m
[96msrc/services/book.service.ts[0m:[93m37[0m:[93m151[0m - [91merror[0m[90m TS2322: [0mType 'number' is not assignable to type 'string'.

[7m37[0m       const bookAuthors:BookAuthorCreationAttributes = authors.map(author => author.id).map((authorId, index) : {authorId:string, bookId:string} => ({authorId, bookId:createdBook.id}))
[7m  [0m [91m                                                                                                                                                      ~~~~~~~~[0m

  [96msrc/services/book.service.ts[0m:[93m37[0m:[93m114[0m
    [7m37[0m       const bookAuthors:BookAuthorCreationAttributes = authors.map(author => author.id).map((authorId, index) : {authorId:string, bookId:string} => ({authorId, bookId:createdBook.id}))
    [7m  [0m [96m                                                                                                                 ~~~~~~~~[0m
    The expected type comes from property 'authorId' which is declared here on type '{ authorId: string; bookId: string; }'
[96msrc/services/book.service.ts[0m:[93m37[0m:[93m161[0m - [91merror[0m[90m TS2322: [0mType 'number' is not assignable to type 'string'.

[7m37[0m       const bookAuthors:BookAuthorCreationAttributes = authors.map(author => author.id).map((authorId, index) : {authorId:string, bookId:string} => ({authorId, bookId:createdBook.id}))
[7m  [0m [91m                                                                                                                                                                ~~~~~~[0m

  [96msrc/services/book.service.ts[0m:[93m37[0m:[93m131[0m
    [7m37[0m       const bookAuthors:BookAuthorCreationAttributes = authors.map(author => author.id).map((authorId, index) : {authorId:string, bookId:string} => ({authorId, bookId:createdBook.id}))
    [7m  [0m [96m                                                                                                                                  ~~~~~~[0m
    The expected type comes from property 'bookId' which is declared here on type '{ authorId: string; bookId: string; }'

TSError: тип Unable to compile TypeScript:
[96msrc/services/book.service.ts[0m:[93m32[0m:[93m56[0m - [91merror[0m[90m TS2355: [0mA function whose declared type is neither 'void' nor 'any' must return a value.

[7m32[0m   public createBook = async (data:IBookCreationData) : Promise<Book> => {
[7m  [0m [91m                                                       ~~~~~~~~~~~~~[0m
[96msrc/services/book.service.ts[0m:[93m37[0m:[93m13[0m - [91merror[0m[90m TS2559: [0mType '{ authorId: string; bookId: string; }[]' has no properties in common with type 'BookAuthorCreationAttributes'.

[7m37[0m       const bookAuthors:BookAuthorCreationAttributes = authors.map(author => author.id).map((authorId, index) : {authorId:string, bookId:string} => ({authorId, bookId:createdBook.id}))
[7m  [0m [91m            ~~~~~~~~~~~[0m
[96msrc/services/book.service.ts[0m:[93m37[0m:[93m151[0m - [91merror[0m[90m TS2322: [0mType 'number' is not assignable to type 'string'.

[7m37[0m       const bookAuthors:BookAuthorCreationAttributes = authors.map(author => author.id).map((authorId, index) : {authorId:string, bookId:string} => ({authorId, bookId:createdBook.id}))
[7m  [0m [91m                                                                                                                                                      ~~~~~~~~[0m

  [96msrc/services/book.service.ts[0m:[93m37[0m:[93m114[0m
    [7m37[0m       const bookAuthors:BookAuthorCreationAttributes = authors.map(author => author.id).map((authorId, index) : {authorId:string, bookId:string} => ({authorId, bookId:createdBook.id}))
    [7m  [0m [96m                                                                                                                 ~~~~~~~~[0m
    The expected type comes from property 'authorId' which is declared here on type '{ authorId: string; bookId: string; }'
[96msrc/services/book.service.ts[0m:[93m37[0m:[93m161[0m - [91merror[0m[90m TS2322: [0mType 'number' is not assignable to type 'string'.

[7m37[0m       const bookAuthors:BookAuthorCreationAttributes = authors.map(author => author.id).map((authorId, index) : {authorId:string, bookId:string} => ({authorId, bookId:createdBook.id}))
[7m  [0m [91m                                                                                                                                                                ~~~~~~[0m

  [96msrc/services/book.service.ts[0m:[93m37[0m:[93m131[0m
    [7m37[0m       const bookAuthors:BookAuthorCreationAttributes = authors.map(author => author.id).map((authorId, index) : {authorId:string, bookId:string} => ({authorId, bookId:createdBook.id}))
    [7m  [0m [96m                                                                                                                                  ~~~~~~[0m
    The expected type comes from property 'bookId' which is declared here on type '{ authorId: string; bookId: string; }'

    at createTSError (C:\Users\Intelory\Desktop\LD\node_modules\ts-node\src\index.ts:859:12)
    at reportTSError (C:\Users\Intelory\Desktop\LD\node_modules\ts-node\src\index.ts:863:19)
    at getOutput (C:\Users\Intelory\Desktop\LD\node_modules\ts-node\src\index.ts:1077:36)
    at Object.compile (C:\Users\Intelory\Desktop\LD\node_modules\ts-node\src\index.ts:1433:41)
    at Module.m._compile (C:\Users\Intelory\Desktop\LD\node_modules\ts-node\src\index.ts:1617:30)
    at Module._extensions..js (node:internal/modules/cjs/loader:1308:10)
    at Object.require.extensions.<computed> [as .ts] (C:\Users\Intelory\Desktop\LD\node_modules\ts-node\src\index.ts:1621:12)
    at Module.load (node:internal/modules/cjs/loader:1117:32)
    at Function.Module._load (node:internal/modules/cjs/loader:958:12)
    at Module.require (node:internal/modules/cjs/loader:1141:19)
[2023-06-30 13:52:00] ERROR: uncaughtException: тип Unable to compile TypeScript:
[96msrc/services/book.service.ts[0m:[93m32[0m:[93m56[0m - [91merror[0m[90m TS2355: [0mA function whose declared type is neither 'void' nor 'any' must return a value.

[7m32[0m   public createBook = async (data:IBookCreationData) : Promise<Book> => {
[7m  [0m [91m                                                       ~~~~~~~~~~~~~[0m
[96msrc/services/book.service.ts[0m:[93m37[0m:[93m13[0m - [91merror[0m[90m TS2322: [0mType '{ authorId: string; bookId: string; }[]' is not assignable to type 'BookAuthorCreationAttributes[]'.
  Type '{ authorId: string; bookId: string; }' is not assignable to type 'BookAuthorCreationAttributes'.
    Type '{ authorId: string; bookId: string; }' is not assignable to type 'Omit<BookAuthorAttributes, BookAuthorOptionalAttributes>'.
      Types of property 'authorId' are incompatible.
        Type 'string' is not assignable to type 'number'.

[7m37[0m       const bookAuthors:BookAuthorCreationAttributes[] = authors.map((author) => author.id).map((authorId, index) : {authorId:string, bookId:string} => ({authorId, bookId:createdBook.id}))
[7m  [0m [91m            ~~~~~~~~~~~[0m
[96msrc/services/book.service.ts[0m:[93m37[0m:[93m155[0m - [91merror[0m[90m TS2322: [0mType 'number' is not assignable to type 'string'.

[7m37[0m       const bookAuthors:BookAuthorCreationAttributes[] = authors.map((author) => author.id).map((authorId, index) : {authorId:string, bookId:string} => ({authorId, bookId:createdBook.id}))
[7m  [0m [91m                                                                                                                                                          ~~~~~~~~[0m

  [96msrc/services/book.service.ts[0m:[93m37[0m:[93m118[0m
    [7m37[0m       const bookAuthors:BookAuthorCreationAttributes[] = authors.map((author) => author.id).map((authorId, index) : {authorId:string, bookId:string} => ({authorId, bookId:createdBook.id}))
    [7m  [0m [96m                                                                                                                     ~~~~~~~~[0m
    The expected type comes from property 'authorId' which is declared here on type '{ authorId: string; bookId: string; }'
[96msrc/services/book.service.ts[0m:[93m37[0m:[93m165[0m - [91merror[0m[90m TS2322: [0mType 'number' is not assignable to type 'string'.

[7m37[0m       const bookAuthors:BookAuthorCreationAttributes[] = authors.map((author) => author.id).map((authorId, index) : {authorId:string, bookId:string} => ({authorId, bookId:createdBook.id}))
[7m  [0m [91m                                                                                                                                                                    ~~~~~~[0m

  [96msrc/services/book.service.ts[0m:[93m37[0m:[93m135[0m
    [7m37[0m       const bookAuthors:BookAuthorCreationAttributes[] = authors.map((author) => author.id).map((authorId, index) : {authorId:string, bookId:string} => ({authorId, bookId:createdBook.id}))
    [7m  [0m [96m                                                                                                                                      ~~~~~~[0m
    The expected type comes from property 'bookId' which is declared here on type '{ authorId: string; bookId: string; }'

TSError: тип Unable to compile TypeScript:
[96msrc/services/book.service.ts[0m:[93m32[0m:[93m56[0m - [91merror[0m[90m TS2355: [0mA function whose declared type is neither 'void' nor 'any' must return a value.

[7m32[0m   public createBook = async (data:IBookCreationData) : Promise<Book> => {
[7m  [0m [91m                                                       ~~~~~~~~~~~~~[0m
[96msrc/services/book.service.ts[0m:[93m37[0m:[93m13[0m - [91merror[0m[90m TS2322: [0mType '{ authorId: string; bookId: string; }[]' is not assignable to type 'BookAuthorCreationAttributes[]'.
  Type '{ authorId: string; bookId: string; }' is not assignable to type 'BookAuthorCreationAttributes'.
    Type '{ authorId: string; bookId: string; }' is not assignable to type 'Omit<BookAuthorAttributes, BookAuthorOptionalAttributes>'.
      Types of property 'authorId' are incompatible.
        Type 'string' is not assignable to type 'number'.

[7m37[0m       const bookAuthors:BookAuthorCreationAttributes[] = authors.map((author) => author.id).map((authorId, index) : {authorId:string, bookId:string} => ({authorId, bookId:createdBook.id}))
[7m  [0m [91m            ~~~~~~~~~~~[0m
[96msrc/services/book.service.ts[0m:[93m37[0m:[93m155[0m - [91merror[0m[90m TS2322: [0mType 'number' is not assignable to type 'string'.

[7m37[0m       const bookAuthors:BookAuthorCreationAttributes[] = authors.map((author) => author.id).map((authorId, index) : {authorId:string, bookId:string} => ({authorId, bookId:createdBook.id}))
[7m  [0m [91m                                                                                                                                                          ~~~~~~~~[0m

  [96msrc/services/book.service.ts[0m:[93m37[0m:[93m118[0m
    [7m37[0m       const bookAuthors:BookAuthorCreationAttributes[] = authors.map((author) => author.id).map((authorId, index) : {authorId:string, bookId:string} => ({authorId, bookId:createdBook.id}))
    [7m  [0m [96m                                                                                                                     ~~~~~~~~[0m
    The expected type comes from property 'authorId' which is declared here on type '{ authorId: string; bookId: string; }'
[96msrc/services/book.service.ts[0m:[93m37[0m:[93m165[0m - [91merror[0m[90m TS2322: [0mType 'number' is not assignable to type 'string'.

[7m37[0m       const bookAuthors:BookAuthorCreationAttributes[] = authors.map((author) => author.id).map((authorId, index) : {authorId:string, bookId:string} => ({authorId, bookId:createdBook.id}))
[7m  [0m [91m                                                                                                                                                                    ~~~~~~[0m

  [96msrc/services/book.service.ts[0m:[93m37[0m:[93m135[0m
    [7m37[0m       const bookAuthors:BookAuthorCreationAttributes[] = authors.map((author) => author.id).map((authorId, index) : {authorId:string, bookId:string} => ({authorId, bookId:createdBook.id}))
    [7m  [0m [96m                                                                                                                                      ~~~~~~[0m
    The expected type comes from property 'bookId' which is declared here on type '{ authorId: string; bookId: string; }'

    at createTSError (C:\Users\Intelory\Desktop\LD\node_modules\ts-node\src\index.ts:859:12)
    at reportTSError (C:\Users\Intelory\Desktop\LD\node_modules\ts-node\src\index.ts:863:19)
    at getOutput (C:\Users\Intelory\Desktop\LD\node_modules\ts-node\src\index.ts:1077:36)
    at Object.compile (C:\Users\Intelory\Desktop\LD\node_modules\ts-node\src\index.ts:1433:41)
    at Module.m._compile (C:\Users\Intelory\Desktop\LD\node_modules\ts-node\src\index.ts:1617:30)
    at Module._extensions..js (node:internal/modules/cjs/loader:1308:10)
    at Object.require.extensions.<computed> [as .ts] (C:\Users\Intelory\Desktop\LD\node_modules\ts-node\src\index.ts:1621:12)
    at Module.load (node:internal/modules/cjs/loader:1117:32)
    at Function.Module._load (node:internal/modules/cjs/loader:958:12)
    at Module.require (node:internal/modules/cjs/loader:1141:19)
[2023-06-30 13:52:09] ERROR: uncaughtException: тип Unable to compile TypeScript:
[96msrc/services/book.service.ts[0m:[93m32[0m:[93m56[0m - [91merror[0m[90m TS2355: [0mA function whose declared type is neither 'void' nor 'any' must return a value.

[7m32[0m   public createBook = async (data:IBookCreationData) : Promise<Book> => {
[7m  [0m [91m                                                       ~~~~~~~~~~~~~[0m

TSError: тип Unable to compile TypeScript:
[96msrc/services/book.service.ts[0m:[93m32[0m:[93m56[0m - [91merror[0m[90m TS2355: [0mA function whose declared type is neither 'void' nor 'any' must return a value.

[7m32[0m   public createBook = async (data:IBookCreationData) : Promise<Book> => {
[7m  [0m [91m                                                       ~~~~~~~~~~~~~[0m

    at createTSError (C:\Users\Intelory\Desktop\LD\node_modules\ts-node\src\index.ts:859:12)
    at reportTSError (C:\Users\Intelory\Desktop\LD\node_modules\ts-node\src\index.ts:863:19)
    at getOutput (C:\Users\Intelory\Desktop\LD\node_modules\ts-node\src\index.ts:1077:36)
    at Object.compile (C:\Users\Intelory\Desktop\LD\node_modules\ts-node\src\index.ts:1433:41)
    at Module.m._compile (C:\Users\Intelory\Desktop\LD\node_modules\ts-node\src\index.ts:1617:30)
    at Module._extensions..js (node:internal/modules/cjs/loader:1308:10)
    at Object.require.extensions.<computed> [as .ts] (C:\Users\Intelory\Desktop\LD\node_modules\ts-node\src\index.ts:1621:12)
    at Module.load (node:internal/modules/cjs/loader:1117:32)
    at Function.Module._load (node:internal/modules/cjs/loader:958:12)
    at Module.require (node:internal/modules/cjs/loader:1141:19)
[2023-06-30 13:53:24] ERROR: uncaughtException: тип Unable to compile TypeScript:
[96msrc/services/book.service.ts[0m:[93m32[0m:[93m56[0m - [91merror[0m[90m TS2355: [0mA function whose declared type is neither 'void' nor 'any' must return a value.

[7m32[0m   public createBook = async (data:IBookCreationData) : Promise<Book> => {
[7m  [0m [91m                                                       ~~~~~~~~~~~~~[0m

TSError: тип Unable to compile TypeScript:
[96msrc/services/book.service.ts[0m:[93m32[0m:[93m56[0m - [91merror[0m[90m TS2355: [0mA function whose declared type is neither 'void' nor 'any' must return a value.

[7m32[0m   public createBook = async (data:IBookCreationData) : Promise<Book> => {
[7m  [0m [91m                                                       ~~~~~~~~~~~~~[0m

    at createTSError (C:\Users\Intelory\Desktop\LD\node_modules\ts-node\src\index.ts:859:12)
    at reportTSError (C:\Users\Intelory\Desktop\LD\node_modules\ts-node\src\index.ts:863:19)
    at getOutput (C:\Users\Intelory\Desktop\LD\node_modules\ts-node\src\index.ts:1077:36)
    at Object.compile (C:\Users\Intelory\Desktop\LD\node_modules\ts-node\src\index.ts:1433:41)
    at Module.m._compile (C:\Users\Intelory\Desktop\LD\node_modules\ts-node\src\index.ts:1617:30)
    at Module._extensions..js (node:internal/modules/cjs/loader:1308:10)
    at Object.require.extensions.<computed> [as .ts] (C:\Users\Intelory\Desktop\LD\node_modules\ts-node\src\index.ts:1621:12)
    at Module.load (node:internal/modules/cjs/loader:1117:32)
    at Function.Module._load (node:internal/modules/cjs/loader:958:12)
    at Module.require (node:internal/modules/cjs/loader:1141:19)
[2023-06-30 13:54:05] ERROR: uncaughtException: тип Unable to compile TypeScript:
[96msrc/services/book.service.ts[0m:[93m32[0m:[93m56[0m - [91merror[0m[90m TS2355: [0mA function whose declared type is neither 'void' nor 'any' must return a value.

[7m32[0m   public createBook = async (data:IBookCreationData) : Promise<Book> => {
[7m  [0m [91m                                                       ~~~~~~~~~~~~~[0m

TSError: тип Unable to compile TypeScript:
[96msrc/services/book.service.ts[0m:[93m32[0m:[93m56[0m - [91merror[0m[90m TS2355: [0mA function whose declared type is neither 'void' nor 'any' must return a value.

[7m32[0m   public createBook = async (data:IBookCreationData) : Promise<Book> => {
[7m  [0m [91m                                                       ~~~~~~~~~~~~~[0m

    at createTSError (C:\Users\Intelory\Desktop\LD\node_modules\ts-node\src\index.ts:859:12)
    at reportTSError (C:\Users\Intelory\Desktop\LD\node_modules\ts-node\src\index.ts:863:19)
    at getOutput (C:\Users\Intelory\Desktop\LD\node_modules\ts-node\src\index.ts:1077:36)
    at Object.compile (C:\Users\Intelory\Desktop\LD\node_modules\ts-node\src\index.ts:1433:41)
    at Module.m._compile (C:\Users\Intelory\Desktop\LD\node_modules\ts-node\src\index.ts:1617:30)
    at Module._extensions..js (node:internal/modules/cjs/loader:1308:10)
    at Object.require.extensions.<computed> [as .ts] (C:\Users\Intelory\Desktop\LD\node_modules\ts-node\src\index.ts:1621:12)
    at Module.load (node:internal/modules/cjs/loader:1117:32)
    at Function.Module._load (node:internal/modules/cjs/loader:958:12)
    at Module.require (node:internal/modules/cjs/loader:1141:19)
[2023-06-30 13:54:23] ERROR: uncaughtException: тип Unable to compile TypeScript:
[96msrc/services/book.service.ts[0m:[93m32[0m:[93m56[0m - [91merror[0m[90m TS2355: [0mA function whose declared type is neither 'void' nor 'any' must return a value.

[7m32[0m   public createBook = async (data:IBookCreationData) : Promise<Book> => {
[7m  [0m [91m                                                       ~~~~~~~~~~~~~[0m
[96msrc/services/book.service.ts[0m:[93m40[0m:[93m33[0m - [91merror[0m[90m TS2345: [0mArgument of type 'number' is not assignable to parameter of type 'string'.

[7m40[0m       return await this.getBook(createdBook.id);
[7m  [0m [91m                                ~~~~~~~~~~~~~~[0m

TSError: тип Unable to compile TypeScript:
[96msrc/services/book.service.ts[0m:[93m32[0m:[93m56[0m - [91merror[0m[90m TS2355: [0mA function whose declared type is neither 'void' nor 'any' must return a value.

[7m32[0m   public createBook = async (data:IBookCreationData) : Promise<Book> => {
[7m  [0m [91m                                                       ~~~~~~~~~~~~~[0m
[96msrc/services/book.service.ts[0m:[93m40[0m:[93m33[0m - [91merror[0m[90m TS2345: [0mArgument of type 'number' is not assignable to parameter of type 'string'.

[7m40[0m       return await this.getBook(createdBook.id);
[7m  [0m [91m                                ~~~~~~~~~~~~~~[0m

    at createTSError (C:\Users\Intelory\Desktop\LD\node_modules\ts-node\src\index.ts:859:12)
    at reportTSError (C:\Users\Intelory\Desktop\LD\node_modules\ts-node\src\index.ts:863:19)
    at getOutput (C:\Users\Intelory\Desktop\LD\node_modules\ts-node\src\index.ts:1077:36)
    at Object.compile (C:\Users\Intelory\Desktop\LD\node_modules\ts-node\src\index.ts:1433:41)
    at Module.m._compile (C:\Users\Intelory\Desktop\LD\node_modules\ts-node\src\index.ts:1617:30)
    at Module._extensions..js (node:internal/modules/cjs/loader:1308:10)
    at Object.require.extensions.<computed> [as .ts] (C:\Users\Intelory\Desktop\LD\node_modules\ts-node\src\index.ts:1621:12)
    at Module.load (node:internal/modules/cjs/loader:1117:32)
    at Function.Module._load (node:internal/modules/cjs/loader:958:12)
    at Module.require (node:internal/modules/cjs/loader:1141:19)
[2023-06-30 13:54:29] ERROR: uncaughtException: тип Unable to compile TypeScript:
[96msrc/services/book.service.ts[0m:[93m40[0m:[93m33[0m - [91merror[0m[90m TS2345: [0mArgument of type 'number' is not assignable to parameter of type 'string'.

[7m40[0m       return await this.getBook(createdBook.id);
[7m  [0m [91m                                ~~~~~~~~~~~~~~[0m

TSError: тип Unable to compile TypeScript:
[96msrc/services/book.service.ts[0m:[93m40[0m:[93m33[0m - [91merror[0m[90m TS2345: [0mArgument of type 'number' is not assignable to parameter of type 'string'.

[7m40[0m       return await this.getBook(createdBook.id);
[7m  [0m [91m                                ~~~~~~~~~~~~~~[0m

    at createTSError (C:\Users\Intelory\Desktop\LD\node_modules\ts-node\src\index.ts:859:12)
    at reportTSError (C:\Users\Intelory\Desktop\LD\node_modules\ts-node\src\index.ts:863:19)
    at getOutput (C:\Users\Intelory\Desktop\LD\node_modules\ts-node\src\index.ts:1077:36)
    at Object.compile (C:\Users\Intelory\Desktop\LD\node_modules\ts-node\src\index.ts:1433:41)
    at Module.m._compile (C:\Users\Intelory\Desktop\LD\node_modules\ts-node\src\index.ts:1617:30)
    at Module._extensions..js (node:internal/modules/cjs/loader:1308:10)
    at Object.require.extensions.<computed> [as .ts] (C:\Users\Intelory\Desktop\LD\node_modules\ts-node\src\index.ts:1621:12)
    at Module.load (node:internal/modules/cjs/loader:1117:32)
    at Function.Module._load (node:internal/modules/cjs/loader:958:12)
    at Module.require (node:internal/modules/cjs/loader:1141:19)
[2023-06-30 13:54:51] ERROR: uncaughtException: тип Unable to compile TypeScript:
[96msrc/services/book.service.ts[0m:[93m49[0m:[93m35[0m - [91merror[0m[90m TS2345: [0mArgument of type 'string' is not assignable to parameter of type 'number'.

[7m49[0m         return await this.getBook(id);
[7m  [0m [91m                                  ~~[0m

TSError: тип Unable to compile TypeScript:
[96msrc/services/book.service.ts[0m:[93m49[0m:[93m35[0m - [91merror[0m[90m TS2345: [0mArgument of type 'string' is not assignable to parameter of type 'number'.

[7m49[0m         return await this.getBook(id);
[7m  [0m [91m                                  ~~[0m

    at createTSError (C:\Users\Intelory\Desktop\LD\node_modules\ts-node\src\index.ts:859:12)
    at reportTSError (C:\Users\Intelory\Desktop\LD\node_modules\ts-node\src\index.ts:863:19)
    at getOutput (C:\Users\Intelory\Desktop\LD\node_modules\ts-node\src\index.ts:1077:36)
    at Object.compile (C:\Users\Intelory\Desktop\LD\node_modules\ts-node\src\index.ts:1433:41)
    at Module.m._compile (C:\Users\Intelory\Desktop\LD\node_modules\ts-node\src\index.ts:1617:30)
    at Module._extensions..js (node:internal/modules/cjs/loader:1308:10)
    at Object.require.extensions.<computed> [as .ts] (C:\Users\Intelory\Desktop\LD\node_modules\ts-node\src\index.ts:1621:12)
    at Module.load (node:internal/modules/cjs/loader:1117:32)
    at Function.Module._load (node:internal/modules/cjs/loader:958:12)
    at Module.require (node:internal/modules/cjs/loader:1141:19)
[2023-06-30 13:56:04] ERROR: uncaughtException: тип Unable to compile TypeScript:
[96msrc/services/author.service.ts[0m:[93m41[0m:[93m37[0m - [91merror[0m[90m TS2345: [0mArgument of type 'string' is not assignable to parameter of type 'number'.

[7m41[0m         return await this.getAuthor(id);
[7m  [0m [91m                                    ~~[0m

TSError: тип Unable to compile TypeScript:
[96msrc/services/author.service.ts[0m:[93m41[0m:[93m37[0m - [91merror[0m[90m TS2345: [0mArgument of type 'string' is not assignable to parameter of type 'number'.

[7m41[0m         return await this.getAuthor(id);
[7m  [0m [91m                                    ~~[0m

    at createTSError (C:\Users\Intelory\Desktop\LD\node_modules\ts-node\src\index.ts:859:12)
    at reportTSError (C:\Users\Intelory\Desktop\LD\node_modules\ts-node\src\index.ts:863:19)
    at getOutput (C:\Users\Intelory\Desktop\LD\node_modules\ts-node\src\index.ts:1077:36)
    at Object.compile (C:\Users\Intelory\Desktop\LD\node_modules\ts-node\src\index.ts:1433:41)
    at Module.m._compile (C:\Users\Intelory\Desktop\LD\node_modules\ts-node\src\index.ts:1617:30)
    at Module._extensions..js (node:internal/modules/cjs/loader:1308:10)
    at Object.require.extensions.<computed> [as .ts] (C:\Users\Intelory\Desktop\LD\node_modules\ts-node\src\index.ts:1621:12)
    at Module.load (node:internal/modules/cjs/loader:1117:32)
    at Function.Module._load (node:internal/modules/cjs/loader:958:12)
    at Module.require (node:internal/modules/cjs/loader:1141:19)
[2023-06-30 13:57:14] ERROR: uncaughtException: тип Unable to compile TypeScript:
[96msrc/services/book.service.ts[0m:[93m50[0m:[93m172[0m - [91merror[0m[90m TS2304: [0mCannot find name 'createdBook'.

[7m50[0m       const bookAuthors:BookAuthorCreationAttributes[] = authors.map((author) => author.id).map((authorId, index) : {authorId:number, bookId:number} => ({authorId, bookId:createdBook.id}))
[7m  [0m [91m                                                                                                                                                                           ~~~~~~~~~~~[0m
[96msrc/services/book.service.ts[0m:[93m52[0m:[93m33[0m - [91merror[0m[90m TS2304: [0mCannot find name 'createdBook'.

[7m52[0m       return await this.getBook(createdBook.id);
[7m  [0m [91m                                ~~~~~~~~~~~[0m

TSError: тип Unable to compile TypeScript:
[96msrc/services/book.service.ts[0m:[93m50[0m:[93m172[0m - [91merror[0m[90m TS2304: [0mCannot find name 'createdBook'.

[7m50[0m       const bookAuthors:BookAuthorCreationAttributes[] = authors.map((author) => author.id).map((authorId, index) : {authorId:number, bookId:number} => ({authorId, bookId:createdBook.id}))
[7m  [0m [91m                                                                                                                                                                           ~~~~~~~~~~~[0m
[96msrc/services/book.service.ts[0m:[93m52[0m:[93m33[0m - [91merror[0m[90m TS2304: [0mCannot find name 'createdBook'.

[7m52[0m       return await this.getBook(createdBook.id);
[7m  [0m [91m                                ~~~~~~~~~~~[0m

    at createTSError (C:\Users\Intelory\Desktop\LD\node_modules\ts-node\src\index.ts:859:12)
    at reportTSError (C:\Users\Intelory\Desktop\LD\node_modules\ts-node\src\index.ts:863:19)
    at getOutput (C:\Users\Intelory\Desktop\LD\node_modules\ts-node\src\index.ts:1077:36)
    at Object.compile (C:\Users\Intelory\Desktop\LD\node_modules\ts-node\src\index.ts:1433:41)
    at Module.m._compile (C:\Users\Intelory\Desktop\LD\node_modules\ts-node\src\index.ts:1617:30)
    at Module._extensions..js (node:internal/modules/cjs/loader:1308:10)
    at Object.require.extensions.<computed> [as .ts] (C:\Users\Intelory\Desktop\LD\node_modules\ts-node\src\index.ts:1621:12)
    at Module.load (node:internal/modules/cjs/loader:1117:32)
    at Function.Module._load (node:internal/modules/cjs/loader:958:12)
    at Module.require (node:internal/modules/cjs/loader:1141:19)
[2023-06-30 13:57:19] ERROR: uncaughtException: тип Unable to compile TypeScript:
[96msrc/services/book.service.ts[0m:[93m50[0m:[93m172[0m - [91merror[0m[90m TS2304: [0mCannot find name 'createdBook'.

[7m50[0m       const bookAuthors:BookAuthorCreationAttributes[] = authors.map((author) => author.id).map((authorId, index) : {authorId:number, bookId:number} => ({authorId, bookId:createdBook.id}))
[7m  [0m [91m                                                                                                                                                                           ~~~~~~~~~~~[0m

TSError: тип Unable to compile TypeScript:
[96msrc/services/book.service.ts[0m:[93m50[0m:[93m172[0m - [91merror[0m[90m TS2304: [0mCannot find name 'createdBook'.

[7m50[0m       const bookAuthors:BookAuthorCreationAttributes[] = authors.map((author) => author.id).map((authorId, index) : {authorId:number, bookId:number} => ({authorId, bookId:createdBook.id}))
[7m  [0m [91m                                                                                                                                                                           ~~~~~~~~~~~[0m

    at createTSError (C:\Users\Intelory\Desktop\LD\node_modules\ts-node\src\index.ts:859:12)
    at reportTSError (C:\Users\Intelory\Desktop\LD\node_modules\ts-node\src\index.ts:863:19)
    at getOutput (C:\Users\Intelory\Desktop\LD\node_modules\ts-node\src\index.ts:1077:36)
    at Object.compile (C:\Users\Intelory\Desktop\LD\node_modules\ts-node\src\index.ts:1433:41)
    at Module.m._compile (C:\Users\Intelory\Desktop\LD\node_modules\ts-node\src\index.ts:1617:30)
    at Module._extensions..js (node:internal/modules/cjs/loader:1308:10)
    at Object.require.extensions.<computed> [as .ts] (C:\Users\Intelory\Desktop\LD\node_modules\ts-node\src\index.ts:1621:12)
    at Module.load (node:internal/modules/cjs/loader:1117:32)
    at Function.Module._load (node:internal/modules/cjs/loader:958:12)
    at Module.require (node:internal/modules/cjs/loader:1141:19)
[2023-06-30 14:01:48] ERROR: uncaughtException: Could not get all authors!
Error: Could not get all authors!
    at AuthorService.getAuthors (C:\Users\Intelory\Desktop\LD\src\services\author.service.ts:19:15)
    at processTicksAndRejections (node:internal/process/task_queues:95:5)
[2023-06-30 14:03:50] ERROR: Validation error: birthDate
[2023-06-30 14:03:57] ERROR: Validation error: birthDate
[2023-06-30 14:05:02] ERROR: uncaughtException: Could not create author!
Error: Could not create author!
    at AuthorService.createAuthor (C:\Users\Intelory\Desktop\LD\src\services\author.service.ts:35:15)
    at processTicksAndRejections (node:internal/process/task_queues:95:5)
[2023-06-30 14:07:16] ERROR: uncaughtException: Could not create author!
Error: Could not create author!
    at AuthorService.createAuthor (C:\Users\Intelory\Desktop\LD\src\services\author.service.ts:35:15)
    at processTicksAndRejections (node:internal/process/task_queues:95:5)
[2023-06-30 14:09:44] ERROR: Validation error: nationality
[2023-06-30 14:09:49] ERROR: uncaughtException: Could not create author!
Error: Could not create author!
    at AuthorService.createAuthor (C:\Users\Intelory\Desktop\LD\src\services\author.service.ts:35:15)
    at processTicksAndRejections (node:internal/process/task_queues:95:5)
[2023-06-30 14:10:38] ERROR: Could not create author!
[2023-06-30 14:11:03] ERROR: Could not create author!
[2023-06-30 14:13:04] ERROR: uncaughtException: Could not get author!
Error: Could not get author!
    at AuthorService.getAuthor (C:\Users\Intelory\Desktop\LD\src\services\author.service.ts:27:15)
    at processTicksAndRejections (node:internal/process/task_queues:95:5)
[2023-06-30 14:18:58] ERROR: Could not get author!
[2023-06-30 14:19:24] ERROR: Could not get author!
[2023-06-30 14:19:57] ERROR: uncaughtException: тип Unable to compile TypeScript:
[96msrc/services/author.service.ts[0m:[93m25[0m:[93m47[0m - [91merror[0m[90m TS2554: [0mExpected 0-1 arguments, but got 2.

[7m25[0m         return await Author.findOne(authorId, {include:[{association:'books'}]})
[7m  [0m [91m                                              ~~~~~~~~~~~~~~~~~~~~~~~~~~~~~~~~~[0m

TSError: тип Unable to compile TypeScript:
[96msrc/services/author.service.ts[0m:[93m25[0m:[93m47[0m - [91merror[0m[90m TS2554: [0mExpected 0-1 arguments, but got 2.

[7m25[0m         return await Author.findOne(authorId, {include:[{association:'books'}]})
[7m  [0m [91m                                              ~~~~~~~~~~~~~~~~~~~~~~~~~~~~~~~~~[0m

    at createTSError (C:\Users\Intelory\Desktop\LD\node_modules\ts-node\src\index.ts:859:12)
    at reportTSError (C:\Users\Intelory\Desktop\LD\node_modules\ts-node\src\index.ts:863:19)
    at getOutput (C:\Users\Intelory\Desktop\LD\node_modules\ts-node\src\index.ts:1077:36)
    at Object.compile (C:\Users\Intelory\Desktop\LD\node_modules\ts-node\src\index.ts:1433:41)
    at Module.m._compile (C:\Users\Intelory\Desktop\LD\node_modules\ts-node\src\index.ts:1617:30)
    at Module._extensions..js (node:internal/modules/cjs/loader:1308:10)
    at Object.require.extensions.<computed> [as .ts] (C:\Users\Intelory\Desktop\LD\node_modules\ts-node\src\index.ts:1621:12)
    at Module.load (node:internal/modules/cjs/loader:1117:32)
    at Function.Module._load (node:internal/modules/cjs/loader:958:12)
    at Module.require (node:internal/modules/cjs/loader:1141:19)
[2023-06-30 14:20:27] ERROR: Could not get author!
[2023-06-30 14:21:23] ERROR: uncaughtException: You have used the alias authors in two separate associations. Aliased associations must have unique aliases.
SequelizeAssociationError: You have used the alias authors in two separate associations. Aliased associations must have unique aliases.
    at new Association (C:\Users\Intelory\Desktop\LD\node_modules\sequelize\src\associations\base.js:107:13)
    at new BelongsToMany (C:\Users\Intelory\Desktop\LD\node_modules\sequelize\src\associations\belongs-to-many.js:59:5)
    at Function.belongsToMany (C:\Users\Intelory\Desktop\LD\node_modules\sequelize\src\associations\mixin.js:64:25)
    at Function.Book.associate (C:\Users\Intelory\Desktop\LD\src\database\models\book.model.ts:43:9)
    at C:\Users\Intelory\Desktop\LD\src\database\index.ts:89:32
    at Array.forEach (<anonymous>)
    at Object.<anonymous> (C:\Users\Intelory\Desktop\LD\src\database\index.ts:87:30)
    at Module._compile (node:internal/modules/cjs/loader:1254:14)
    at Module.m._compile (C:\Users\Intelory\Desktop\LD\node_modules\ts-node\src\index.ts:1618:23)
    at Module._extensions..js (node:internal/modules/cjs/loader:1308:10)
[2023-06-30 14:21:56] ERROR: Could not get author!
[2023-06-30 14:23:10] ERROR: Could not get author!
[2023-06-30 14:28:10] ERROR: uncaughtException: тип Unable to compile TypeScript:
[96msrc/database/models/author.model.ts[0m:[93m44[0m:[93m5[0m - [91merror[0m[90m TS2345: [0mArgument of type '{ through: typeof BookAuthor; foreignKey: string; as: string; }' is not assignable to parameter of type 'HasManyOptions'.
  Object literal may only specify known properties, and 'through' does not exist in type 'HasManyOptions'.

[7m44[0m     through: BookAuthor,
[7m  [0m [91m    ~~~~~~~~~~~~~~~~~~~[0m

TSError: тип Unable to compile TypeScript:
[96msrc/database/models/author.model.ts[0m:[93m44[0m:[93m5[0m - [91merror[0m[90m TS2345: [0mArgument of type '{ through: typeof BookAuthor; foreignKey: string; as: string; }' is not assignable to parameter of type 'HasManyOptions'.
  Object literal may only specify known properties, and 'through' does not exist in type 'HasManyOptions'.

[7m44[0m     through: BookAuthor,
[7m  [0m [91m    ~~~~~~~~~~~~~~~~~~~[0m

    at createTSError (C:\Users\Intelory\Desktop\LD\node_modules\ts-node\src\index.ts:859:12)
    at reportTSError (C:\Users\Intelory\Desktop\LD\node_modules\ts-node\src\index.ts:863:19)
    at getOutput (C:\Users\Intelory\Desktop\LD\node_modules\ts-node\src\index.ts:1077:36)
    at Object.compile (C:\Users\Intelory\Desktop\LD\node_modules\ts-node\src\index.ts:1433:41)
    at Module.m._compile (C:\Users\Intelory\Desktop\LD\node_modules\ts-node\src\index.ts:1617:30)
    at Module._extensions..js (node:internal/modules/cjs/loader:1308:10)
    at Object.require.extensions.<computed> [as .ts] (C:\Users\Intelory\Desktop\LD\node_modules\ts-node\src\index.ts:1621:12)
    at Module.load (node:internal/modules/cjs/loader:1117:32)
    at Function.Module._load (node:internal/modules/cjs/loader:958:12)
    at Module.require (node:internal/modules/cjs/loader:1141:19)
[2023-06-30 14:55:44] ERROR: Validation error: publicationDate, genre, authors
[2023-06-30 14:56:02] ERROR: Validation error: publicationDate, genre, authors
[2023-06-30 14:56:20] ERROR: Validation error: genre, authors
[2023-06-30 14:57:40] ERROR: Validation error: authors
[2023-06-30 14:57:49] ERROR: Validation error: genre, authors
[2023-06-30 14:57:52] ERROR: Validation error: authors
[2023-06-30 14:58:11] ERROR: Validation error: authors
[2023-06-30 14:58:16] ERROR: Validation error: authors
[2023-06-30 14:58:18] ERROR: Validation error: authors
[2023-06-30 14:58:19] ERROR: Validation error: authors
[2023-06-30 14:58:19] ERROR: Validation error: authors
[2023-06-30 14:58:20] ERROR: Validation error: authors
[2023-06-30 14:58:20] ERROR: Validation error: authors
[2023-06-30 14:58:38] ERROR: Validation error: authors
[2023-06-30 14:58:41] ERROR: Validation error: authors
[2023-06-30 15:02:20] ERROR: Validation error: authors
[2023-06-30 15:04:32] ERROR: Validation error: authors
[2023-06-30 15:04:57] ERROR: Could not create book!
[2023-06-30 15:05:57] ERROR: Could not create book!
[2023-06-30 15:07:01] ERROR: Could not create book!
[2023-06-30 15:08:43] ERROR: Could not create book!
[2023-06-30 15:12:29] ERROR: uncaughtException: тип Unable to compile TypeScript:
[96msrc/database/models/book.model.ts[0m:[93m46[0m:[93m5[0m - [91merror[0m[90m TS2322: [0mType '{ model: typeof BookAuthor; attributes: undefined[]; }' is not assignable to type 'string | ModelType | ThroughOptions'.
  Object literal may only specify known properties, and 'attributes' does not exist in type 'ModelType | ThroughOptions'.

[7m46[0m     attributes: [] // Exclude the BookAuthor attributes
[7m  [0m [91m    ~~~~~~~~~~~~~~[0m

  [96mnode_modules/sequelize/types/associations/belongs-to-many.d.ts[0m:[93m63[0m:[93m3[0m
    [7m63[0m   through: ModelType | string | ThroughOptions;
    [7m  [0m [96m  ~~~~~~~[0m
    The expected type comes from property 'through' which is declared here on type 'BelongsToManyOptions'

TSError: тип Unable to compile TypeScript:
[96msrc/database/models/book.model.ts[0m:[93m46[0m:[93m5[0m - [91merror[0m[90m TS2322: [0mType '{ model: typeof BookAuthor; attributes: undefined[]; }' is not assignable to type 'string | ModelType | ThroughOptions'.
  Object literal may only specify known properties, and 'attributes' does not exist in type 'ModelType | ThroughOptions'.

[7m46[0m     attributes: [] // Exclude the BookAuthor attributes
[7m  [0m [91m    ~~~~~~~~~~~~~~[0m

  [96mnode_modules/sequelize/types/associations/belongs-to-many.d.ts[0m:[93m63[0m:[93m3[0m
    [7m63[0m   through: ModelType | string | ThroughOptions;
    [7m  [0m [96m  ~~~~~~~[0m
    The expected type comes from property 'through' which is declared here on type 'BelongsToManyOptions'

    at createTSError (C:\Users\Intelory\Desktop\LD\node_modules\ts-node\src\index.ts:859:12)
    at reportTSError (C:\Users\Intelory\Desktop\LD\node_modules\ts-node\src\index.ts:863:19)
    at getOutput (C:\Users\Intelory\Desktop\LD\node_modules\ts-node\src\index.ts:1077:36)
    at Object.compile (C:\Users\Intelory\Desktop\LD\node_modules\ts-node\src\index.ts:1433:41)
    at Module.m._compile (C:\Users\Intelory\Desktop\LD\node_modules\ts-node\src\index.ts:1617:30)
    at Module._extensions..js (node:internal/modules/cjs/loader:1308:10)
    at Object.require.extensions.<computed> [as .ts] (C:\Users\Intelory\Desktop\LD\node_modules\ts-node\src\index.ts:1621:12)
    at Module.load (node:internal/modules/cjs/loader:1117:32)
    at Function.Module._load (node:internal/modules/cjs/loader:958:12)
    at Module.require (node:internal/modules/cjs/loader:1141:19)
[2023-06-30 15:12:38] ERROR: uncaughtException: тип Unable to compile TypeScript:
[96msrc/database/models/book.model.ts[0m:[93m46[0m:[93m7[0m - [91merror[0m[90m TS2322: [0mType '{ model: typeof BookAuthor; attributes: undefined[]; }' is not assignable to type 'string | ModelType | ThroughOptions'.
  Object literal may only specify known properties, and 'attributes' does not exist in type 'ModelType | ThroughOptions'.

[7m46[0m       attributes: [] // Exclude the BookAuthor attributes
[7m  [0m [91m      ~~~~~~~~~~~~~~[0m

  [96mnode_modules/sequelize/types/associations/belongs-to-many.d.ts[0m:[93m63[0m:[93m3[0m
    [7m63[0m   through: ModelType | string | ThroughOptions;
    [7m  [0m [96m  ~~~~~~~[0m
    The expected type comes from property 'through' which is declared here on type 'BelongsToManyOptions'

TSError: тип Unable to compile TypeScript:
[96msrc/database/models/book.model.ts[0m:[93m46[0m:[93m7[0m - [91merror[0m[90m TS2322: [0mType '{ model: typeof BookAuthor; attributes: undefined[]; }' is not assignable to type 'string | ModelType | ThroughOptions'.
  Object literal may only specify known properties, and 'attributes' does not exist in type 'ModelType | ThroughOptions'.

[7m46[0m       attributes: [] // Exclude the BookAuthor attributes
[7m  [0m [91m      ~~~~~~~~~~~~~~[0m

  [96mnode_modules/sequelize/types/associations/belongs-to-many.d.ts[0m:[93m63[0m:[93m3[0m
    [7m63[0m   through: ModelType | string | ThroughOptions;
    [7m  [0m [96m  ~~~~~~~[0m
    The expected type comes from property 'through' which is declared here on type 'BelongsToManyOptions'

    at createTSError (C:\Users\Intelory\Desktop\LD\node_modules\ts-node\src\index.ts:859:12)
    at reportTSError (C:\Users\Intelory\Desktop\LD\node_modules\ts-node\src\index.ts:863:19)
    at getOutput (C:\Users\Intelory\Desktop\LD\node_modules\ts-node\src\index.ts:1077:36)
    at Object.compile (C:\Users\Intelory\Desktop\LD\node_modules\ts-node\src\index.ts:1433:41)
    at Module.m._compile (C:\Users\Intelory\Desktop\LD\node_modules\ts-node\src\index.ts:1617:30)
    at Module._extensions..js (node:internal/modules/cjs/loader:1308:10)
    at Object.require.extensions.<computed> [as .ts] (C:\Users\Intelory\Desktop\LD\node_modules\ts-node\src\index.ts:1621:12)
    at Module.load (node:internal/modules/cjs/loader:1117:32)
    at Function.Module._load (node:internal/modules/cjs/loader:958:12)
    at Module.require (node:internal/modules/cjs/loader:1141:19)
[2023-06-30 15:13:03] ERROR: uncaughtException: тип Unable to compile TypeScript:
[96msrc/database/models/book.model.ts[0m:[93m43[0m:[93m22[0m - [91merror[0m[90m TS2304: [0mCannot find name 'Author'.

[7m43[0m   Book.belongsToMany(Author, {
[7m  [0m [91m                     ~~~~~~[0m
[96msrc/database/models/book.model.ts[0m:[93m46[0m:[93m5[0m - [91merror[0m[90m TS2322: [0mType '{ model: typeof BookAuthor; attributes: undefined[]; }' is not assignable to type 'string | ModelType | ThroughOptions'.
  Object literal may only specify known properties, and 'attributes' does not exist in type 'ModelType | ThroughOptions'.

[7m46[0m     attributes: [] // Exclude the BookAuthor attributes
[7m  [0m [91m    ~~~~~~~~~~~~~~[0m

  [96mnode_modules/sequelize/types/associations/belongs-to-many.d.ts[0m:[93m63[0m:[93m3[0m
    [7m63[0m   through: ModelType | string | ThroughOptions;
    [7m  [0m [96m  ~~~~~~~[0m
    The expected type comes from property 'through' which is declared here on type 'BelongsToManyOptions'

TSError: тип Unable to compile TypeScript:
[96msrc/database/models/book.model.ts[0m:[93m43[0m:[93m22[0m - [91merror[0m[90m TS2304: [0mCannot find name 'Author'.

[7m43[0m   Book.belongsToMany(Author, {
[7m  [0m [91m                     ~~~~~~[0m
[96msrc/database/models/book.model.ts[0m:[93m46[0m:[93m5[0m - [91merror[0m[90m TS2322: [0mType '{ model: typeof BookAuthor; attributes: undefined[]; }' is not assignable to type 'string | ModelType | ThroughOptions'.
  Object literal may only specify known properties, and 'attributes' does not exist in type 'ModelType | ThroughOptions'.

[7m46[0m     attributes: [] // Exclude the BookAuthor attributes
[7m  [0m [91m    ~~~~~~~~~~~~~~[0m

  [96mnode_modules/sequelize/types/associations/belongs-to-many.d.ts[0m:[93m63[0m:[93m3[0m
    [7m63[0m   through: ModelType | string | ThroughOptions;
    [7m  [0m [96m  ~~~~~~~[0m
    The expected type comes from property 'through' which is declared here on type 'BelongsToManyOptions'

    at createTSError (C:\Users\Intelory\Desktop\LD\node_modules\ts-node\src\index.ts:859:12)
    at reportTSError (C:\Users\Intelory\Desktop\LD\node_modules\ts-node\src\index.ts:863:19)
    at getOutput (C:\Users\Intelory\Desktop\LD\node_modules\ts-node\src\index.ts:1077:36)
    at Object.compile (C:\Users\Intelory\Desktop\LD\node_modules\ts-node\src\index.ts:1433:41)
    at Module.m._compile (C:\Users\Intelory\Desktop\LD\node_modules\ts-node\src\index.ts:1617:30)
    at Module._extensions..js (node:internal/modules/cjs/loader:1308:10)
    at Object.require.extensions.<computed> [as .ts] (C:\Users\Intelory\Desktop\LD\node_modules\ts-node\src\index.ts:1621:12)
    at Module.load (node:internal/modules/cjs/loader:1117:32)
    at Function.Module._load (node:internal/modules/cjs/loader:958:12)
    at Module.require (node:internal/modules/cjs/loader:1141:19)
[2023-06-30 15:13:13] ERROR: uncaughtException: тип Unable to compile TypeScript:
[96msrc/database/models/book.model.ts[0m:[93m46[0m:[93m5[0m - [91merror[0m[90m TS2322: [0mType '{ model: typeof BookAuthor; attributes: undefined[]; }' is not assignable to type 'string | ModelType | ThroughOptions'.
  Object literal may only specify known properties, and 'attributes' does not exist in type 'ModelType | ThroughOptions'.

[7m46[0m     attributes: [] // Exclude the BookAuthor attributes
[7m  [0m [91m    ~~~~~~~~~~~~~~[0m

  [96mnode_modules/sequelize/types/associations/belongs-to-many.d.ts[0m:[93m63[0m:[93m3[0m
    [7m63[0m   through: ModelType | string | ThroughOptions;
    [7m  [0m [96m  ~~~~~~~[0m
    The expected type comes from property 'through' which is declared here on type 'BelongsToManyOptions'

TSError: тип Unable to compile TypeScript:
[96msrc/database/models/book.model.ts[0m:[93m46[0m:[93m5[0m - [91merror[0m[90m TS2322: [0mType '{ model: typeof BookAuthor; attributes: undefined[]; }' is not assignable to type 'string | ModelType | ThroughOptions'.
  Object literal may only specify known properties, and 'attributes' does not exist in type 'ModelType | ThroughOptions'.

[7m46[0m     attributes: [] // Exclude the BookAuthor attributes
[7m  [0m [91m    ~~~~~~~~~~~~~~[0m

  [96mnode_modules/sequelize/types/associations/belongs-to-many.d.ts[0m:[93m63[0m:[93m3[0m
    [7m63[0m   through: ModelType | string | ThroughOptions;
    [7m  [0m [96m  ~~~~~~~[0m
    The expected type comes from property 'through' which is declared here on type 'BelongsToManyOptions'

    at createTSError (C:\Users\Intelory\Desktop\LD\node_modules\ts-node\src\index.ts:859:12)
    at reportTSError (C:\Users\Intelory\Desktop\LD\node_modules\ts-node\src\index.ts:863:19)
    at getOutput (C:\Users\Intelory\Desktop\LD\node_modules\ts-node\src\index.ts:1077:36)
    at Object.compile (C:\Users\Intelory\Desktop\LD\node_modules\ts-node\src\index.ts:1433:41)
    at Module.m._compile (C:\Users\Intelory\Desktop\LD\node_modules\ts-node\src\index.ts:1617:30)
    at Module._extensions..js (node:internal/modules/cjs/loader:1308:10)
    at Object.require.extensions.<computed> [as .ts] (C:\Users\Intelory\Desktop\LD\node_modules\ts-node\src\index.ts:1621:12)
    at Module.load (node:internal/modules/cjs/loader:1117:32)
    at Function.Module._load (node:internal/modules/cjs/loader:958:12)
    at Module.require (node:internal/modules/cjs/loader:1141:19)
[2023-06-30 15:13:59] ERROR: uncaughtException: тип Unable to compile TypeScript:
[96msrc/database/models/book.model.ts[0m:[93m46[0m:[93m5[0m - [91merror[0m[90m TS2322: [0mType '{ model: typeof BookAuthor; throughAttributes: undefined[]; }' is not assignable to type 'string | ModelType | ThroughOptions'.
  Object literal may only specify known properties, and 'throughAttributes' does not exist in type 'ModelType | ThroughOptions'.

[7m46[0m     throughAttributes: [] // Exclude the BookAuthor attributes
[7m  [0m [91m    ~~~~~~~~~~~~~~~~~~~~~[0m

  [96mnode_modules/sequelize/types/associations/belongs-to-many.d.ts[0m:[93m63[0m:[93m3[0m
    [7m63[0m   through: ModelType | string | ThroughOptions;
    [7m  [0m [96m  ~~~~~~~[0m
    The expected type comes from property 'through' which is declared here on type 'BelongsToManyOptions'

TSError: тип Unable to compile TypeScript:
[96msrc/database/models/book.model.ts[0m:[93m46[0m:[93m5[0m - [91merror[0m[90m TS2322: [0mType '{ model: typeof BookAuthor; throughAttributes: undefined[]; }' is not assignable to type 'string | ModelType | ThroughOptions'.
  Object literal may only specify known properties, and 'throughAttributes' does not exist in type 'ModelType | ThroughOptions'.

[7m46[0m     throughAttributes: [] // Exclude the BookAuthor attributes
[7m  [0m [91m    ~~~~~~~~~~~~~~~~~~~~~[0m

  [96mnode_modules/sequelize/types/associations/belongs-to-many.d.ts[0m:[93m63[0m:[93m3[0m
    [7m63[0m   through: ModelType | string | ThroughOptions;
    [7m  [0m [96m  ~~~~~~~[0m
    The expected type comes from property 'through' which is declared here on type 'BelongsToManyOptions'

    at createTSError (C:\Users\Intelory\Desktop\LD\node_modules\ts-node\src\index.ts:859:12)
    at reportTSError (C:\Users\Intelory\Desktop\LD\node_modules\ts-node\src\index.ts:863:19)
    at getOutput (C:\Users\Intelory\Desktop\LD\node_modules\ts-node\src\index.ts:1077:36)
    at Object.compile (C:\Users\Intelory\Desktop\LD\node_modules\ts-node\src\index.ts:1433:41)
    at Module.m._compile (C:\Users\Intelory\Desktop\LD\node_modules\ts-node\src\index.ts:1617:30)
    at Module._extensions..js (node:internal/modules/cjs/loader:1308:10)
    at Object.require.extensions.<computed> [as .ts] (C:\Users\Intelory\Desktop\LD\node_modules\ts-node\src\index.ts:1621:12)
    at Module.load (node:internal/modules/cjs/loader:1117:32)
    at Function.Module._load (node:internal/modules/cjs/loader:958:12)
    at Module.require (node:internal/modules/cjs/loader:1141:19)
[2023-06-30 15:18:10] ERROR: uncaughtException: тип Unable to compile TypeScript:
[96msrc/services/book.service.ts[0m:[93m34[0m:[93m10[0m - [91merror[0m[90m TS2304: [0mCannot find name 'createBook'.

[7m34[0m   public createBook = async (data:IBookCreationData) : Promise<Book> => {
[7m  [0m [91m         ~~~~~~~~~~[0m
[96msrc/services/book.service.ts[0m:[93m43[0m:[93m20[0m - [91merror[0m[90m TS2532: [0mObject is possibly 'undefined'.

[7m43[0m       return await this.getBook(createdBook.id);
[7m  [0m [91m                   ~~~~[0m
[96msrc/services/book.service.ts[0m:[93m50[0m:[93m11[0m - [91merror[0m[90m TS2304: [0mCannot find name 'editBook'.

[7m50[0m    public editBook = async (id:number, data:IBookCreationData) : Promise<Book> => {
[7m  [0m [91m          ~~~~~~~~[0m
[96msrc/services/book.service.ts[0m:[93m57[0m:[93m20[0m - [91merror[0m[90m TS2532: [0mObject is possibly 'undefined'.

[7m57[0m       return await this.getBook(editedBook.id);
[7m  [0m [91m                   ~~~~[0m
[96msrc/services/book.service.ts[0m:[93m27[0m:[93m1[0m - [91merror[0m[90m TS1005: [0m',' expected.

[7m27[0m }]})
[7m  [0m [91m~[0m
[96msrc/services/book.service.ts[0m:[93m27[0m:[93m2[0m - [91merror[0m[90m TS1005: [0m',' expected.

[7m27[0m }]})
[7m  [0m [91m ~[0m
[96msrc/services/book.service.ts[0m:[93m27[0m:[93m3[0m - [91merror[0m[90m TS1135: [0mArgument expression expected.

[7m27[0m }]})
[7m  [0m [91m  ~[0m
[96msrc/services/book.service.ts[0m:[93m27[0m:[93m4[0m - [91merror[0m[90m TS1472: [0m'catch' or 'finally' expected.

[7m27[0m }]})
[7m  [0m [91m   ~[0m
[96msrc/services/book.service.ts[0m:[93m28[0m:[93m7[0m - [91merror[0m[90m TS1005: [0m';' expected.

[7m28[0m     } catch (error) {
[7m  [0m [91m      ~~~~~[0m
[96msrc/services/book.service.ts[0m:[93m34[0m:[93m3[0m - [91merror[0m[90m TS1128: [0mDeclaration or statement expected.

[7m34[0m   public createBook = async (data:IBookCreationData) : Promise<Book> => {
[7m  [0m [91m  ~~~~~~[0m
[96msrc/services/book.service.ts[0m:[93m50[0m:[93m4[0m - [91merror[0m[90m TS1128: [0mDeclaration or statement expected.

[7m50[0m    public editBook = async (id:number, data:IBookCreationData) : Promise<Book> => {
[7m  [0m [91m   ~~~~~~[0m
[96msrc/services/book.service.ts[0m:[93m63[0m:[93m1[0m - [91merror[0m[90m TS1128: [0mDeclaration or statement expected.

[7m63[0m }
[7m  [0m [91m~[0m

TSError: тип Unable to compile TypeScript:
[96msrc/services/book.service.ts[0m:[93m34[0m:[93m10[0m - [91merror[0m[90m TS2304: [0mCannot find name 'createBook'.

[7m34[0m   public createBook = async (data:IBookCreationData) : Promise<Book> => {
[7m  [0m [91m         ~~~~~~~~~~[0m
[96msrc/services/book.service.ts[0m:[93m43[0m:[93m20[0m - [91merror[0m[90m TS2532: [0mObject is possibly 'undefined'.

[7m43[0m       return await this.getBook(createdBook.id);
[7m  [0m [91m                   ~~~~[0m
[96msrc/services/book.service.ts[0m:[93m50[0m:[93m11[0m - [91merror[0m[90m TS2304: [0mCannot find name 'editBook'.

[7m50[0m    public editBook = async (id:number, data:IBookCreationData) : Promise<Book> => {
[7m  [0m [91m          ~~~~~~~~[0m
[96msrc/services/book.service.ts[0m:[93m57[0m:[93m20[0m - [91merror[0m[90m TS2532: [0mObject is possibly 'undefined'.

[7m57[0m       return await this.getBook(editedBook.id);
[7m  [0m [91m                   ~~~~[0m
[96msrc/services/book.service.ts[0m:[93m27[0m:[93m1[0m - [91merror[0m[90m TS1005: [0m',' expected.

[7m27[0m }]})
[7m  [0m [91m~[0m
[96msrc/services/book.service.ts[0m:[93m27[0m:[93m2[0m - [91merror[0m[90m TS1005: [0m',' expected.

[7m27[0m }]})
[7m  [0m [91m ~[0m
[96msrc/services/book.service.ts[0m:[93m27[0m:[93m3[0m - [91merror[0m[90m TS1135: [0mArgument expression expected.

[7m27[0m }]})
[7m  [0m [91m  ~[0m
[96msrc/services/book.service.ts[0m:[93m27[0m:[93m4[0m - [91merror[0m[90m TS1472: [0m'catch' or 'finally' expected.

[7m27[0m }]})
[7m  [0m [91m   ~[0m
[96msrc/services/book.service.ts[0m:[93m28[0m:[93m7[0m - [91merror[0m[90m TS1005: [0m';' expected.

[7m28[0m     } catch (error) {
[7m  [0m [91m      ~~~~~[0m
[96msrc/services/book.service.ts[0m:[93m34[0m:[93m3[0m - [91merror[0m[90m TS1128: [0mDeclaration or statement expected.

[7m34[0m   public createBook = async (data:IBookCreationData) : Promise<Book> => {
[7m  [0m [91m  ~~~~~~[0m
[96msrc/services/book.service.ts[0m:[93m50[0m:[93m4[0m - [91merror[0m[90m TS1128: [0mDeclaration or statement expected.

[7m50[0m    public editBook = async (id:number, data:IBookCreationData) : Promise<Book> => {
[7m  [0m [91m   ~~~~~~[0m
[96msrc/services/book.service.ts[0m:[93m63[0m:[93m1[0m - [91merror[0m[90m TS1128: [0mDeclaration or statement expected.

[7m63[0m }
[7m  [0m [91m~[0m

    at createTSError (C:\Users\Intelory\Desktop\LD\node_modules\ts-node\src\index.ts:859:12)
    at reportTSError (C:\Users\Intelory\Desktop\LD\node_modules\ts-node\src\index.ts:863:19)
    at getOutput (C:\Users\Intelory\Desktop\LD\node_modules\ts-node\src\index.ts:1077:36)
    at Object.compile (C:\Users\Intelory\Desktop\LD\node_modules\ts-node\src\index.ts:1433:41)
    at Module.m._compile (C:\Users\Intelory\Desktop\LD\node_modules\ts-node\src\index.ts:1617:30)
    at Module._extensions..js (node:internal/modules/cjs/loader:1308:10)
    at Object.require.extensions.<computed> [as .ts] (C:\Users\Intelory\Desktop\LD\node_modules\ts-node\src\index.ts:1621:12)
    at Module.load (node:internal/modules/cjs/loader:1117:32)
    at Function.Module._load (node:internal/modules/cjs/loader:958:12)
    at Module.require (node:internal/modules/cjs/loader:1141:19)
[2023-06-30 15:21:32] ERROR: Validation error: authors
[2023-06-30 15:21:44] ERROR: Validation error: authors
